ERROR - 2022-08-29 15:54:11 --> Error connecting to the database: Unknown database 'que'
CRITICAL - 2022-08-29 15:54:11 --> Unable to connect to the database.
Main connection [MySQLi]: Unknown database 'que'
#0 C:\xampp\htdocs\Que-v3\system\Database\BaseConnection.php(577): CodeIgniter\Database\BaseConnection->initialize()
#1 C:\xampp\htdocs\Que-v3\system\Database\BaseBuilder.php(1455): CodeIgniter\Database\BaseConnection->query('SELECT *\nFROM `...', Array, false)
#2 C:\xampp\htdocs\Que-v3\system\Model.php(210): CodeIgniter\Database\BaseBuilder->get()
#3 C:\xampp\htdocs\Que-v3\system\BaseModel.php(622): CodeIgniter\Model->doFirst()
#4 C:\xampp\htdocs\Que-v3\app\Validations\UserRules.php(10): CodeIgniter\BaseModel->first()
#5 C:\xampp\htdocs\Que-v3\system\Validation\Validation.php(292): App\Validations\UserRules->validateUser('aavc123', 'email,password', Array, NULL)
#6 C:\xampp\htdocs\Que-v3\system\Validation\Validation.php(157): CodeIgniter\Validation\Validation->processRules('password', 'password', 'aavc123', Array, Array)
#7 C:\xampp\htdocs\Que-v3\system\Controller.php(160): CodeIgniter\Validation\Validation->run()
#8 C:\xampp\htdocs\Que-v3\app\Controllers\Users.php(43): CodeIgniter\Controller->validate(Array, Array)
#9 C:\xampp\htdocs\Que-v3\system\CodeIgniter.php(832): App\Controllers\Users->login()
#10 C:\xampp\htdocs\Que-v3\system\CodeIgniter.php(419): CodeIgniter\CodeIgniter->runController(Object(App\Controllers\Users))
#11 C:\xampp\htdocs\Que-v3\system\CodeIgniter.php(326): CodeIgniter\CodeIgniter->handleRequest(NULL, Object(Config\Cache), false)
#12 C:\xampp\htdocs\Que-v3\public\index.php(37): CodeIgniter\CodeIgniter->run()
#13 {main}
ERROR - 2022-08-29 15:55:15 --> Table 'que.user' doesn't exist
CRITICAL - 2022-08-29 15:55:15 --> Table 'que.user' doesn't exist
#0 C:\xampp\htdocs\Que-v3\system\Database\MySQLi\Connection.php(292): mysqli->query('SELECT *\nFROM `...', 0)
#1 C:\xampp\htdocs\Que-v3\system\Database\BaseConnection.php(670): CodeIgniter\Database\MySQLi\Connection->execute('SELECT *\nFROM `...')
#2 C:\xampp\htdocs\Que-v3\system\Database\BaseConnection.php(598): CodeIgniter\Database\BaseConnection->simpleQuery('SELECT *\nFROM `...')
#3 C:\xampp\htdocs\Que-v3\system\Database\BaseBuilder.php(1455): CodeIgniter\Database\BaseConnection->query('SELECT *\nFROM `...', Array, false)
#4 C:\xampp\htdocs\Que-v3\system\Model.php(210): CodeIgniter\Database\BaseBuilder->get()
#5 C:\xampp\htdocs\Que-v3\system\BaseModel.php(622): CodeIgniter\Model->doFirst()
#6 C:\xampp\htdocs\Que-v3\app\Validations\UserRules.php(10): CodeIgniter\BaseModel->first()
#7 C:\xampp\htdocs\Que-v3\system\Validation\Validation.php(292): App\Validations\UserRules->validateUser('avsc12', 'email,password', Array, NULL)
#8 C:\xampp\htdocs\Que-v3\system\Validation\Validation.php(157): CodeIgniter\Validation\Validation->processRules('password', 'password', 'avsc12', Array, Array)
#9 C:\xampp\htdocs\Que-v3\system\Controller.php(160): CodeIgniter\Validation\Validation->run()
#10 C:\xampp\htdocs\Que-v3\app\Controllers\Users.php(43): CodeIgniter\Controller->validate(Array, Array)
#11 C:\xampp\htdocs\Que-v3\system\CodeIgniter.php(832): App\Controllers\Users->login()
#12 C:\xampp\htdocs\Que-v3\system\CodeIgniter.php(419): CodeIgniter\CodeIgniter->runController(Object(App\Controllers\Users))
#13 C:\xampp\htdocs\Que-v3\system\CodeIgniter.php(326): CodeIgniter\CodeIgniter->handleRequest(NULL, Object(Config\Cache), false)
#14 C:\xampp\htdocs\Que-v3\public\index.php(37): CodeIgniter\CodeIgniter->run()
#15 {main}
ERROR - 2022-08-29 16:20:04 --> Table 'que.appointment' doesn't exist
CRITICAL - 2022-08-29 16:20:04 --> Table 'que.appointment' doesn't exist
#0 C:\xampp\htdocs\Que-v3\system\Database\MySQLi\Connection.php(292): mysqli->query('SELECT *\nFROM `...', 0)
#1 C:\xampp\htdocs\Que-v3\system\Database\BaseConnection.php(670): CodeIgniter\Database\MySQLi\Connection->execute('SELECT *\nFROM `...')
#2 C:\xampp\htdocs\Que-v3\system\Database\BaseConnection.php(598): CodeIgniter\Database\BaseConnection->simpleQuery('SELECT *\nFROM `...')
#3 C:\xampp\htdocs\Que-v3\system\Database\BaseBuilder.php(1455): CodeIgniter\Database\BaseConnection->query('SELECT *\nFROM `...', Array, false)
#4 C:\xampp\htdocs\Que-v3\app\Models\AptModel.php(253): CodeIgniter\Database\BaseBuilder->get()
#5 C:\xampp\htdocs\Que-v3\app\Controllers\Users.php(159): App\Models\AptModel->checkAptDate()
#6 C:\xampp\htdocs\Que-v3\system\CodeIgniter.php(832): App\Controllers\Users->dashboard()
#7 C:\xampp\htdocs\Que-v3\system\CodeIgniter.php(419): CodeIgniter\CodeIgniter->runController(Object(App\Controllers\Users))
#8 C:\xampp\htdocs\Que-v3\system\CodeIgniter.php(326): CodeIgniter\CodeIgniter->handleRequest(NULL, Object(Config\Cache), false)
#9 C:\xampp\htdocs\Que-v3\public\index.php(37): CodeIgniter\CodeIgniter->run()
#10 {main}
CRITICAL - 2022-08-29 16:43:37 --> Trying to access array offset on value of type null
#0 C:\xampp\htdocs\Que-v3\app\Controllers\Users.php(206): CodeIgniter\Debug\Exceptions->errorHandler(8, 'Trying to acces...', 'C:\\xampp\\htdocs...', 206, Array)
#1 C:\xampp\htdocs\Que-v3\system\CodeIgniter.php(832): App\Controllers\Users->dashboard()
#2 C:\xampp\htdocs\Que-v3\system\CodeIgniter.php(419): CodeIgniter\CodeIgniter->runController(Object(App\Controllers\Users))
#3 C:\xampp\htdocs\Que-v3\system\CodeIgniter.php(326): CodeIgniter\CodeIgniter->handleRequest(NULL, Object(Config\Cache), false)
#4 C:\xampp\htdocs\Que-v3\public\index.php(37): CodeIgniter\CodeIgniter->run()
#5 {main}
