CRITICAL - 2022-08-18 01:33:02 --> The framework needs the following extension(s) installed and loaded: intl.
#0 C:\xampp\htdocs\Que-v3\system\CodeIgniter.php(219): CodeIgniter\Exceptions\FrameworkException::forMissingExtension('intl')
#1 C:\xampp\htdocs\Que-v3\system\CodeIgniter.php(177): CodeIgniter\CodeIgniter->resolvePlatformExtensions()
#2 C:\xampp\htdocs\Que-v3\system\bootstrap.php(146): CodeIgniter\CodeIgniter->initialize()
#3 C:\xampp\htdocs\Que-v3\public\index.php(28): require('C:\\xampp\\htdocs...')
#4 {main}
CRITICAL - 2022-08-18 01:33:03 --> The framework needs the following extension(s) installed and loaded: intl.
#0 C:\xampp\htdocs\Que-v3\system\CodeIgniter.php(219): CodeIgniter\Exceptions\FrameworkException::forMissingExtension('intl')
#1 C:\xampp\htdocs\Que-v3\system\CodeIgniter.php(177): CodeIgniter\CodeIgniter->resolvePlatformExtensions()
#2 C:\xampp\htdocs\Que-v3\system\bootstrap.php(146): CodeIgniter\CodeIgniter->initialize()
#3 C:\xampp\htdocs\Que-v3\public\index.php(28): require('C:\\xampp\\htdocs...')
#4 {main}
CRITICAL - 2022-08-18 01:34:12 --> The framework needs the following extension(s) installed and loaded: intl.
#0 C:\xampp\htdocs\Que-v3\system\CodeIgniter.php(219): CodeIgniter\Exceptions\FrameworkException::forMissingExtension('intl')
#1 C:\xampp\htdocs\Que-v3\system\CodeIgniter.php(177): CodeIgniter\CodeIgniter->resolvePlatformExtensions()
#2 C:\xampp\htdocs\Que-v3\system\bootstrap.php(146): CodeIgniter\CodeIgniter->initialize()
#3 C:\xampp\htdocs\Que-v3\public\index.php(28): require('C:\\xampp\\htdocs...')
#4 {main}
ERROR - 2022-08-18 07:36:18 --> Error connecting to the database: Unknown database 'que'
CRITICAL - 2022-08-18 07:36:18 --> Unable to connect to the database.
Main connection [MySQLi]: Unknown database 'que'
#0 C:\xampp\htdocs\Que-v3\system\Database\BaseConnection.php(577): CodeIgniter\Database\BaseConnection->initialize()
#1 C:\xampp\htdocs\Que-v3\system\Database\BaseBuilder.php(1588): CodeIgniter\Database\BaseConnection->query('SELECT *\nFROM `...', Array, false)
#2 C:\xampp\htdocs\Que-v3\app\Models\CompanyModel.php(49): CodeIgniter\Database\BaseBuilder->getWhere(Array)
#3 C:\xampp\htdocs\Que-v3\app\Controllers\Service.php(42): App\Models\CompanyModel->getListCompany()
#4 C:\xampp\htdocs\Que-v3\system\CodeIgniter.php(832): App\Controllers\Service->serviceList()
#5 C:\xampp\htdocs\Que-v3\system\CodeIgniter.php(419): CodeIgniter\CodeIgniter->runController(Object(App\Controllers\Service))
#6 C:\xampp\htdocs\Que-v3\system\CodeIgniter.php(326): CodeIgniter\CodeIgniter->handleRequest(NULL, Object(Config\Cache), false)
#7 C:\xampp\htdocs\Que-v3\public\index.php(37): CodeIgniter\CodeIgniter->run()
#8 {main}
