CRITICAL - 2022-09-06 02:24:35 --> Too few arguments to function App\Models\ServiceModel::getAptCancelService(), 0 passed in C:\xampp\htdocs\Que-v3\app\Views\company\companyAnal.php on line 39 and exactly 1 expected
#0 C:\xampp\htdocs\Que-v3\app\Views\company\companyAnal.php(39): App\Models\ServiceModel->getAptCancelService()
#1 C:\xampp\htdocs\Que-v3\system\View\View.php(210): include('C:\\xampp\\htdocs...')
#2 C:\xampp\htdocs\Que-v3\system\View\View.php(213): CodeIgniter\View\View->CodeIgniter\View\{closure}()
#3 C:\xampp\htdocs\Que-v3\system\Common.php(1089): CodeIgniter\View\View->render('company/company...', Array, true)
#4 C:\xampp\htdocs\Que-v3\app\Controllers\Company.php(117): view('company/company...')
#5 C:\xampp\htdocs\Que-v3\system\CodeIgniter.php(832): App\Controllers\Company->companyAnal('1')
#6 C:\xampp\htdocs\Que-v3\system\CodeIgniter.php(419): CodeIgniter\CodeIgniter->runController(Object(App\Controllers\Company))
#7 C:\xampp\htdocs\Que-v3\system\CodeIgniter.php(326): CodeIgniter\CodeIgniter->handleRequest(NULL, Object(Config\Cache), false)
#8 C:\xampp\htdocs\Que-v3\public\index.php(37): CodeIgniter\CodeIgniter->run()
#9 {main}
ERROR - 2022-09-06 02:24:52 --> Column 'serviceID' in where clause is ambiguous
CRITICAL - 2022-09-06 02:24:52 --> Column 'serviceID' in where clause is ambiguous
#0 C:\xampp\htdocs\Que-v3\system\Database\MySQLi\Connection.php(292): mysqli->query('SELECT *\nFROM `...', 0)
#1 C:\xampp\htdocs\Que-v3\system\Database\BaseConnection.php(670): CodeIgniter\Database\MySQLi\Connection->execute('SELECT *\nFROM `...')
#2 C:\xampp\htdocs\Que-v3\system\Database\BaseConnection.php(598): CodeIgniter\Database\BaseConnection->simpleQuery('SELECT *\nFROM `...')
#3 C:\xampp\htdocs\Que-v3\system\Database\BaseBuilder.php(1455): CodeIgniter\Database\BaseConnection->query('SELECT *\nFROM `...', Array, false)
#4 C:\xampp\htdocs\Que-v3\app\Models\ServiceModel.php(69): CodeIgniter\Database\BaseBuilder->get()
#5 C:\xampp\htdocs\Que-v3\app\Views\company\companyAnal.php(39): App\Models\ServiceModel->getAptCancelService('1')
#6 C:\xampp\htdocs\Que-v3\system\View\View.php(210): include('C:\\xampp\\htdocs...')
#7 C:\xampp\htdocs\Que-v3\system\View\View.php(213): CodeIgniter\View\View->CodeIgniter\View\{closure}()
#8 C:\xampp\htdocs\Que-v3\system\Common.php(1089): CodeIgniter\View\View->render('company/company...', Array, true)
#9 C:\xampp\htdocs\Que-v3\app\Controllers\Company.php(117): view('company/company...')
#10 C:\xampp\htdocs\Que-v3\system\CodeIgniter.php(832): App\Controllers\Company->companyAnal('1')
#11 C:\xampp\htdocs\Que-v3\system\CodeIgniter.php(419): CodeIgniter\CodeIgniter->runController(Object(App\Controllers\Company))
#12 C:\xampp\htdocs\Que-v3\system\CodeIgniter.php(326): CodeIgniter\CodeIgniter->handleRequest(NULL, Object(Config\Cache), false)
#13 C:\xampp\htdocs\Que-v3\public\index.php(37): CodeIgniter\CodeIgniter->run()
#14 {main}
CRITICAL - 2022-09-06 02:24:57 --> Undefined index: serserviceID
#0 C:\xampp\htdocs\Que-v3\app\Views\company\companyAnal.php(39): CodeIgniter\Debug\Exceptions->errorHandler(8, 'Undefined index...', 'C:\\xampp\\htdocs...', 39, Array)
#1 C:\xampp\htdocs\Que-v3\system\View\View.php(210): include('C:\\xampp\\htdocs...')
#2 C:\xampp\htdocs\Que-v3\system\View\View.php(213): CodeIgniter\View\View->CodeIgniter\View\{closure}()
#3 C:\xampp\htdocs\Que-v3\system\Common.php(1089): CodeIgniter\View\View->render('company/company...', Array, true)
#4 C:\xampp\htdocs\Que-v3\app\Controllers\Company.php(117): view('company/company...')
#5 C:\xampp\htdocs\Que-v3\system\CodeIgniter.php(832): App\Controllers\Company->companyAnal('1')
#6 C:\xampp\htdocs\Que-v3\system\CodeIgniter.php(419): CodeIgniter\CodeIgniter->runController(Object(App\Controllers\Company))
#7 C:\xampp\htdocs\Que-v3\system\CodeIgniter.php(326): CodeIgniter\CodeIgniter->handleRequest(NULL, Object(Config\Cache), false)
#8 C:\xampp\htdocs\Que-v3\public\index.php(37): CodeIgniter\CodeIgniter->run()
#9 {main}
CRITICAL - 2022-09-06 02:25:01 --> Undefined index: Service.serviceID
#0 C:\xampp\htdocs\Que-v3\app\Views\company\companyAnal.php(39): CodeIgniter\Debug\Exceptions->errorHandler(8, 'Undefined index...', 'C:\\xampp\\htdocs...', 39, Array)
#1 C:\xampp\htdocs\Que-v3\system\View\View.php(210): include('C:\\xampp\\htdocs...')
#2 C:\xampp\htdocs\Que-v3\system\View\View.php(213): CodeIgniter\View\View->CodeIgniter\View\{closure}()
#3 C:\xampp\htdocs\Que-v3\system\Common.php(1089): CodeIgniter\View\View->render('company/company...', Array, true)
#4 C:\xampp\htdocs\Que-v3\app\Controllers\Company.php(117): view('company/company...')
#5 C:\xampp\htdocs\Que-v3\system\CodeIgniter.php(832): App\Controllers\Company->companyAnal('1')
#6 C:\xampp\htdocs\Que-v3\system\CodeIgniter.php(419): CodeIgniter\CodeIgniter->runController(Object(App\Controllers\Company))
#7 C:\xampp\htdocs\Que-v3\system\CodeIgniter.php(326): CodeIgniter\CodeIgniter->handleRequest(NULL, Object(Config\Cache), false)
#8 C:\xampp\htdocs\Que-v3\public\index.php(37): CodeIgniter\CodeIgniter->run()
#9 {main}
ERROR - 2022-09-06 02:25:05 --> Column 'serviceID' in where clause is ambiguous
CRITICAL - 2022-09-06 02:25:05 --> Column 'serviceID' in where clause is ambiguous
#0 C:\xampp\htdocs\Que-v3\system\Database\MySQLi\Connection.php(292): mysqli->query('SELECT *\nFROM `...', 0)
#1 C:\xampp\htdocs\Que-v3\system\Database\BaseConnection.php(670): CodeIgniter\Database\MySQLi\Connection->execute('SELECT *\nFROM `...')
#2 C:\xampp\htdocs\Que-v3\system\Database\BaseConnection.php(598): CodeIgniter\Database\BaseConnection->simpleQuery('SELECT *\nFROM `...')
#3 C:\xampp\htdocs\Que-v3\system\Database\BaseBuilder.php(1455): CodeIgniter\Database\BaseConnection->query('SELECT *\nFROM `...', Array, false)
#4 C:\xampp\htdocs\Que-v3\app\Models\ServiceModel.php(69): CodeIgniter\Database\BaseBuilder->get()
#5 C:\xampp\htdocs\Que-v3\app\Views\company\companyAnal.php(39): App\Models\ServiceModel->getAptCancelService('1')
#6 C:\xampp\htdocs\Que-v3\system\View\View.php(210): include('C:\\xampp\\htdocs...')
#7 C:\xampp\htdocs\Que-v3\system\View\View.php(213): CodeIgniter\View\View->CodeIgniter\View\{closure}()
#8 C:\xampp\htdocs\Que-v3\system\Common.php(1089): CodeIgniter\View\View->render('company/company...', Array, true)
#9 C:\xampp\htdocs\Que-v3\app\Controllers\Company.php(117): view('company/company...')
#10 C:\xampp\htdocs\Que-v3\system\CodeIgniter.php(832): App\Controllers\Company->companyAnal('1')
#11 C:\xampp\htdocs\Que-v3\system\CodeIgniter.php(419): CodeIgniter\CodeIgniter->runController(Object(App\Controllers\Company))
#12 C:\xampp\htdocs\Que-v3\system\CodeIgniter.php(326): CodeIgniter\CodeIgniter->handleRequest(NULL, Object(Config\Cache), false)
#13 C:\xampp\htdocs\Que-v3\public\index.php(37): CodeIgniter\CodeIgniter->run()
#14 {main}
CRITICAL - 2022-09-06 02:34:01 --> Undefined variable: para
#0 C:\xampp\htdocs\Que-v3\app\Models\ServiceModel.php(55): CodeIgniter\Debug\Exceptions->errorHandler(8, 'Undefined varia...', 'C:\\xampp\\htdocs...', 55, Array)
#1 C:\xampp\htdocs\Que-v3\app\Views\company\companyAnal.php(39): App\Models\ServiceModel->getAptFinishService('1')
#2 C:\xampp\htdocs\Que-v3\system\View\View.php(210): include('C:\\xampp\\htdocs...')
#3 C:\xampp\htdocs\Que-v3\system\View\View.php(213): CodeIgniter\View\View->CodeIgniter\View\{closure}()
#4 C:\xampp\htdocs\Que-v3\system\Common.php(1089): CodeIgniter\View\View->render('company/company...', Array, true)
#5 C:\xampp\htdocs\Que-v3\app\Controllers\Company.php(117): view('company/company...')
#6 C:\xampp\htdocs\Que-v3\system\CodeIgniter.php(832): App\Controllers\Company->companyAnal('1')
#7 C:\xampp\htdocs\Que-v3\system\CodeIgniter.php(419): CodeIgniter\CodeIgniter->runController(Object(App\Controllers\Company))
#8 C:\xampp\htdocs\Que-v3\system\CodeIgniter.php(326): CodeIgniter\CodeIgniter->handleRequest(NULL, Object(Config\Cache), false)
#9 C:\xampp\htdocs\Que-v3\public\index.php(37): CodeIgniter\CodeIgniter->run()
#10 {main}
CRITICAL - 2022-09-06 02:37:04 --> Call to undefined method CodeIgniter\Database\MySQLi\Builder::getNumRows()
#0 C:\xampp\htdocs\Que-v3\app\Views\company\companyAnal.php(39): App\Models\ServiceModel->getAptFinishService('1')
#1 C:\xampp\htdocs\Que-v3\system\View\View.php(210): include('C:\\xampp\\htdocs...')
#2 C:\xampp\htdocs\Que-v3\system\View\View.php(213): CodeIgniter\View\View->CodeIgniter\View\{closure}()
#3 C:\xampp\htdocs\Que-v3\system\Common.php(1089): CodeIgniter\View\View->render('company/company...', Array, true)
#4 C:\xampp\htdocs\Que-v3\app\Controllers\Company.php(117): view('company/company...')
#5 C:\xampp\htdocs\Que-v3\system\CodeIgniter.php(832): App\Controllers\Company->companyAnal('1')
#6 C:\xampp\htdocs\Que-v3\system\CodeIgniter.php(419): CodeIgniter\CodeIgniter->runController(Object(App\Controllers\Company))
#7 C:\xampp\htdocs\Que-v3\system\CodeIgniter.php(326): CodeIgniter\CodeIgniter->handleRequest(NULL, Object(Config\Cache), false)
#8 C:\xampp\htdocs\Que-v3\public\index.php(37): CodeIgniter\CodeIgniter->run()
#9 {main}
CRITICAL - 2022-09-06 03:44:25 --> Undefined index: Count
#0 C:\xampp\htdocs\Que-v3\app\Views\company\companyAnal.php(43): CodeIgniter\Debug\Exceptions->errorHandler(8, 'Undefined index...', 'C:\\xampp\\htdocs...', 43, Array)
#1 C:\xampp\htdocs\Que-v3\system\View\View.php(210): include('C:\\xampp\\htdocs...')
#2 C:\xampp\htdocs\Que-v3\system\View\View.php(213): CodeIgniter\View\View->CodeIgniter\View\{closure}()
#3 C:\xampp\htdocs\Que-v3\system\Common.php(1089): CodeIgniter\View\View->render('company/company...', Array, true)
#4 C:\xampp\htdocs\Que-v3\app\Controllers\Company.php(117): view('company/company...')
#5 C:\xampp\htdocs\Que-v3\system\CodeIgniter.php(832): App\Controllers\Company->companyAnal('1')
#6 C:\xampp\htdocs\Que-v3\system\CodeIgniter.php(419): CodeIgniter\CodeIgniter->runController(Object(App\Controllers\Company))
#7 C:\xampp\htdocs\Que-v3\system\CodeIgniter.php(326): CodeIgniter\CodeIgniter->handleRequest(NULL, Object(Config\Cache), false)
#8 C:\xampp\htdocs\Que-v3\public\index.php(37): CodeIgniter\CodeIgniter->run()
#9 {main}
