CRITICAL - 2022-09-05 09:24:33 --> Undefined variable: currentTime
#0 C:\xampp\htdocs\Que-v3\app\Models\AptModel.php(119): CodeIgniter\Debug\Exceptions->errorHandler(8, 'Undefined varia...', 'C:\\xampp\\htdocs...', 119, Array)
#1 C:\xampp\htdocs\Que-v3\app\Controllers\Users.php(207): App\Models\AptModel->getAptRecordCustomer('3')
#2 C:\xampp\htdocs\Que-v3\system\CodeIgniter.php(832): App\Controllers\Users->dashboard()
#3 C:\xampp\htdocs\Que-v3\system\CodeIgniter.php(419): CodeIgniter\CodeIgniter->runController(Object(App\Controllers\Users))
#4 C:\xampp\htdocs\Que-v3\system\CodeIgniter.php(326): CodeIgniter\CodeIgniter->handleRequest(NULL, Object(Config\Cache), false)
#5 C:\xampp\htdocs\Que-v3\public\index.php(37): CodeIgniter\CodeIgniter->run()
#6 {main}
ERROR - 2022-09-05 09:26:18 --> You have an error in your SQL syntax; check the manual that corresponds to your MariaDB server version for the right syntax to use near '`=` = '2022-09-05'
AND `scheduleStartTime` >= '09:26:18'
AND `aptStatus` = 'A...' at line 7
CRITICAL - 2022-09-05 09:26:18 --> You have an error in your SQL syntax; check the manual that corresponds to your MariaDB server version for the right syntax to use near '`=` = '2022-09-05'
AND `scheduleStartTime` >= '09:26:18'
AND `aptStatus` = 'A...' at line 7
#0 C:\xampp\htdocs\Que-v3\system\Database\MySQLi\Connection.php(292): mysqli->query('SELECT *\nFROM `...', 0)
#1 C:\xampp\htdocs\Que-v3\system\Database\BaseConnection.php(670): CodeIgniter\Database\MySQLi\Connection->execute('SELECT *\nFROM `...')
#2 C:\xampp\htdocs\Que-v3\system\Database\BaseConnection.php(598): CodeIgniter\Database\BaseConnection->simpleQuery('SELECT *\nFROM `...')
#3 C:\xampp\htdocs\Que-v3\system\Database\BaseBuilder.php(1455): CodeIgniter\Database\BaseConnection->query('SELECT *\nFROM `...', Array, false)
#4 C:\xampp\htdocs\Que-v3\app\Models\AptModel.php(29): CodeIgniter\Database\BaseBuilder->get()
#5 C:\xampp\htdocs\Que-v3\app\Controllers\Users.php(205): App\Models\AptModel->getApt('2')
#6 C:\xampp\htdocs\Que-v3\system\CodeIgniter.php(832): App\Controllers\Users->dashboard()
#7 C:\xampp\htdocs\Que-v3\system\CodeIgniter.php(419): CodeIgniter\CodeIgniter->runController(Object(App\Controllers\Users))
#8 C:\xampp\htdocs\Que-v3\system\CodeIgniter.php(326): CodeIgniter\CodeIgniter->handleRequest(NULL, Object(Config\Cache), false)
#9 C:\xampp\htdocs\Que-v3\public\index.php(37): CodeIgniter\CodeIgniter->run()
#10 {main}
ERROR - 2022-09-05 09:30:51 --> Column 'scheduleDateID' in where clause is ambiguous
CRITICAL - 2022-09-05 09:30:51 --> Column 'scheduleDateID' in where clause is ambiguous
#0 C:\xampp\htdocs\Que-v3\system\Database\MySQLi\Connection.php(292): mysqli->query('SELECT *\nFROM `...', 0)
#1 C:\xampp\htdocs\Que-v3\system\Database\BaseConnection.php(670): CodeIgniter\Database\MySQLi\Connection->execute('SELECT *\nFROM `...')
#2 C:\xampp\htdocs\Que-v3\system\Database\BaseConnection.php(598): CodeIgniter\Database\BaseConnection->simpleQuery('SELECT *\nFROM `...')
#3 C:\xampp\htdocs\Que-v3\system\Database\BaseBuilder.php(1455): CodeIgniter\Database\BaseConnection->query('SELECT *\nFROM `...', Array, false)
#4 C:\xampp\htdocs\Que-v3\app\Models\AptModel.php(271): CodeIgniter\Database\BaseBuilder->get()
#5 C:\xampp\htdocs\Que-v3\app\Controllers\Users.php(162): App\Models\AptModel->checkAptTime('1')
#6 C:\xampp\htdocs\Que-v3\system\CodeIgniter.php(832): App\Controllers\Users->dashboard()
#7 C:\xampp\htdocs\Que-v3\system\CodeIgniter.php(419): CodeIgniter\CodeIgniter->runController(Object(App\Controllers\Users))
#8 C:\xampp\htdocs\Que-v3\system\CodeIgniter.php(326): CodeIgniter\CodeIgniter->handleRequest(NULL, Object(Config\Cache), false)
#9 C:\xampp\htdocs\Que-v3\public\index.php(37): CodeIgniter\CodeIgniter->run()
#10 {main}
CRITICAL - 2022-09-05 09:33:18 --> syntax error, unexpected '' (T_ENCAPSED_AND_WHITESPACE), expecting '-' or identifier (T_STRING) or variable (T_VARIABLE) or number (T_NUM_STRING)
#0 C:\xampp\htdocs\Que-v3\system\View\View.php(213): CodeIgniter\View\View->CodeIgniter\View\{closure}()
#1 C:\xampp\htdocs\Que-v3\system\Common.php(1089): CodeIgniter\View\View->render('user/dashboard', Array, true)
#2 C:\xampp\htdocs\Que-v3\app\Controllers\Users.php(214): view('user/dashboard')
#3 C:\xampp\htdocs\Que-v3\system\CodeIgniter.php(832): App\Controllers\Users->dashboard()
#4 C:\xampp\htdocs\Que-v3\system\CodeIgniter.php(419): CodeIgniter\CodeIgniter->runController(Object(App\Controllers\Users))
#5 C:\xampp\htdocs\Que-v3\system\CodeIgniter.php(326): CodeIgniter\CodeIgniter->handleRequest(NULL, Object(Config\Cache), false)
#6 C:\xampp\htdocs\Que-v3\public\index.php(37): CodeIgniter\CodeIgniter->run()
#7 {main}
CRITICAL - 2022-09-05 09:33:27 --> syntax error, unexpected '"?></h4>' (T_CONSTANT_ENCAPSED_STRING), expecting ';' or ','
#0 C:\xampp\htdocs\Que-v3\system\View\View.php(213): CodeIgniter\View\View->CodeIgniter\View\{closure}()
#1 C:\xampp\htdocs\Que-v3\system\Common.php(1089): CodeIgniter\View\View->render('user/dashboard', Array, true)
#2 C:\xampp\htdocs\Que-v3\app\Controllers\Users.php(214): view('user/dashboard')
#3 C:\xampp\htdocs\Que-v3\system\CodeIgniter.php(832): App\Controllers\Users->dashboard()
#4 C:\xampp\htdocs\Que-v3\system\CodeIgniter.php(419): CodeIgniter\CodeIgniter->runController(Object(App\Controllers\Users))
#5 C:\xampp\htdocs\Que-v3\system\CodeIgniter.php(326): CodeIgniter\CodeIgniter->handleRequest(NULL, Object(Config\Cache), false)
#6 C:\xampp\htdocs\Que-v3\public\index.php(37): CodeIgniter\CodeIgniter->run()
#7 {main}
CRITICAL - 2022-09-05 09:52:30 --> Undefined index: scheduleDate
#0 C:\xampp\htdocs\Que-v3\app\Views\schedule\viewTime.php(15): CodeIgniter\Debug\Exceptions->errorHandler(8, 'Undefined index...', 'C:\\xampp\\htdocs...', 15, Array)
#1 C:\xampp\htdocs\Que-v3\system\View\View.php(210): include('C:\\xampp\\htdocs...')
#2 C:\xampp\htdocs\Que-v3\system\View\View.php(213): CodeIgniter\View\View->CodeIgniter\View\{closure}()
#3 C:\xampp\htdocs\Que-v3\system\Common.php(1089): CodeIgniter\View\View->render('schedule/viewTi...', Array, true)
#4 C:\xampp\htdocs\Que-v3\app\Controllers\Schedule.php(150): view('schedule/viewTi...')
#5 C:\xampp\htdocs\Que-v3\system\CodeIgniter.php(832): app\Controllers\Schedule->viewTime('3')
#6 C:\xampp\htdocs\Que-v3\system\CodeIgniter.php(419): CodeIgniter\CodeIgniter->runController(Object(app\Controllers\Schedule))
#7 C:\xampp\htdocs\Que-v3\system\CodeIgniter.php(326): CodeIgniter\CodeIgniter->handleRequest(NULL, Object(Config\Cache), false)
#8 C:\xampp\htdocs\Que-v3\public\index.php(37): CodeIgniter\CodeIgniter->run()
#9 {main}
CRITICAL - 2022-09-05 11:54:28 --> Undefined variable: date
#0 C:\xampp\htdocs\Que-v3\app\Views\company\companyAnal.php(26): CodeIgniter\Debug\Exceptions->errorHandler(8, 'Undefined varia...', 'C:\\xampp\\htdocs...', 26, Array)
#1 C:\xampp\htdocs\Que-v3\system\View\View.php(210): include('C:\\xampp\\htdocs...')
#2 C:\xampp\htdocs\Que-v3\system\View\View.php(213): CodeIgniter\View\View->CodeIgniter\View\{closure}()
#3 C:\xampp\htdocs\Que-v3\system\Common.php(1089): CodeIgniter\View\View->render('company/company...', Array, true)
#4 C:\xampp\htdocs\Que-v3\app\Controllers\Company.php(120): view('company/company...')
#5 C:\xampp\htdocs\Que-v3\system\CodeIgniter.php(832): App\Controllers\Company->companyAnal('1')
#6 C:\xampp\htdocs\Que-v3\system\CodeIgniter.php(419): CodeIgniter\CodeIgniter->runController(Object(App\Controllers\Company))
#7 C:\xampp\htdocs\Que-v3\system\CodeIgniter.php(326): CodeIgniter\CodeIgniter->handleRequest(NULL, Object(Config\Cache), false)
#8 C:\xampp\htdocs\Que-v3\public\index.php(37): CodeIgniter\CodeIgniter->run()
#9 {main}
CRITICAL - 2022-09-05 11:54:29 --> Undefined variable: date
#0 C:\xampp\htdocs\Que-v3\app\Views\company\companyAnal.php(26): CodeIgniter\Debug\Exceptions->errorHandler(8, 'Undefined varia...', 'C:\\xampp\\htdocs...', 26, Array)
#1 C:\xampp\htdocs\Que-v3\system\View\View.php(210): include('C:\\xampp\\htdocs...')
#2 C:\xampp\htdocs\Que-v3\system\View\View.php(213): CodeIgniter\View\View->CodeIgniter\View\{closure}()
#3 C:\xampp\htdocs\Que-v3\system\Common.php(1089): CodeIgniter\View\View->render('company/company...', Array, true)
#4 C:\xampp\htdocs\Que-v3\app\Controllers\Company.php(120): view('company/company...')
#5 C:\xampp\htdocs\Que-v3\system\CodeIgniter.php(832): App\Controllers\Company->companyAnal('1')
#6 C:\xampp\htdocs\Que-v3\system\CodeIgniter.php(419): CodeIgniter\CodeIgniter->runController(Object(App\Controllers\Company))
#7 C:\xampp\htdocs\Que-v3\system\CodeIgniter.php(326): CodeIgniter\CodeIgniter->handleRequest(NULL, Object(Config\Cache), false)
#8 C:\xampp\htdocs\Que-v3\public\index.php(37): CodeIgniter\CodeIgniter->run()
#9 {main}
CRITICAL - 2022-09-05 11:58:17 --> Undefined variable: dt
#0 C:\xampp\htdocs\Que-v3\app\Views\company\companyAnal.php(28): CodeIgniter\Debug\Exceptions->errorHandler(8, 'Undefined varia...', 'C:\\xampp\\htdocs...', 28, Array)
#1 C:\xampp\htdocs\Que-v3\system\View\View.php(210): include('C:\\xampp\\htdocs...')
#2 C:\xampp\htdocs\Que-v3\system\View\View.php(213): CodeIgniter\View\View->CodeIgniter\View\{closure}()
#3 C:\xampp\htdocs\Que-v3\system\Common.php(1089): CodeIgniter\View\View->render('company/company...', Array, true)
#4 C:\xampp\htdocs\Que-v3\app\Controllers\Company.php(117): view('company/company...')
#5 C:\xampp\htdocs\Que-v3\system\CodeIgniter.php(832): App\Controllers\Company->companyAnal('1')
#6 C:\xampp\htdocs\Que-v3\system\CodeIgniter.php(419): CodeIgniter\CodeIgniter->runController(Object(App\Controllers\Company))
#7 C:\xampp\htdocs\Que-v3\system\CodeIgniter.php(326): CodeIgniter\CodeIgniter->handleRequest(NULL, Object(Config\Cache), false)
#8 C:\xampp\htdocs\Que-v3\public\index.php(37): CodeIgniter\CodeIgniter->run()
#9 {main}
CRITICAL - 2022-09-05 11:58:51 --> Undefined variable: currentDate
#0 C:\xampp\htdocs\Que-v3\app\Views\company\companyAnal.php(28): CodeIgniter\Debug\Exceptions->errorHandler(8, 'Undefined varia...', 'C:\\xampp\\htdocs...', 28, Array)
#1 C:\xampp\htdocs\Que-v3\system\View\View.php(210): include('C:\\xampp\\htdocs...')
#2 C:\xampp\htdocs\Que-v3\system\View\View.php(213): CodeIgniter\View\View->CodeIgniter\View\{closure}()
#3 C:\xampp\htdocs\Que-v3\system\Common.php(1089): CodeIgniter\View\View->render('company/company...', Array, true)
#4 C:\xampp\htdocs\Que-v3\app\Controllers\Company.php(117): view('company/company...')
#5 C:\xampp\htdocs\Que-v3\system\CodeIgniter.php(832): App\Controllers\Company->companyAnal('1')
#6 C:\xampp\htdocs\Que-v3\system\CodeIgniter.php(419): CodeIgniter\CodeIgniter->runController(Object(App\Controllers\Company))
#7 C:\xampp\htdocs\Que-v3\system\CodeIgniter.php(326): CodeIgniter\CodeIgniter->handleRequest(NULL, Object(Config\Cache), false)
#8 C:\xampp\htdocs\Que-v3\public\index.php(37): CodeIgniter\CodeIgniter->run()
#9 {main}
CRITICAL - 2022-09-05 11:59:36 --> Undefined variable: dt
#0 C:\xampp\htdocs\Que-v3\app\Views\company\companyAnal.php(35): CodeIgniter\Debug\Exceptions->errorHandler(8, 'Undefined varia...', 'C:\\xampp\\htdocs...', 35, Array)
#1 C:\xampp\htdocs\Que-v3\system\View\View.php(210): include('C:\\xampp\\htdocs...')
#2 C:\xampp\htdocs\Que-v3\system\View\View.php(213): CodeIgniter\View\View->CodeIgniter\View\{closure}()
#3 C:\xampp\htdocs\Que-v3\system\Common.php(1089): CodeIgniter\View\View->render('company/company...', Array, true)
#4 C:\xampp\htdocs\Que-v3\app\Controllers\Company.php(117): view('company/company...')
#5 C:\xampp\htdocs\Que-v3\system\CodeIgniter.php(832): App\Controllers\Company->companyAnal('1')
#6 C:\xampp\htdocs\Que-v3\system\CodeIgniter.php(419): CodeIgniter\CodeIgniter->runController(Object(App\Controllers\Company))
#7 C:\xampp\htdocs\Que-v3\system\CodeIgniter.php(326): CodeIgniter\CodeIgniter->handleRequest(NULL, Object(Config\Cache), false)
#8 C:\xampp\htdocs\Que-v3\public\index.php(37): CodeIgniter\CodeIgniter->run()
#9 {main}
CRITICAL - 2022-09-05 11:59:41 --> Undefined variable: dt
#0 C:\xampp\htdocs\Que-v3\app\Views\company\companyAnal.php(35): CodeIgniter\Debug\Exceptions->errorHandler(8, 'Undefined varia...', 'C:\\xampp\\htdocs...', 35, Array)
#1 C:\xampp\htdocs\Que-v3\system\View\View.php(210): include('C:\\xampp\\htdocs...')
#2 C:\xampp\htdocs\Que-v3\system\View\View.php(213): CodeIgniter\View\View->CodeIgniter\View\{closure}()
#3 C:\xampp\htdocs\Que-v3\system\Common.php(1089): CodeIgniter\View\View->render('company/company...', Array, true)
#4 C:\xampp\htdocs\Que-v3\app\Controllers\Company.php(117): view('company/company...')
#5 C:\xampp\htdocs\Que-v3\system\CodeIgniter.php(832): App\Controllers\Company->companyAnal('1')
#6 C:\xampp\htdocs\Que-v3\system\CodeIgniter.php(419): CodeIgniter\CodeIgniter->runController(Object(App\Controllers\Company))
#7 C:\xampp\htdocs\Que-v3\system\CodeIgniter.php(326): CodeIgniter\CodeIgniter->handleRequest(NULL, Object(Config\Cache), false)
#8 C:\xampp\htdocs\Que-v3\public\index.php(37): CodeIgniter\CodeIgniter->run()
#9 {main}
CRITICAL - 2022-09-05 11:59:44 --> syntax error, unexpected 'endif' (T_ENDIF)
#0 C:\xampp\htdocs\Que-v3\system\View\View.php(213): CodeIgniter\View\View->CodeIgniter\View\{closure}()
#1 C:\xampp\htdocs\Que-v3\system\Common.php(1089): CodeIgniter\View\View->render('company/company...', Array, true)
#2 C:\xampp\htdocs\Que-v3\app\Controllers\Company.php(117): view('company/company...')
#3 C:\xampp\htdocs\Que-v3\system\CodeIgniter.php(832): App\Controllers\Company->companyAnal('1')
#4 C:\xampp\htdocs\Que-v3\system\CodeIgniter.php(419): CodeIgniter\CodeIgniter->runController(Object(App\Controllers\Company))
#5 C:\xampp\htdocs\Que-v3\system\CodeIgniter.php(326): CodeIgniter\CodeIgniter->handleRequest(NULL, Object(Config\Cache), false)
#6 C:\xampp\htdocs\Que-v3\public\index.php(37): CodeIgniter\CodeIgniter->run()
#7 {main}
CRITICAL - 2022-09-05 12:03:21 --> Undefined variable: apt
#0 C:\xampp\htdocs\Que-v3\app\Views\company\companyAnal.php(36): CodeIgniter\Debug\Exceptions->errorHandler(8, 'Undefined varia...', 'C:\\xampp\\htdocs...', 36, Array)
#1 C:\xampp\htdocs\Que-v3\system\View\View.php(210): include('C:\\xampp\\htdocs...')
#2 C:\xampp\htdocs\Que-v3\system\View\View.php(213): CodeIgniter\View\View->CodeIgniter\View\{closure}()
#3 C:\xampp\htdocs\Que-v3\system\Common.php(1089): CodeIgniter\View\View->render('company/company...', Array, true)
#4 C:\xampp\htdocs\Que-v3\app\Controllers\Company.php(117): view('company/company...')
#5 C:\xampp\htdocs\Que-v3\system\CodeIgniter.php(832): App\Controllers\Company->companyAnal('1')
#6 C:\xampp\htdocs\Que-v3\system\CodeIgniter.php(419): CodeIgniter\CodeIgniter->runController(Object(App\Controllers\Company))
#7 C:\xampp\htdocs\Que-v3\system\CodeIgniter.php(326): CodeIgniter\CodeIgniter->handleRequest(NULL, Object(Config\Cache), false)
#8 C:\xampp\htdocs\Que-v3\public\index.php(37): CodeIgniter\CodeIgniter->run()
#9 {main}
CRITICAL - 2022-09-05 12:03:48 --> Undefined variable: apt
#0 C:\xampp\htdocs\Que-v3\app\Views\company\companyAnal.php(29): CodeIgniter\Debug\Exceptions->errorHandler(8, 'Undefined varia...', 'C:\\xampp\\htdocs...', 29, Array)
#1 C:\xampp\htdocs\Que-v3\system\View\View.php(210): include('C:\\xampp\\htdocs...')
#2 C:\xampp\htdocs\Que-v3\system\View\View.php(213): CodeIgniter\View\View->CodeIgniter\View\{closure}()
#3 C:\xampp\htdocs\Que-v3\system\Common.php(1089): CodeIgniter\View\View->render('company/company...', Array, true)
#4 C:\xampp\htdocs\Que-v3\app\Controllers\Company.php(117): view('company/company...')
#5 C:\xampp\htdocs\Que-v3\system\CodeIgniter.php(832): App\Controllers\Company->companyAnal('1')
#6 C:\xampp\htdocs\Que-v3\system\CodeIgniter.php(419): CodeIgniter\CodeIgniter->runController(Object(App\Controllers\Company))
#7 C:\xampp\htdocs\Que-v3\system\CodeIgniter.php(326): CodeIgniter\CodeIgniter->handleRequest(NULL, Object(Config\Cache), false)
#8 C:\xampp\htdocs\Que-v3\public\index.php(37): CodeIgniter\CodeIgniter->run()
#9 {main}
CRITICAL - 2022-09-05 12:03:49 --> Undefined variable: apt
#0 C:\xampp\htdocs\Que-v3\app\Views\company\companyAnal.php(29): CodeIgniter\Debug\Exceptions->errorHandler(8, 'Undefined varia...', 'C:\\xampp\\htdocs...', 29, Array)
#1 C:\xampp\htdocs\Que-v3\system\View\View.php(210): include('C:\\xampp\\htdocs...')
#2 C:\xampp\htdocs\Que-v3\system\View\View.php(213): CodeIgniter\View\View->CodeIgniter\View\{closure}()
#3 C:\xampp\htdocs\Que-v3\system\Common.php(1089): CodeIgniter\View\View->render('company/company...', Array, true)
#4 C:\xampp\htdocs\Que-v3\app\Controllers\Company.php(117): view('company/company...')
#5 C:\xampp\htdocs\Que-v3\system\CodeIgniter.php(832): App\Controllers\Company->companyAnal('1')
#6 C:\xampp\htdocs\Que-v3\system\CodeIgniter.php(419): CodeIgniter\CodeIgniter->runController(Object(App\Controllers\Company))
#7 C:\xampp\htdocs\Que-v3\system\CodeIgniter.php(326): CodeIgniter\CodeIgniter->handleRequest(NULL, Object(Config\Cache), false)
#8 C:\xampp\htdocs\Que-v3\public\index.php(37): CodeIgniter\CodeIgniter->run()
#9 {main}
CRITICAL - 2022-09-05 12:03:49 --> Undefined variable: apt
#0 C:\xampp\htdocs\Que-v3\app\Views\company\companyAnal.php(29): CodeIgniter\Debug\Exceptions->errorHandler(8, 'Undefined varia...', 'C:\\xampp\\htdocs...', 29, Array)
#1 C:\xampp\htdocs\Que-v3\system\View\View.php(210): include('C:\\xampp\\htdocs...')
#2 C:\xampp\htdocs\Que-v3\system\View\View.php(213): CodeIgniter\View\View->CodeIgniter\View\{closure}()
#3 C:\xampp\htdocs\Que-v3\system\Common.php(1089): CodeIgniter\View\View->render('company/company...', Array, true)
#4 C:\xampp\htdocs\Que-v3\app\Controllers\Company.php(117): view('company/company...')
#5 C:\xampp\htdocs\Que-v3\system\CodeIgniter.php(832): App\Controllers\Company->companyAnal('1')
#6 C:\xampp\htdocs\Que-v3\system\CodeIgniter.php(419): CodeIgniter\CodeIgniter->runController(Object(App\Controllers\Company))
#7 C:\xampp\htdocs\Que-v3\system\CodeIgniter.php(326): CodeIgniter\CodeIgniter->handleRequest(NULL, Object(Config\Cache), false)
#8 C:\xampp\htdocs\Que-v3\public\index.php(37): CodeIgniter\CodeIgniter->run()
#9 {main}
CRITICAL - 2022-09-05 12:03:56 --> Undefined variable: apt
#0 C:\xampp\htdocs\Que-v3\app\Views\company\companyAnal.php(29): CodeIgniter\Debug\Exceptions->errorHandler(8, 'Undefined varia...', 'C:\\xampp\\htdocs...', 29, Array)
#1 C:\xampp\htdocs\Que-v3\system\View\View.php(210): include('C:\\xampp\\htdocs...')
#2 C:\xampp\htdocs\Que-v3\system\View\View.php(213): CodeIgniter\View\View->CodeIgniter\View\{closure}()
#3 C:\xampp\htdocs\Que-v3\system\Common.php(1089): CodeIgniter\View\View->render('company/company...', Array, true)
#4 C:\xampp\htdocs\Que-v3\app\Controllers\Company.php(117): view('company/company...')
#5 C:\xampp\htdocs\Que-v3\system\CodeIgniter.php(832): App\Controllers\Company->companyAnal('1')
#6 C:\xampp\htdocs\Que-v3\system\CodeIgniter.php(419): CodeIgniter\CodeIgniter->runController(Object(App\Controllers\Company))
#7 C:\xampp\htdocs\Que-v3\system\CodeIgniter.php(326): CodeIgniter\CodeIgniter->handleRequest(NULL, Object(Config\Cache), false)
#8 C:\xampp\htdocs\Que-v3\public\index.php(37): CodeIgniter\CodeIgniter->run()
#9 {main}
CRITICAL - 2022-09-05 12:03:57 --> Undefined variable: apt
#0 C:\xampp\htdocs\Que-v3\app\Views\company\companyAnal.php(29): CodeIgniter\Debug\Exceptions->errorHandler(8, 'Undefined varia...', 'C:\\xampp\\htdocs...', 29, Array)
#1 C:\xampp\htdocs\Que-v3\system\View\View.php(210): include('C:\\xampp\\htdocs...')
#2 C:\xampp\htdocs\Que-v3\system\View\View.php(213): CodeIgniter\View\View->CodeIgniter\View\{closure}()
#3 C:\xampp\htdocs\Que-v3\system\Common.php(1089): CodeIgniter\View\View->render('company/company...', Array, true)
#4 C:\xampp\htdocs\Que-v3\app\Controllers\Company.php(117): view('company/company...')
#5 C:\xampp\htdocs\Que-v3\system\CodeIgniter.php(832): App\Controllers\Company->companyAnal('1')
#6 C:\xampp\htdocs\Que-v3\system\CodeIgniter.php(419): CodeIgniter\CodeIgniter->runController(Object(App\Controllers\Company))
#7 C:\xampp\htdocs\Que-v3\system\CodeIgniter.php(326): CodeIgniter\CodeIgniter->handleRequest(NULL, Object(Config\Cache), false)
#8 C:\xampp\htdocs\Que-v3\public\index.php(37): CodeIgniter\CodeIgniter->run()
#9 {main}
CRITICAL - 2022-09-05 12:03:57 --> Undefined variable: apt
#0 C:\xampp\htdocs\Que-v3\app\Views\company\companyAnal.php(29): CodeIgniter\Debug\Exceptions->errorHandler(8, 'Undefined varia...', 'C:\\xampp\\htdocs...', 29, Array)
#1 C:\xampp\htdocs\Que-v3\system\View\View.php(210): include('C:\\xampp\\htdocs...')
#2 C:\xampp\htdocs\Que-v3\system\View\View.php(213): CodeIgniter\View\View->CodeIgniter\View\{closure}()
#3 C:\xampp\htdocs\Que-v3\system\Common.php(1089): CodeIgniter\View\View->render('company/company...', Array, true)
#4 C:\xampp\htdocs\Que-v3\app\Controllers\Company.php(117): view('company/company...')
#5 C:\xampp\htdocs\Que-v3\system\CodeIgniter.php(832): App\Controllers\Company->companyAnal('1')
#6 C:\xampp\htdocs\Que-v3\system\CodeIgniter.php(419): CodeIgniter\CodeIgniter->runController(Object(App\Controllers\Company))
#7 C:\xampp\htdocs\Que-v3\system\CodeIgniter.php(326): CodeIgniter\CodeIgniter->handleRequest(NULL, Object(Config\Cache), false)
#8 C:\xampp\htdocs\Que-v3\public\index.php(37): CodeIgniter\CodeIgniter->run()
#9 {main}
CRITICAL - 2022-09-05 12:03:57 --> Undefined variable: apt
#0 C:\xampp\htdocs\Que-v3\app\Views\company\companyAnal.php(29): CodeIgniter\Debug\Exceptions->errorHandler(8, 'Undefined varia...', 'C:\\xampp\\htdocs...', 29, Array)
#1 C:\xampp\htdocs\Que-v3\system\View\View.php(210): include('C:\\xampp\\htdocs...')
#2 C:\xampp\htdocs\Que-v3\system\View\View.php(213): CodeIgniter\View\View->CodeIgniter\View\{closure}()
#3 C:\xampp\htdocs\Que-v3\system\Common.php(1089): CodeIgniter\View\View->render('company/company...', Array, true)
#4 C:\xampp\htdocs\Que-v3\app\Controllers\Company.php(117): view('company/company...')
#5 C:\xampp\htdocs\Que-v3\system\CodeIgniter.php(832): App\Controllers\Company->companyAnal('1')
#6 C:\xampp\htdocs\Que-v3\system\CodeIgniter.php(419): CodeIgniter\CodeIgniter->runController(Object(App\Controllers\Company))
#7 C:\xampp\htdocs\Que-v3\system\CodeIgniter.php(326): CodeIgniter\CodeIgniter->handleRequest(NULL, Object(Config\Cache), false)
#8 C:\xampp\htdocs\Que-v3\public\index.php(37): CodeIgniter\CodeIgniter->run()
#9 {main}
CRITICAL - 2022-09-05 13:25:29 --> syntax error, unexpected '?>'
#0 C:\xampp\htdocs\Que-v3\system\View\View.php(213): CodeIgniter\View\View->CodeIgniter\View\{closure}()
#1 C:\xampp\htdocs\Que-v3\system\Common.php(1089): CodeIgniter\View\View->render('company/company...', Array, true)
#2 C:\xampp\htdocs\Que-v3\app\Controllers\Company.php(117): view('company/company...')
#3 C:\xampp\htdocs\Que-v3\system\CodeIgniter.php(832): App\Controllers\Company->companyAnal('1')
#4 C:\xampp\htdocs\Que-v3\system\CodeIgniter.php(419): CodeIgniter\CodeIgniter->runController(Object(App\Controllers\Company))
#5 C:\xampp\htdocs\Que-v3\system\CodeIgniter.php(326): CodeIgniter\CodeIgniter->handleRequest(NULL, Object(Config\Cache), false)
#6 C:\xampp\htdocs\Que-v3\public\index.php(37): CodeIgniter\CodeIgniter->run()
#7 {main}
CRITICAL - 2022-09-05 13:25:30 --> syntax error, unexpected '?>'
#0 C:\xampp\htdocs\Que-v3\system\View\View.php(213): CodeIgniter\View\View->CodeIgniter\View\{closure}()
#1 C:\xampp\htdocs\Que-v3\system\Common.php(1089): CodeIgniter\View\View->render('company/company...', Array, true)
#2 C:\xampp\htdocs\Que-v3\app\Controllers\Company.php(117): view('company/company...')
#3 C:\xampp\htdocs\Que-v3\system\CodeIgniter.php(832): App\Controllers\Company->companyAnal('1')
#4 C:\xampp\htdocs\Que-v3\system\CodeIgniter.php(419): CodeIgniter\CodeIgniter->runController(Object(App\Controllers\Company))
#5 C:\xampp\htdocs\Que-v3\system\CodeIgniter.php(326): CodeIgniter\CodeIgniter->handleRequest(NULL, Object(Config\Cache), false)
#6 C:\xampp\htdocs\Que-v3\public\index.php(37): CodeIgniter\CodeIgniter->run()
#7 {main}
CRITICAL - 2022-09-05 13:25:30 --> syntax error, unexpected '?>'
#0 C:\xampp\htdocs\Que-v3\system\View\View.php(213): CodeIgniter\View\View->CodeIgniter\View\{closure}()
#1 C:\xampp\htdocs\Que-v3\system\Common.php(1089): CodeIgniter\View\View->render('company/company...', Array, true)
#2 C:\xampp\htdocs\Que-v3\app\Controllers\Company.php(117): view('company/company...')
#3 C:\xampp\htdocs\Que-v3\system\CodeIgniter.php(832): App\Controllers\Company->companyAnal('1')
#4 C:\xampp\htdocs\Que-v3\system\CodeIgniter.php(419): CodeIgniter\CodeIgniter->runController(Object(App\Controllers\Company))
#5 C:\xampp\htdocs\Que-v3\system\CodeIgniter.php(326): CodeIgniter\CodeIgniter->handleRequest(NULL, Object(Config\Cache), false)
#6 C:\xampp\htdocs\Que-v3\public\index.php(37): CodeIgniter\CodeIgniter->run()
#7 {main}
CRITICAL - 2022-09-05 13:25:31 --> syntax error, unexpected '?>'
#0 C:\xampp\htdocs\Que-v3\system\View\View.php(213): CodeIgniter\View\View->CodeIgniter\View\{closure}()
#1 C:\xampp\htdocs\Que-v3\system\Common.php(1089): CodeIgniter\View\View->render('company/company...', Array, true)
#2 C:\xampp\htdocs\Que-v3\app\Controllers\Company.php(117): view('company/company...')
#3 C:\xampp\htdocs\Que-v3\system\CodeIgniter.php(832): App\Controllers\Company->companyAnal('1')
#4 C:\xampp\htdocs\Que-v3\system\CodeIgniter.php(419): CodeIgniter\CodeIgniter->runController(Object(App\Controllers\Company))
#5 C:\xampp\htdocs\Que-v3\system\CodeIgniter.php(326): CodeIgniter\CodeIgniter->handleRequest(NULL, Object(Config\Cache), false)
#6 C:\xampp\htdocs\Que-v3\public\index.php(37): CodeIgniter\CodeIgniter->run()
#7 {main}
CRITICAL - 2022-09-05 13:33:53 --> Undefined variable: srv
#0 C:\xampp\htdocs\Que-v3\app\Views\company\companyAnal.php(24): CodeIgniter\Debug\Exceptions->errorHandler(8, 'Undefined varia...', 'C:\\xampp\\htdocs...', 24, Array)
#1 C:\xampp\htdocs\Que-v3\system\View\View.php(210): include('C:\\xampp\\htdocs...')
#2 C:\xampp\htdocs\Que-v3\system\View\View.php(213): CodeIgniter\View\View->CodeIgniter\View\{closure}()
#3 C:\xampp\htdocs\Que-v3\system\Common.php(1089): CodeIgniter\View\View->render('company/company...', Array, true)
#4 C:\xampp\htdocs\Que-v3\app\Controllers\Company.php(117): view('company/company...')
#5 C:\xampp\htdocs\Que-v3\system\CodeIgniter.php(832): App\Controllers\Company->companyAnal('1')
#6 C:\xampp\htdocs\Que-v3\system\CodeIgniter.php(419): CodeIgniter\CodeIgniter->runController(Object(App\Controllers\Company))
#7 C:\xampp\htdocs\Que-v3\system\CodeIgniter.php(326): CodeIgniter\CodeIgniter->handleRequest(NULL, Object(Config\Cache), false)
#8 C:\xampp\htdocs\Que-v3\public\index.php(37): CodeIgniter\CodeIgniter->run()
#9 {main}
