CRITICAL - 2022-06-19 04:50:51 --> Undefined variable: page
#0 C:\xampp\htdocs\Que\app\Views\template\header.php(7): CodeIgniter\Debug\Exceptions->errorHandler(8, 'Undefined varia...', 'C:\\xampp\\htdocs...', 7, Array)
#1 C:\xampp\htdocs\Que\system\View\View.php(210): include('C:\\xampp\\htdocs...')
#2 C:\xampp\htdocs\Que\system\View\View.php(213): CodeIgniter\View\View->CodeIgniter\View\{closure}()
#3 C:\xampp\htdocs\Que\system\Common.php(1089): CodeIgniter\View\View->render('template/header', Array, true)
#4 C:\xampp\htdocs\Que\app\Controllers\Appointment.php(17): view('template/header', Array)
#5 C:\xampp\htdocs\Que\system\CodeIgniter.php(832): app\Controllers\Appointment->addAppointment('5')
#6 C:\xampp\htdocs\Que\system\CodeIgniter.php(419): CodeIgniter\CodeIgniter->runController(Object(app\Controllers\Appointment))
#7 C:\xampp\htdocs\Que\system\CodeIgniter.php(326): CodeIgniter\CodeIgniter->handleRequest(NULL, Object(Config\Cache), false)
#8 C:\xampp\htdocs\Que\public\index.php(37): CodeIgniter\CodeIgniter->run()
#9 {main}
CRITICAL - 2022-06-19 04:50:55 --> Undefined variable: timeID
#0 C:\xampp\htdocs\Que\app\Views\appointment\addAppointment.php(1): CodeIgniter\Debug\Exceptions->errorHandler(8, 'Undefined varia...', 'C:\\xampp\\htdocs...', 1, Array)
#1 C:\xampp\htdocs\Que\system\View\View.php(210): include('C:\\xampp\\htdocs...')
#2 C:\xampp\htdocs\Que\system\View\View.php(213): CodeIgniter\View\View->CodeIgniter\View\{closure}()
#3 C:\xampp\htdocs\Que\system\Common.php(1089): CodeIgniter\View\View->render('appointment/add...', Array, true)
#4 C:\xampp\htdocs\Que\app\Controllers\Appointment.php(18): view('appointment/add...')
#5 C:\xampp\htdocs\Que\system\CodeIgniter.php(832): app\Controllers\Appointment->addAppointment('5')
#6 C:\xampp\htdocs\Que\system\CodeIgniter.php(419): CodeIgniter\CodeIgniter->runController(Object(app\Controllers\Appointment))
#7 C:\xampp\htdocs\Que\system\CodeIgniter.php(326): CodeIgniter\CodeIgniter->handleRequest(NULL, Object(Config\Cache), false)
#8 C:\xampp\htdocs\Que\public\index.php(37): CodeIgniter\CodeIgniter->run()
#9 {main}
CRITICAL - 2022-06-19 04:55:21 --> Undefined variable: user
#0 C:\xampp\htdocs\Que\app\Views\user\profile.php(19): CodeIgniter\Debug\Exceptions->errorHandler(8, 'Undefined varia...', 'C:\\xampp\\htdocs...', 19, Array)
#1 C:\xampp\htdocs\Que\system\View\View.php(210): include('C:\\xampp\\htdocs...')
#2 C:\xampp\htdocs\Que\system\View\View.php(213): CodeIgniter\View\View->CodeIgniter\View\{closure}()
#3 C:\xampp\htdocs\Que\system\Common.php(1089): CodeIgniter\View\View->render('user/profile', Array, true)
#4 C:\xampp\htdocs\Que\app\Controllers\Appointment.php(18): view('user/profile')
#5 C:\xampp\htdocs\Que\system\CodeIgniter.php(832): App\Controllers\Appointment->addAppointment('5')
#6 C:\xampp\htdocs\Que\system\CodeIgniter.php(419): CodeIgniter\CodeIgniter->runController(Object(App\Controllers\Appointment))
#7 C:\xampp\htdocs\Que\system\CodeIgniter.php(326): CodeIgniter\CodeIgniter->handleRequest(NULL, Object(Config\Cache), false)
#8 C:\xampp\htdocs\Que\public\index.php(37): CodeIgniter\CodeIgniter->run()
#9 {main}
CRITICAL - 2022-06-19 04:56:32 --> Invalid file: apt/addApt.php
#0 C:\xampp\htdocs\Que\system\View\View.php(198): CodeIgniter\Exceptions\FrameworkException::forInvalidFile('apt/addApt.php')
#1 C:\xampp\htdocs\Que\system\Common.php(1089): CodeIgniter\View\View->render('apt/addApt', Array, true)
#2 C:\xampp\htdocs\Que\app\Controllers\Apt.php(18): view('apt/addApt')
#3 C:\xampp\htdocs\Que\system\CodeIgniter.php(832): App\Controllers\Apt->addApt('5')
#4 C:\xampp\htdocs\Que\system\CodeIgniter.php(419): CodeIgniter\CodeIgniter->runController(Object(App\Controllers\Apt))
#5 C:\xampp\htdocs\Que\system\CodeIgniter.php(326): CodeIgniter\CodeIgniter->handleRequest(NULL, Object(Config\Cache), false)
#6 C:\xampp\htdocs\Que\public\index.php(37): CodeIgniter\CodeIgniter->run()
#7 {main}
CRITICAL - 2022-06-19 05:11:55 --> Undefined variable: page
#0 C:\xampp\htdocs\Que\app\Views\template\header.php(7): CodeIgniter\Debug\Exceptions->errorHandler(8, 'Undefined varia...', 'C:\\xampp\\htdocs...', 7, Array)
#1 C:\xampp\htdocs\Que\system\View\View.php(210): include('C:\\xampp\\htdocs...')
#2 C:\xampp\htdocs\Que\system\View\View.php(213): CodeIgniter\View\View->CodeIgniter\View\{closure}()
#3 C:\xampp\htdocs\Que\system\Common.php(1089): CodeIgniter\View\View->render('template/header', Array, true)
#4 C:\xampp\htdocs\Que\app\Controllers\Apt.php(18): view('template/header', Array)
#5 C:\xampp\htdocs\Que\system\CodeIgniter.php(832): App\Controllers\Apt->addApt()
#6 C:\xampp\htdocs\Que\system\CodeIgniter.php(419): CodeIgniter\CodeIgniter->runController(Object(App\Controllers\Apt))
#7 C:\xampp\htdocs\Que\system\CodeIgniter.php(326): CodeIgniter\CodeIgniter->handleRequest(NULL, Object(Config\Cache), false)
#8 C:\xampp\htdocs\Que\public\index.php(37): CodeIgniter\CodeIgniter->run()
#9 {main}
CRITICAL - 2022-06-19 05:11:55 --> Undefined variable: page
#0 C:\xampp\htdocs\Que\app\Views\template\header.php(7): CodeIgniter\Debug\Exceptions->errorHandler(8, 'Undefined varia...', 'C:\\xampp\\htdocs...', 7, Array)
#1 C:\xampp\htdocs\Que\system\View\View.php(210): include('C:\\xampp\\htdocs...')
#2 C:\xampp\htdocs\Que\system\View\View.php(213): CodeIgniter\View\View->CodeIgniter\View\{closure}()
#3 C:\xampp\htdocs\Que\system\Common.php(1089): CodeIgniter\View\View->render('template/header', Array, true)
#4 C:\xampp\htdocs\Que\app\Controllers\Apt.php(18): view('template/header', Array)
#5 C:\xampp\htdocs\Que\system\CodeIgniter.php(832): App\Controllers\Apt->addApt()
#6 C:\xampp\htdocs\Que\system\CodeIgniter.php(419): CodeIgniter\CodeIgniter->runController(Object(App\Controllers\Apt))
#7 C:\xampp\htdocs\Que\system\CodeIgniter.php(326): CodeIgniter\CodeIgniter->handleRequest(NULL, Object(Config\Cache), false)
#8 C:\xampp\htdocs\Que\public\index.php(37): CodeIgniter\CodeIgniter->run()
#9 {main}
CRITICAL - 2022-06-19 05:11:56 --> Undefined variable: page
#0 C:\xampp\htdocs\Que\app\Views\template\header.php(7): CodeIgniter\Debug\Exceptions->errorHandler(8, 'Undefined varia...', 'C:\\xampp\\htdocs...', 7, Array)
#1 C:\xampp\htdocs\Que\system\View\View.php(210): include('C:\\xampp\\htdocs...')
#2 C:\xampp\htdocs\Que\system\View\View.php(213): CodeIgniter\View\View->CodeIgniter\View\{closure}()
#3 C:\xampp\htdocs\Que\system\Common.php(1089): CodeIgniter\View\View->render('template/header', Array, true)
#4 C:\xampp\htdocs\Que\app\Controllers\Apt.php(18): view('template/header', Array)
#5 C:\xampp\htdocs\Que\system\CodeIgniter.php(832): App\Controllers\Apt->addApt()
#6 C:\xampp\htdocs\Que\system\CodeIgniter.php(419): CodeIgniter\CodeIgniter->runController(Object(App\Controllers\Apt))
#7 C:\xampp\htdocs\Que\system\CodeIgniter.php(326): CodeIgniter\CodeIgniter->handleRequest(NULL, Object(Config\Cache), false)
#8 C:\xampp\htdocs\Que\public\index.php(37): CodeIgniter\CodeIgniter->run()
#9 {main}
CRITICAL - 2022-06-19 05:11:56 --> Undefined variable: page
#0 C:\xampp\htdocs\Que\app\Views\template\header.php(7): CodeIgniter\Debug\Exceptions->errorHandler(8, 'Undefined varia...', 'C:\\xampp\\htdocs...', 7, Array)
#1 C:\xampp\htdocs\Que\system\View\View.php(210): include('C:\\xampp\\htdocs...')
#2 C:\xampp\htdocs\Que\system\View\View.php(213): CodeIgniter\View\View->CodeIgniter\View\{closure}()
#3 C:\xampp\htdocs\Que\system\Common.php(1089): CodeIgniter\View\View->render('template/header', Array, true)
#4 C:\xampp\htdocs\Que\app\Controllers\Apt.php(18): view('template/header', Array)
#5 C:\xampp\htdocs\Que\system\CodeIgniter.php(832): App\Controllers\Apt->addApt()
#6 C:\xampp\htdocs\Que\system\CodeIgniter.php(419): CodeIgniter\CodeIgniter->runController(Object(App\Controllers\Apt))
#7 C:\xampp\htdocs\Que\system\CodeIgniter.php(326): CodeIgniter\CodeIgniter->handleRequest(NULL, Object(Config\Cache), false)
#8 C:\xampp\htdocs\Que\public\index.php(37): CodeIgniter\CodeIgniter->run()
#9 {main}
CRITICAL - 2022-06-19 05:11:56 --> Undefined variable: page
#0 C:\xampp\htdocs\Que\app\Views\template\header.php(7): CodeIgniter\Debug\Exceptions->errorHandler(8, 'Undefined varia...', 'C:\\xampp\\htdocs...', 7, Array)
#1 C:\xampp\htdocs\Que\system\View\View.php(210): include('C:\\xampp\\htdocs...')
#2 C:\xampp\htdocs\Que\system\View\View.php(213): CodeIgniter\View\View->CodeIgniter\View\{closure}()
#3 C:\xampp\htdocs\Que\system\Common.php(1089): CodeIgniter\View\View->render('template/header', Array, true)
#4 C:\xampp\htdocs\Que\app\Controllers\Apt.php(18): view('template/header', Array)
#5 C:\xampp\htdocs\Que\system\CodeIgniter.php(832): App\Controllers\Apt->addApt()
#6 C:\xampp\htdocs\Que\system\CodeIgniter.php(419): CodeIgniter\CodeIgniter->runController(Object(App\Controllers\Apt))
#7 C:\xampp\htdocs\Que\system\CodeIgniter.php(326): CodeIgniter\CodeIgniter->handleRequest(NULL, Object(Config\Cache), false)
#8 C:\xampp\htdocs\Que\public\index.php(37): CodeIgniter\CodeIgniter->run()
#9 {main}
ERROR - 2022-06-19 05:42:55 --> Column 'customerID' cannot be null
CRITICAL - 2022-06-19 05:42:55 --> Column 'customerID' cannot be null
#0 C:\xampp\htdocs\Que\system\Database\MySQLi\Connection.php(292): mysqli->query('INSERT INTO `ap...', 0)
#1 C:\xampp\htdocs\Que\system\Database\BaseConnection.php(670): CodeIgniter\Database\MySQLi\Connection->execute('INSERT INTO `ap...')
#2 C:\xampp\htdocs\Que\system\Database\BaseConnection.php(598): CodeIgniter\Database\BaseConnection->simpleQuery('INSERT INTO `ap...')
#3 C:\xampp\htdocs\Que\system\Database\BaseBuilder.php(1771): CodeIgniter\Database\BaseConnection->query('INSERT INTO `ap...', Array, false)
#4 C:\xampp\htdocs\Que\system\Model.php(239): CodeIgniter\Database\BaseBuilder->insert()
#5 C:\xampp\htdocs\Que\system\BaseModel.php(738): CodeIgniter\Model->doInsert(Array)
#6 C:\xampp\htdocs\Que\system\Model.php(625): CodeIgniter\BaseModel->insert(Array, false)
#7 C:\xampp\htdocs\Que\system\BaseModel.php(658): CodeIgniter\Model->insert(Array, false)
#8 C:\xampp\htdocs\Que\app\Controllers\Apt.php(35): CodeIgniter\BaseModel->save(Array)
#9 C:\xampp\htdocs\Que\system\CodeIgniter.php(832): App\Controllers\Apt->setApt('5')
#10 C:\xampp\htdocs\Que\system\CodeIgniter.php(419): CodeIgniter\CodeIgniter->runController(Object(App\Controllers\Apt))
#11 C:\xampp\htdocs\Que\system\CodeIgniter.php(326): CodeIgniter\CodeIgniter->handleRequest(NULL, Object(Config\Cache), false)
#12 C:\xampp\htdocs\Que\public\index.php(37): CodeIgniter\CodeIgniter->run()
#13 {main}
CRITICAL - 2022-06-19 11:19:23 --> Trying to access array offset on value of type null
#0 C:\xampp\htdocs\Que\app\Controllers\Users.php(172): CodeIgniter\Debug\Exceptions->errorHandler(8, 'Trying to acces...', 'C:\\xampp\\htdocs...', 172, Array)
#1 C:\xampp\htdocs\Que\system\CodeIgniter.php(832): App\Controllers\Users->dashboard()
#2 C:\xampp\htdocs\Que\system\CodeIgniter.php(419): CodeIgniter\CodeIgniter->runController(Object(App\Controllers\Users))
#3 C:\xampp\htdocs\Que\system\CodeIgniter.php(326): CodeIgniter\CodeIgniter->handleRequest(NULL, Object(Config\Cache), false)
#4 C:\xampp\htdocs\Que\public\index.php(37): CodeIgniter\CodeIgniter->run()
#5 {main}
ERROR - 2022-06-19 11:23:33 --> Unknown column 'scheduletime.serviceID' in 'on clause'
CRITICAL - 2022-06-19 11:23:33 --> Unknown column 'scheduletime.serviceID' in 'on clause'
#0 C:\xampp\htdocs\Que\system\Database\MySQLi\Connection.php(292): mysqli->query('SELECT *\nFROM `...', 0)
#1 C:\xampp\htdocs\Que\system\Database\BaseConnection.php(670): CodeIgniter\Database\MySQLi\Connection->execute('SELECT *\nFROM `...')
#2 C:\xampp\htdocs\Que\system\Database\BaseConnection.php(598): CodeIgniter\Database\BaseConnection->simpleQuery('SELECT *\nFROM `...')
#3 C:\xampp\htdocs\Que\system\Database\BaseBuilder.php(1455): CodeIgniter\Database\BaseConnection->query('SELECT *\nFROM `...', Array, false)
#4 C:\xampp\htdocs\Que\app\Models\AptModel.php(26): CodeIgniter\Database\BaseBuilder->get()
#5 C:\xampp\htdocs\Que\app\Controllers\Users.php(172): App\Models\AptModel->getApt('2')
#6 C:\xampp\htdocs\Que\system\CodeIgniter.php(832): App\Controllers\Users->dashboard()
#7 C:\xampp\htdocs\Que\system\CodeIgniter.php(419): CodeIgniter\CodeIgniter->runController(Object(App\Controllers\Users))
#8 C:\xampp\htdocs\Que\system\CodeIgniter.php(326): CodeIgniter\CodeIgniter->handleRequest(NULL, Object(Config\Cache), false)
#9 C:\xampp\htdocs\Que\public\index.php(37): CodeIgniter\CodeIgniter->run()
#10 {main}
CRITICAL - 2022-06-19 11:24:10 --> Undefined index: serviceName
#0 C:\xampp\htdocs\Que\app\Views\user\dashboard.php(14): CodeIgniter\Debug\Exceptions->errorHandler(8, 'Undefined index...', 'C:\\xampp\\htdocs...', 14, Array)
#1 C:\xampp\htdocs\Que\system\View\View.php(210): include('C:\\xampp\\htdocs...')
#2 C:\xampp\htdocs\Que\system\View\View.php(213): CodeIgniter\View\View->CodeIgniter\View\{closure}()
#3 C:\xampp\htdocs\Que\system\Common.php(1089): CodeIgniter\View\View->render('user/dashboard', Array, true)
#4 C:\xampp\htdocs\Que\app\Controllers\Users.php(175): view('user/dashboard')
#5 C:\xampp\htdocs\Que\system\CodeIgniter.php(832): App\Controllers\Users->dashboard()
#6 C:\xampp\htdocs\Que\system\CodeIgniter.php(419): CodeIgniter\CodeIgniter->runController(Object(App\Controllers\Users))
#7 C:\xampp\htdocs\Que\system\CodeIgniter.php(326): CodeIgniter\CodeIgniter->handleRequest(NULL, Object(Config\Cache), false)
#8 C:\xampp\htdocs\Que\public\index.php(37): CodeIgniter\CodeIgniter->run()
#9 {main}
CRITICAL - 2022-06-19 11:37:22 --> Undefined variable: user
#0 C:\xampp\htdocs\Que\app\Views\apt\viewApt.php(19): CodeIgniter\Debug\Exceptions->errorHandler(8, 'Undefined varia...', 'C:\\xampp\\htdocs...', 19, Array)
#1 C:\xampp\htdocs\Que\system\View\View.php(210): include('C:\\xampp\\htdocs...')
#2 C:\xampp\htdocs\Que\system\View\View.php(213): CodeIgniter\View\View->CodeIgniter\View\{closure}()
#3 C:\xampp\htdocs\Que\system\Common.php(1089): CodeIgniter\View\View->render('apt/viewApt', Array, true)
#4 C:\xampp\htdocs\Que\app\Controllers\Apt.php(51): view('apt/viewApt')
#5 C:\xampp\htdocs\Que\system\CodeIgniter.php(832): App\Controllers\Apt->viewApt('1')
#6 C:\xampp\htdocs\Que\system\CodeIgniter.php(419): CodeIgniter\CodeIgniter->runController(Object(App\Controllers\Apt))
#7 C:\xampp\htdocs\Que\system\CodeIgniter.php(326): CodeIgniter\CodeIgniter->handleRequest(NULL, Object(Config\Cache), false)
#8 C:\xampp\htdocs\Que\public\index.php(37): CodeIgniter\CodeIgniter->run()
#9 {main}
CRITICAL - 2022-06-19 11:40:48 --> Undefined variable: user
#0 C:\xampp\htdocs\Que\app\Views\apt\viewApt.php(18): CodeIgniter\Debug\Exceptions->errorHandler(8, 'Undefined varia...', 'C:\\xampp\\htdocs...', 18, Array)
#1 C:\xampp\htdocs\Que\system\View\View.php(210): include('C:\\xampp\\htdocs...')
#2 C:\xampp\htdocs\Que\system\View\View.php(213): CodeIgniter\View\View->CodeIgniter\View\{closure}()
#3 C:\xampp\htdocs\Que\system\Common.php(1089): CodeIgniter\View\View->render('apt/viewApt', Array, true)
#4 C:\xampp\htdocs\Que\app\Controllers\Apt.php(51): view('apt/viewApt')
#5 C:\xampp\htdocs\Que\system\CodeIgniter.php(832): App\Controllers\Apt->viewApt('1')
#6 C:\xampp\htdocs\Que\system\CodeIgniter.php(419): CodeIgniter\CodeIgniter->runController(Object(App\Controllers\Apt))
#7 C:\xampp\htdocs\Que\system\CodeIgniter.php(326): CodeIgniter\CodeIgniter->handleRequest(NULL, Object(Config\Cache), false)
#8 C:\xampp\htdocs\Que\public\index.php(37): CodeIgniter\CodeIgniter->run()
#9 {main}
CRITICAL - 2022-06-19 11:42:19 --> Undefined index: scheduleTime
#0 C:\xampp\htdocs\Que\app\Views\apt\viewApt.php(30): CodeIgniter\Debug\Exceptions->errorHandler(8, 'Undefined index...', 'C:\\xampp\\htdocs...', 30, Array)
#1 C:\xampp\htdocs\Que\system\View\View.php(210): include('C:\\xampp\\htdocs...')
#2 C:\xampp\htdocs\Que\system\View\View.php(213): CodeIgniter\View\View->CodeIgniter\View\{closure}()
#3 C:\xampp\htdocs\Que\system\Common.php(1089): CodeIgniter\View\View->render('apt/viewApt', Array, true)
#4 C:\xampp\htdocs\Que\app\Controllers\Apt.php(54): view('apt/viewApt')
#5 C:\xampp\htdocs\Que\system\CodeIgniter.php(832): App\Controllers\Apt->viewApt('1')
#6 C:\xampp\htdocs\Que\system\CodeIgniter.php(419): CodeIgniter\CodeIgniter->runController(Object(App\Controllers\Apt))
#7 C:\xampp\htdocs\Que\system\CodeIgniter.php(326): CodeIgniter\CodeIgniter->handleRequest(NULL, Object(Config\Cache), false)
#8 C:\xampp\htdocs\Que\public\index.php(37): CodeIgniter\CodeIgniter->run()
#9 {main}
CRITICAL - 2022-06-19 11:42:48 --> syntax error, unexpected '?>', expecting ']'
#0 C:\xampp\htdocs\Que\system\View\View.php(213): CodeIgniter\View\View->CodeIgniter\View\{closure}()
#1 C:\xampp\htdocs\Que\system\Common.php(1089): CodeIgniter\View\View->render('apt/viewApt', Array, true)
#2 C:\xampp\htdocs\Que\app\Controllers\Apt.php(54): view('apt/viewApt')
#3 C:\xampp\htdocs\Que\system\CodeIgniter.php(832): App\Controllers\Apt->viewApt('1')
#4 C:\xampp\htdocs\Que\system\CodeIgniter.php(419): CodeIgniter\CodeIgniter->runController(Object(App\Controllers\Apt))
#5 C:\xampp\htdocs\Que\system\CodeIgniter.php(326): CodeIgniter\CodeIgniter->handleRequest(NULL, Object(Config\Cache), false)
#6 C:\xampp\htdocs\Que\public\index.php(37): CodeIgniter\CodeIgniter->run()
#7 {main}
CRITICAL - 2022-06-19 12:07:41 --> Argument 1 passed to App\Validations\UserRules::is_exist() must be of the type array, string given, called in C:\xampp\htdocs\Que\system\Validation\Validation.php on line 292
#0 C:\xampp\htdocs\Que\system\Validation\Validation.php(292): App\Validations\UserRules->is_exist('customer1@test....', 'email', Array, NULL)
#1 C:\xampp\htdocs\Que\system\Validation\Validation.php(157): CodeIgniter\Validation\Validation->processRules('email', 'email', 'customer1@test....', Array, Array)
#2 C:\xampp\htdocs\Que\system\Controller.php(160): CodeIgniter\Validation\Validation->run()
#3 C:\xampp\htdocs\Que\app\Controllers\Users.php(244): CodeIgniter\Controller->validate(Array, Array)
#4 C:\xampp\htdocs\Que\system\CodeIgniter.php(832): App\Controllers\Users->editProfile()
#5 C:\xampp\htdocs\Que\system\CodeIgniter.php(419): CodeIgniter\CodeIgniter->runController(Object(App\Controllers\Users))
#6 C:\xampp\htdocs\Que\system\CodeIgniter.php(326): CodeIgniter\CodeIgniter->handleRequest(NULL, Object(Config\Cache), false)
#7 C:\xampp\htdocs\Que\public\index.php(37): CodeIgniter\CodeIgniter->run()
#8 {main}
CRITICAL - 2022-06-19 12:08:08 --> Argument 1 passed to App\Validations\UserRules::is_exist() must be of the type array, string given, called in C:\xampp\htdocs\Que\system\Validation\Validation.php on line 292
#0 C:\xampp\htdocs\Que\system\Validation\Validation.php(292): App\Validations\UserRules->is_exist('customer1@test....', 'email', Array, NULL)
#1 C:\xampp\htdocs\Que\system\Validation\Validation.php(157): CodeIgniter\Validation\Validation->processRules('email', 'email', 'customer1@test....', Array, Array)
#2 C:\xampp\htdocs\Que\system\Controller.php(160): CodeIgniter\Validation\Validation->run()
#3 C:\xampp\htdocs\Que\app\Controllers\Users.php(244): CodeIgniter\Controller->validate(Array, Array)
#4 C:\xampp\htdocs\Que\system\CodeIgniter.php(832): App\Controllers\Users->editProfile()
#5 C:\xampp\htdocs\Que\system\CodeIgniter.php(419): CodeIgniter\CodeIgniter->runController(Object(App\Controllers\Users))
#6 C:\xampp\htdocs\Que\system\CodeIgniter.php(326): CodeIgniter\CodeIgniter->handleRequest(NULL, Object(Config\Cache), false)
#7 C:\xampp\htdocs\Que\public\index.php(37): CodeIgniter\CodeIgniter->run()
#8 {main}
CRITICAL - 2022-06-19 12:08:25 --> Return value of App\Validations\UserRules::is_exist() must be of the type bool, none returned
#0 C:\xampp\htdocs\Que\system\Validation\Validation.php(292): App\Validations\UserRules->is_exist('customer1@test....', 'email', Array, NULL)
#1 C:\xampp\htdocs\Que\system\Validation\Validation.php(157): CodeIgniter\Validation\Validation->processRules('email', 'email', 'customer1@test....', Array, Array)
#2 C:\xampp\htdocs\Que\system\Controller.php(160): CodeIgniter\Validation\Validation->run()
#3 C:\xampp\htdocs\Que\app\Controllers\Users.php(244): CodeIgniter\Controller->validate(Array, Array)
#4 C:\xampp\htdocs\Que\system\CodeIgniter.php(832): App\Controllers\Users->editProfile()
#5 C:\xampp\htdocs\Que\system\CodeIgniter.php(419): CodeIgniter\CodeIgniter->runController(Object(App\Controllers\Users))
#6 C:\xampp\htdocs\Que\system\CodeIgniter.php(326): CodeIgniter\CodeIgniter->handleRequest(NULL, Object(Config\Cache), false)
#7 C:\xampp\htdocs\Que\public\index.php(37): CodeIgniter\CodeIgniter->run()
#8 {main}
CRITICAL - 2022-06-19 12:14:49 --> syntax error, unexpected ')'
#0 C:\xampp\htdocs\Que\system\Autoloader\Autoloader.php(241): CodeIgniter\Autoloader\Autoloader->includeFile('C:\\xampp\\htdocs...')
#1 C:\xampp\htdocs\Que\system\Autoloader\Autoloader.php(219): CodeIgniter\Autoloader\Autoloader->loadInNamespace('App\\Validations...')
#2 [internal function]: CodeIgniter\Autoloader\Autoloader->loadClass('App\\Validations...')
#3 C:\xampp\htdocs\Que\system\Validation\Validation.php(522): spl_autoload_call('App\\Validations...')
#4 C:\xampp\htdocs\Que\system\Validation\Validation.php(115): CodeIgniter\Validation\Validation->loadRuleSets()
#5 C:\xampp\htdocs\Que\system\Controller.php(160): CodeIgniter\Validation\Validation->run()
#6 C:\xampp\htdocs\Que\app\Controllers\Users.php(244): CodeIgniter\Controller->validate(Array, Array)
#7 C:\xampp\htdocs\Que\system\CodeIgniter.php(832): App\Controllers\Users->editProfile()
#8 C:\xampp\htdocs\Que\system\CodeIgniter.php(419): CodeIgniter\CodeIgniter->runController(Object(App\Controllers\Users))
#9 C:\xampp\htdocs\Que\system\CodeIgniter.php(326): CodeIgniter\CodeIgniter->handleRequest(NULL, Object(Config\Cache), false)
#10 C:\xampp\htdocs\Que\public\index.php(37): CodeIgniter\CodeIgniter->run()
#11 {main}
CRITICAL - 2022-06-19 12:21:38 --> Too few arguments to function App\Models\ScheduleTimeModel::getTimeList(), 0 passed in C:\xampp\htdocs\Que\app\Controllers\Service.php on line 28 and exactly 1 expected
#0 C:\xampp\htdocs\Que\app\Controllers\Service.php(28): App\Models\ScheduleTimeModel->getTimeList()
#1 C:\xampp\htdocs\Que\system\CodeIgniter.php(832): App\Controllers\Service->viewService('1')
#2 C:\xampp\htdocs\Que\system\CodeIgniter.php(419): CodeIgniter\CodeIgniter->runController(Object(App\Controllers\Service))
#3 C:\xampp\htdocs\Que\system\CodeIgniter.php(326): CodeIgniter\CodeIgniter->handleRequest(NULL, Object(Config\Cache), false)
#4 C:\xampp\htdocs\Que\public\index.php(37): CodeIgniter\CodeIgniter->run()
#5 {main}
CRITICAL - 2022-06-19 12:27:16 --> Trying to access array offset on value of type int
#0 C:\xampp\htdocs\Que\app\Controllers\Service.php(32): CodeIgniter\Debug\Exceptions->errorHandler(8, 'Trying to acces...', 'C:\\xampp\\htdocs...', 32, Array)
#1 C:\xampp\htdocs\Que\system\CodeIgniter.php(832): App\Controllers\Service->viewService('1')
#2 C:\xampp\htdocs\Que\system\CodeIgniter.php(419): CodeIgniter\CodeIgniter->runController(Object(App\Controllers\Service))
#3 C:\xampp\htdocs\Que\system\CodeIgniter.php(326): CodeIgniter\CodeIgniter->handleRequest(NULL, Object(Config\Cache), false)
#4 C:\xampp\htdocs\Que\public\index.php(37): CodeIgniter\CodeIgniter->run()
#5 {main}
CRITICAL - 2022-06-19 12:29:23 --> Undefined index: schedule
#0 C:\xampp\htdocs\Que\app\Controllers\Service.php(35): CodeIgniter\Debug\Exceptions->errorHandler(8, 'Undefined index...', 'C:\\xampp\\htdocs...', 35, Array)
#1 C:\xampp\htdocs\Que\system\CodeIgniter.php(832): App\Controllers\Service->viewService('1')
#2 C:\xampp\htdocs\Que\system\CodeIgniter.php(419): CodeIgniter\CodeIgniter->runController(Object(App\Controllers\Service))
#3 C:\xampp\htdocs\Que\system\CodeIgniter.php(326): CodeIgniter\CodeIgniter->handleRequest(NULL, Object(Config\Cache), false)
#4 C:\xampp\htdocs\Que\public\index.php(37): CodeIgniter\CodeIgniter->run()
#5 {main}
CRITICAL - 2022-06-19 12:29:52 --> Undefined index: scheduleDate
#0 C:\xampp\htdocs\Que\app\Views\service\viewService.php(57): CodeIgniter\Debug\Exceptions->errorHandler(8, 'Undefined index...', 'C:\\xampp\\htdocs...', 57, Array)
#1 C:\xampp\htdocs\Que\system\View\View.php(210): include('C:\\xampp\\htdocs...')
#2 C:\xampp\htdocs\Que\system\View\View.php(213): CodeIgniter\View\View->CodeIgniter\View\{closure}()
#3 C:\xampp\htdocs\Que\system\Common.php(1089): CodeIgniter\View\View->render('service/viewSer...', Array, true)
#4 C:\xampp\htdocs\Que\app\Controllers\Service.php(41): view('service/viewSer...')
#5 C:\xampp\htdocs\Que\system\CodeIgniter.php(832): App\Controllers\Service->viewService('1')
#6 C:\xampp\htdocs\Que\system\CodeIgniter.php(419): CodeIgniter\CodeIgniter->runController(Object(App\Controllers\Service))
#7 C:\xampp\htdocs\Que\system\CodeIgniter.php(326): CodeIgniter\CodeIgniter->handleRequest(NULL, Object(Config\Cache), false)
#8 C:\xampp\htdocs\Que\public\index.php(37): CodeIgniter\CodeIgniter->run()
#9 {main}
CRITICAL - 2022-06-19 12:30:17 --> syntax error, unexpected '$data' (T_VARIABLE)
#0 C:\xampp\htdocs\Que\system\Autoloader\Autoloader.php(241): CodeIgniter\Autoloader\Autoloader->includeFile('C:\\xampp\\htdocs...')
#1 C:\xampp\htdocs\Que\system\Autoloader\Autoloader.php(219): CodeIgniter\Autoloader\Autoloader->loadInNamespace('App\\Controllers...')
#2 [internal function]: CodeIgniter\Autoloader\Autoloader->loadClass('App\\Controllers...')
#3 [internal function]: spl_autoload_call('App\\Controllers...')
#4 C:\xampp\htdocs\Que\system\CodeIgniter.php(797): class_exists('\\App\\Controller...', true)
#5 C:\xampp\htdocs\Que\system\CodeIgniter.php(406): CodeIgniter\CodeIgniter->startController()
#6 C:\xampp\htdocs\Que\system\CodeIgniter.php(326): CodeIgniter\CodeIgniter->handleRequest(NULL, Object(Config\Cache), false)
#7 C:\xampp\htdocs\Que\public\index.php(37): CodeIgniter\CodeIgniter->run()
#8 {main}
CRITICAL - 2022-06-19 12:32:04 --> Illegal string offset 'scheduleTime'
#0 C:\xampp\htdocs\Que\app\Controllers\Service.php(34): CodeIgniter\Debug\Exceptions->errorHandler(2, 'Illegal string ...', 'C:\\xampp\\htdocs...', 34, Array)
#1 C:\xampp\htdocs\Que\system\CodeIgniter.php(832): App\Controllers\Service->viewService('1')
#2 C:\xampp\htdocs\Que\system\CodeIgniter.php(419): CodeIgniter\CodeIgniter->runController(Object(App\Controllers\Service))
#3 C:\xampp\htdocs\Que\system\CodeIgniter.php(326): CodeIgniter\CodeIgniter->handleRequest(NULL, Object(Config\Cache), false)
#4 C:\xampp\htdocs\Que\public\index.php(37): CodeIgniter\CodeIgniter->run()
#5 {main}
CRITICAL - 2022-06-19 12:32:25 --> [] operator not supported for strings
#0 C:\xampp\htdocs\Que\system\CodeIgniter.php(832): App\Controllers\Service->viewService('1')
#1 C:\xampp\htdocs\Que\system\CodeIgniter.php(419): CodeIgniter\CodeIgniter->runController(Object(App\Controllers\Service))
#2 C:\xampp\htdocs\Que\system\CodeIgniter.php(326): CodeIgniter\CodeIgniter->handleRequest(NULL, Object(Config\Cache), false)
#3 C:\xampp\htdocs\Que\public\index.php(37): CodeIgniter\CodeIgniter->run()
#4 {main}
CRITICAL - 2022-06-19 12:36:07 --> Undefined variable: time
#0 C:\xampp\htdocs\Que\app\Views\service\viewService.php(69): CodeIgniter\Debug\Exceptions->errorHandler(8, 'Undefined varia...', 'C:\\xampp\\htdocs...', 69, Array)
#1 C:\xampp\htdocs\Que\system\View\View.php(210): include('C:\\xampp\\htdocs...')
#2 C:\xampp\htdocs\Que\system\View\View.php(213): CodeIgniter\View\View->CodeIgniter\View\{closure}()
#3 C:\xampp\htdocs\Que\system\Common.php(1089): CodeIgniter\View\View->render('service/viewSer...', Array, true)
#4 C:\xampp\htdocs\Que\app\Controllers\Service.php(43): view('service/viewSer...')
#5 C:\xampp\htdocs\Que\system\CodeIgniter.php(832): App\Controllers\Service->viewService('1')
#6 C:\xampp\htdocs\Que\system\CodeIgniter.php(419): CodeIgniter\CodeIgniter->runController(Object(App\Controllers\Service))
#7 C:\xampp\htdocs\Que\system\CodeIgniter.php(326): CodeIgniter\CodeIgniter->handleRequest(NULL, Object(Config\Cache), false)
#8 C:\xampp\htdocs\Que\public\index.php(37): CodeIgniter\CodeIgniter->run()
#9 {main}
CRITICAL - 2022-06-19 12:36:30 --> Undefined variable: time
#0 C:\xampp\htdocs\Que\app\Views\service\viewService.php(69): CodeIgniter\Debug\Exceptions->errorHandler(8, 'Undefined varia...', 'C:\\xampp\\htdocs...', 69, Array)
#1 C:\xampp\htdocs\Que\system\View\View.php(210): include('C:\\xampp\\htdocs...')
#2 C:\xampp\htdocs\Que\system\View\View.php(213): CodeIgniter\View\View->CodeIgniter\View\{closure}()
#3 C:\xampp\htdocs\Que\system\Common.php(1089): CodeIgniter\View\View->render('service/viewSer...', Array, true)
#4 C:\xampp\htdocs\Que\app\Controllers\Service.php(43): view('service/viewSer...')
#5 C:\xampp\htdocs\Que\system\CodeIgniter.php(832): App\Controllers\Service->viewService('1')
#6 C:\xampp\htdocs\Que\system\CodeIgniter.php(419): CodeIgniter\CodeIgniter->runController(Object(App\Controllers\Service))
#7 C:\xampp\htdocs\Que\system\CodeIgniter.php(326): CodeIgniter\CodeIgniter->handleRequest(NULL, Object(Config\Cache), false)
#8 C:\xampp\htdocs\Que\public\index.php(37): CodeIgniter\CodeIgniter->run()
#9 {main}
CRITICAL - 2022-06-19 12:37:54 --> Undefined index: scheduleDateID
#0 C:\xampp\htdocs\Que\app\Views\service\viewService.php(70): CodeIgniter\Debug\Exceptions->errorHandler(8, 'Undefined index...', 'C:\\xampp\\htdocs...', 70, Array)
#1 C:\xampp\htdocs\Que\system\View\View.php(210): include('C:\\xampp\\htdocs...')
#2 C:\xampp\htdocs\Que\system\View\View.php(213): CodeIgniter\View\View->CodeIgniter\View\{closure}()
#3 C:\xampp\htdocs\Que\system\Common.php(1089): CodeIgniter\View\View->render('service/viewSer...', Array, true)
#4 C:\xampp\htdocs\Que\app\Controllers\Service.php(43): view('service/viewSer...')
#5 C:\xampp\htdocs\Que\system\CodeIgniter.php(832): App\Controllers\Service->viewService('1')
#6 C:\xampp\htdocs\Que\system\CodeIgniter.php(419): CodeIgniter\CodeIgniter->runController(Object(App\Controllers\Service))
#7 C:\xampp\htdocs\Que\system\CodeIgniter.php(326): CodeIgniter\CodeIgniter->handleRequest(NULL, Object(Config\Cache), false)
#8 C:\xampp\htdocs\Que\public\index.php(37): CodeIgniter\CodeIgniter->run()
#9 {main}
CRITICAL - 2022-06-19 12:38:57 --> Undefined index: scheduleDateID
#0 C:\xampp\htdocs\Que\app\Views\service\viewService.php(70): CodeIgniter\Debug\Exceptions->errorHandler(8, 'Undefined index...', 'C:\\xampp\\htdocs...', 70, Array)
#1 C:\xampp\htdocs\Que\system\View\View.php(210): include('C:\\xampp\\htdocs...')
#2 C:\xampp\htdocs\Que\system\View\View.php(213): CodeIgniter\View\View->CodeIgniter\View\{closure}()
#3 C:\xampp\htdocs\Que\system\Common.php(1089): CodeIgniter\View\View->render('service/viewSer...', Array, true)
#4 C:\xampp\htdocs\Que\app\Controllers\Service.php(43): view('service/viewSer...')
#5 C:\xampp\htdocs\Que\system\CodeIgniter.php(832): App\Controllers\Service->viewService('1')
#6 C:\xampp\htdocs\Que\system\CodeIgniter.php(419): CodeIgniter\CodeIgniter->runController(Object(App\Controllers\Service))
#7 C:\xampp\htdocs\Que\system\CodeIgniter.php(326): CodeIgniter\CodeIgniter->handleRequest(NULL, Object(Config\Cache), false)
#8 C:\xampp\htdocs\Que\public\index.php(37): CodeIgniter\CodeIgniter->run()
#9 {main}
CRITICAL - 2022-06-19 12:39:02 --> Undefined index: scheduleDateID
#0 C:\xampp\htdocs\Que\app\Views\service\viewService.php(70): CodeIgniter\Debug\Exceptions->errorHandler(8, 'Undefined index...', 'C:\\xampp\\htdocs...', 70, Array)
#1 C:\xampp\htdocs\Que\system\View\View.php(210): include('C:\\xampp\\htdocs...')
#2 C:\xampp\htdocs\Que\system\View\View.php(213): CodeIgniter\View\View->CodeIgniter\View\{closure}()
#3 C:\xampp\htdocs\Que\system\Common.php(1089): CodeIgniter\View\View->render('service/viewSer...', Array, true)
#4 C:\xampp\htdocs\Que\app\Controllers\Service.php(43): view('service/viewSer...')
#5 C:\xampp\htdocs\Que\system\CodeIgniter.php(832): App\Controllers\Service->viewService('1')
#6 C:\xampp\htdocs\Que\system\CodeIgniter.php(419): CodeIgniter\CodeIgniter->runController(Object(App\Controllers\Service))
#7 C:\xampp\htdocs\Que\system\CodeIgniter.php(326): CodeIgniter\CodeIgniter->handleRequest(NULL, Object(Config\Cache), false)
#8 C:\xampp\htdocs\Que\public\index.php(37): CodeIgniter\CodeIgniter->run()
#9 {main}
CRITICAL - 2022-06-19 12:40:09 --> Undefined index: scheduleDateID
#0 C:\xampp\htdocs\Que\app\Views\service\viewService.php(69): CodeIgniter\Debug\Exceptions->errorHandler(8, 'Undefined index...', 'C:\\xampp\\htdocs...', 69, Array)
#1 C:\xampp\htdocs\Que\system\View\View.php(210): include('C:\\xampp\\htdocs...')
#2 C:\xampp\htdocs\Que\system\View\View.php(213): CodeIgniter\View\View->CodeIgniter\View\{closure}()
#3 C:\xampp\htdocs\Que\system\Common.php(1089): CodeIgniter\View\View->render('service/viewSer...', Array, true)
#4 C:\xampp\htdocs\Que\app\Controllers\Service.php(43): view('service/viewSer...')
#5 C:\xampp\htdocs\Que\system\CodeIgniter.php(832): App\Controllers\Service->viewService('1')
#6 C:\xampp\htdocs\Que\system\CodeIgniter.php(419): CodeIgniter\CodeIgniter->runController(Object(App\Controllers\Service))
#7 C:\xampp\htdocs\Que\system\CodeIgniter.php(326): CodeIgniter\CodeIgniter->handleRequest(NULL, Object(Config\Cache), false)
#8 C:\xampp\htdocs\Que\public\index.php(37): CodeIgniter\CodeIgniter->run()
#9 {main}
CRITICAL - 2022-06-19 12:40:10 --> Undefined index: scheduleDateID
#0 C:\xampp\htdocs\Que\app\Views\service\viewService.php(69): CodeIgniter\Debug\Exceptions->errorHandler(8, 'Undefined index...', 'C:\\xampp\\htdocs...', 69, Array)
#1 C:\xampp\htdocs\Que\system\View\View.php(210): include('C:\\xampp\\htdocs...')
#2 C:\xampp\htdocs\Que\system\View\View.php(213): CodeIgniter\View\View->CodeIgniter\View\{closure}()
#3 C:\xampp\htdocs\Que\system\Common.php(1089): CodeIgniter\View\View->render('service/viewSer...', Array, true)
#4 C:\xampp\htdocs\Que\app\Controllers\Service.php(43): view('service/viewSer...')
#5 C:\xampp\htdocs\Que\system\CodeIgniter.php(832): App\Controllers\Service->viewService('1')
#6 C:\xampp\htdocs\Que\system\CodeIgniter.php(419): CodeIgniter\CodeIgniter->runController(Object(App\Controllers\Service))
#7 C:\xampp\htdocs\Que\system\CodeIgniter.php(326): CodeIgniter\CodeIgniter->handleRequest(NULL, Object(Config\Cache), false)
#8 C:\xampp\htdocs\Que\public\index.php(37): CodeIgniter\CodeIgniter->run()
#9 {main}
CRITICAL - 2022-06-19 12:40:10 --> Undefined index: scheduleDateID
#0 C:\xampp\htdocs\Que\app\Views\service\viewService.php(69): CodeIgniter\Debug\Exceptions->errorHandler(8, 'Undefined index...', 'C:\\xampp\\htdocs...', 69, Array)
#1 C:\xampp\htdocs\Que\system\View\View.php(210): include('C:\\xampp\\htdocs...')
#2 C:\xampp\htdocs\Que\system\View\View.php(213): CodeIgniter\View\View->CodeIgniter\View\{closure}()
#3 C:\xampp\htdocs\Que\system\Common.php(1089): CodeIgniter\View\View->render('service/viewSer...', Array, true)
#4 C:\xampp\htdocs\Que\app\Controllers\Service.php(43): view('service/viewSer...')
#5 C:\xampp\htdocs\Que\system\CodeIgniter.php(832): App\Controllers\Service->viewService('1')
#6 C:\xampp\htdocs\Que\system\CodeIgniter.php(419): CodeIgniter\CodeIgniter->runController(Object(App\Controllers\Service))
#7 C:\xampp\htdocs\Que\system\CodeIgniter.php(326): CodeIgniter\CodeIgniter->handleRequest(NULL, Object(Config\Cache), false)
#8 C:\xampp\htdocs\Que\public\index.php(37): CodeIgniter\CodeIgniter->run()
#9 {main}
CRITICAL - 2022-06-19 12:40:10 --> Undefined index: scheduleDateID
#0 C:\xampp\htdocs\Que\app\Views\service\viewService.php(69): CodeIgniter\Debug\Exceptions->errorHandler(8, 'Undefined index...', 'C:\\xampp\\htdocs...', 69, Array)
#1 C:\xampp\htdocs\Que\system\View\View.php(210): include('C:\\xampp\\htdocs...')
#2 C:\xampp\htdocs\Que\system\View\View.php(213): CodeIgniter\View\View->CodeIgniter\View\{closure}()
#3 C:\xampp\htdocs\Que\system\Common.php(1089): CodeIgniter\View\View->render('service/viewSer...', Array, true)
#4 C:\xampp\htdocs\Que\app\Controllers\Service.php(43): view('service/viewSer...')
#5 C:\xampp\htdocs\Que\system\CodeIgniter.php(832): App\Controllers\Service->viewService('1')
#6 C:\xampp\htdocs\Que\system\CodeIgniter.php(419): CodeIgniter\CodeIgniter->runController(Object(App\Controllers\Service))
#7 C:\xampp\htdocs\Que\system\CodeIgniter.php(326): CodeIgniter\CodeIgniter->handleRequest(NULL, Object(Config\Cache), false)
#8 C:\xampp\htdocs\Que\public\index.php(37): CodeIgniter\CodeIgniter->run()
#9 {main}
CRITICAL - 2022-06-19 12:40:10 --> Undefined index: scheduleDateID
#0 C:\xampp\htdocs\Que\app\Views\service\viewService.php(69): CodeIgniter\Debug\Exceptions->errorHandler(8, 'Undefined index...', 'C:\\xampp\\htdocs...', 69, Array)
#1 C:\xampp\htdocs\Que\system\View\View.php(210): include('C:\\xampp\\htdocs...')
#2 C:\xampp\htdocs\Que\system\View\View.php(213): CodeIgniter\View\View->CodeIgniter\View\{closure}()
#3 C:\xampp\htdocs\Que\system\Common.php(1089): CodeIgniter\View\View->render('service/viewSer...', Array, true)
#4 C:\xampp\htdocs\Que\app\Controllers\Service.php(43): view('service/viewSer...')
#5 C:\xampp\htdocs\Que\system\CodeIgniter.php(832): App\Controllers\Service->viewService('1')
#6 C:\xampp\htdocs\Que\system\CodeIgniter.php(419): CodeIgniter\CodeIgniter->runController(Object(App\Controllers\Service))
#7 C:\xampp\htdocs\Que\system\CodeIgniter.php(326): CodeIgniter\CodeIgniter->handleRequest(NULL, Object(Config\Cache), false)
#8 C:\xampp\htdocs\Que\public\index.php(37): CodeIgniter\CodeIgniter->run()
#9 {main}
CRITICAL - 2022-06-19 12:40:11 --> Undefined index: scheduleDateID
#0 C:\xampp\htdocs\Que\app\Views\service\viewService.php(69): CodeIgniter\Debug\Exceptions->errorHandler(8, 'Undefined index...', 'C:\\xampp\\htdocs...', 69, Array)
#1 C:\xampp\htdocs\Que\system\View\View.php(210): include('C:\\xampp\\htdocs...')
#2 C:\xampp\htdocs\Que\system\View\View.php(213): CodeIgniter\View\View->CodeIgniter\View\{closure}()
#3 C:\xampp\htdocs\Que\system\Common.php(1089): CodeIgniter\View\View->render('service/viewSer...', Array, true)
#4 C:\xampp\htdocs\Que\app\Controllers\Service.php(43): view('service/viewSer...')
#5 C:\xampp\htdocs\Que\system\CodeIgniter.php(832): App\Controllers\Service->viewService('1')
#6 C:\xampp\htdocs\Que\system\CodeIgniter.php(419): CodeIgniter\CodeIgniter->runController(Object(App\Controllers\Service))
#7 C:\xampp\htdocs\Que\system\CodeIgniter.php(326): CodeIgniter\CodeIgniter->handleRequest(NULL, Object(Config\Cache), false)
#8 C:\xampp\htdocs\Que\public\index.php(37): CodeIgniter\CodeIgniter->run()
#9 {main}
CRITICAL - 2022-06-19 12:41:07 --> Undefined index: scheduleDateID
#0 C:\xampp\htdocs\Que\app\Views\service\viewService.php(71): CodeIgniter\Debug\Exceptions->errorHandler(8, 'Undefined index...', 'C:\\xampp\\htdocs...', 71, Array)
#1 C:\xampp\htdocs\Que\system\View\View.php(210): include('C:\\xampp\\htdocs...')
#2 C:\xampp\htdocs\Que\system\View\View.php(213): CodeIgniter\View\View->CodeIgniter\View\{closure}()
#3 C:\xampp\htdocs\Que\system\Common.php(1089): CodeIgniter\View\View->render('service/viewSer...', Array, true)
#4 C:\xampp\htdocs\Que\app\Controllers\Service.php(43): view('service/viewSer...')
#5 C:\xampp\htdocs\Que\system\CodeIgniter.php(832): App\Controllers\Service->viewService('1')
#6 C:\xampp\htdocs\Que\system\CodeIgniter.php(419): CodeIgniter\CodeIgniter->runController(Object(App\Controllers\Service))
#7 C:\xampp\htdocs\Que\system\CodeIgniter.php(326): CodeIgniter\CodeIgniter->handleRequest(NULL, Object(Config\Cache), false)
#8 C:\xampp\htdocs\Que\public\index.php(37): CodeIgniter\CodeIgniter->run()
#9 {main}
CRITICAL - 2022-06-19 12:41:07 --> Undefined index: scheduleDateID
#0 C:\xampp\htdocs\Que\app\Views\service\viewService.php(71): CodeIgniter\Debug\Exceptions->errorHandler(8, 'Undefined index...', 'C:\\xampp\\htdocs...', 71, Array)
#1 C:\xampp\htdocs\Que\system\View\View.php(210): include('C:\\xampp\\htdocs...')
#2 C:\xampp\htdocs\Que\system\View\View.php(213): CodeIgniter\View\View->CodeIgniter\View\{closure}()
#3 C:\xampp\htdocs\Que\system\Common.php(1089): CodeIgniter\View\View->render('service/viewSer...', Array, true)
#4 C:\xampp\htdocs\Que\app\Controllers\Service.php(43): view('service/viewSer...')
#5 C:\xampp\htdocs\Que\system\CodeIgniter.php(832): App\Controllers\Service->viewService('1')
#6 C:\xampp\htdocs\Que\system\CodeIgniter.php(419): CodeIgniter\CodeIgniter->runController(Object(App\Controllers\Service))
#7 C:\xampp\htdocs\Que\system\CodeIgniter.php(326): CodeIgniter\CodeIgniter->handleRequest(NULL, Object(Config\Cache), false)
#8 C:\xampp\htdocs\Que\public\index.php(37): CodeIgniter\CodeIgniter->run()
#9 {main}
CRITICAL - 2022-06-19 12:41:07 --> Undefined index: scheduleDateID
#0 C:\xampp\htdocs\Que\app\Views\service\viewService.php(71): CodeIgniter\Debug\Exceptions->errorHandler(8, 'Undefined index...', 'C:\\xampp\\htdocs...', 71, Array)
#1 C:\xampp\htdocs\Que\system\View\View.php(210): include('C:\\xampp\\htdocs...')
#2 C:\xampp\htdocs\Que\system\View\View.php(213): CodeIgniter\View\View->CodeIgniter\View\{closure}()
#3 C:\xampp\htdocs\Que\system\Common.php(1089): CodeIgniter\View\View->render('service/viewSer...', Array, true)
#4 C:\xampp\htdocs\Que\app\Controllers\Service.php(43): view('service/viewSer...')
#5 C:\xampp\htdocs\Que\system\CodeIgniter.php(832): App\Controllers\Service->viewService('1')
#6 C:\xampp\htdocs\Que\system\CodeIgniter.php(419): CodeIgniter\CodeIgniter->runController(Object(App\Controllers\Service))
#7 C:\xampp\htdocs\Que\system\CodeIgniter.php(326): CodeIgniter\CodeIgniter->handleRequest(NULL, Object(Config\Cache), false)
#8 C:\xampp\htdocs\Que\public\index.php(37): CodeIgniter\CodeIgniter->run()
#9 {main}
CRITICAL - 2022-06-19 12:41:07 --> Undefined index: scheduleDateID
#0 C:\xampp\htdocs\Que\app\Views\service\viewService.php(71): CodeIgniter\Debug\Exceptions->errorHandler(8, 'Undefined index...', 'C:\\xampp\\htdocs...', 71, Array)
#1 C:\xampp\htdocs\Que\system\View\View.php(210): include('C:\\xampp\\htdocs...')
#2 C:\xampp\htdocs\Que\system\View\View.php(213): CodeIgniter\View\View->CodeIgniter\View\{closure}()
#3 C:\xampp\htdocs\Que\system\Common.php(1089): CodeIgniter\View\View->render('service/viewSer...', Array, true)
#4 C:\xampp\htdocs\Que\app\Controllers\Service.php(43): view('service/viewSer...')
#5 C:\xampp\htdocs\Que\system\CodeIgniter.php(832): App\Controllers\Service->viewService('1')
#6 C:\xampp\htdocs\Que\system\CodeIgniter.php(419): CodeIgniter\CodeIgniter->runController(Object(App\Controllers\Service))
#7 C:\xampp\htdocs\Que\system\CodeIgniter.php(326): CodeIgniter\CodeIgniter->handleRequest(NULL, Object(Config\Cache), false)
#8 C:\xampp\htdocs\Que\public\index.php(37): CodeIgniter\CodeIgniter->run()
#9 {main}
CRITICAL - 2022-06-19 12:43:37 --> Array to string conversion
#0 C:\xampp\htdocs\Que\app\Views\service\viewService.php(69): CodeIgniter\Debug\Exceptions->errorHandler(8, 'Array to string...', 'C:\\xampp\\htdocs...', 69, Array)
#1 C:\xampp\htdocs\Que\system\View\View.php(210): include('C:\\xampp\\htdocs...')
#2 C:\xampp\htdocs\Que\system\View\View.php(213): CodeIgniter\View\View->CodeIgniter\View\{closure}()
#3 C:\xampp\htdocs\Que\system\Common.php(1089): CodeIgniter\View\View->render('service/viewSer...', Array, true)
#4 C:\xampp\htdocs\Que\app\Controllers\Service.php(43): view('service/viewSer...')
#5 C:\xampp\htdocs\Que\system\CodeIgniter.php(832): App\Controllers\Service->viewService('1')
#6 C:\xampp\htdocs\Que\system\CodeIgniter.php(419): CodeIgniter\CodeIgniter->runController(Object(App\Controllers\Service))
#7 C:\xampp\htdocs\Que\system\CodeIgniter.php(326): CodeIgniter\CodeIgniter->handleRequest(NULL, Object(Config\Cache), false)
#8 C:\xampp\htdocs\Que\public\index.php(37): CodeIgniter\CodeIgniter->run()
#9 {main}
CRITICAL - 2022-06-19 12:46:20 --> syntax error, unexpected 'endforeach' (T_ENDFOREACH)
#0 C:\xampp\htdocs\Que\system\View\View.php(213): CodeIgniter\View\View->CodeIgniter\View\{closure}()
#1 C:\xampp\htdocs\Que\system\Common.php(1089): CodeIgniter\View\View->render('service/viewSer...', Array, true)
#2 C:\xampp\htdocs\Que\app\Controllers\Service.php(43): view('service/viewSer...')
#3 C:\xampp\htdocs\Que\system\CodeIgniter.php(832): App\Controllers\Service->viewService('1')
#4 C:\xampp\htdocs\Que\system\CodeIgniter.php(419): CodeIgniter\CodeIgniter->runController(Object(App\Controllers\Service))
#5 C:\xampp\htdocs\Que\system\CodeIgniter.php(326): CodeIgniter\CodeIgniter->handleRequest(NULL, Object(Config\Cache), false)
#6 C:\xampp\htdocs\Que\public\index.php(37): CodeIgniter\CodeIgniter->run()
#7 {main}
CRITICAL - 2022-06-19 12:47:14 --> Array to string conversion
#0 C:\xampp\htdocs\Que\app\Views\service\viewService.php(69): CodeIgniter\Debug\Exceptions->errorHandler(8, 'Array to string...', 'C:\\xampp\\htdocs...', 69, Array)
#1 C:\xampp\htdocs\Que\system\View\View.php(210): include('C:\\xampp\\htdocs...')
#2 C:\xampp\htdocs\Que\system\View\View.php(213): CodeIgniter\View\View->CodeIgniter\View\{closure}()
#3 C:\xampp\htdocs\Que\system\Common.php(1089): CodeIgniter\View\View->render('service/viewSer...', Array, true)
#4 C:\xampp\htdocs\Que\app\Controllers\Service.php(43): view('service/viewSer...')
#5 C:\xampp\htdocs\Que\system\CodeIgniter.php(832): App\Controllers\Service->viewService('1')
#6 C:\xampp\htdocs\Que\system\CodeIgniter.php(419): CodeIgniter\CodeIgniter->runController(Object(App\Controllers\Service))
#7 C:\xampp\htdocs\Que\system\CodeIgniter.php(326): CodeIgniter\CodeIgniter->handleRequest(NULL, Object(Config\Cache), false)
#8 C:\xampp\htdocs\Que\public\index.php(37): CodeIgniter\CodeIgniter->run()
#9 {main}
CRITICAL - 2022-06-19 12:47:20 --> Array to string conversion
#0 C:\xampp\htdocs\Que\app\Views\service\viewService.php(69): CodeIgniter\Debug\Exceptions->errorHandler(8, 'Array to string...', 'C:\\xampp\\htdocs...', 69, Array)
#1 C:\xampp\htdocs\Que\system\View\View.php(210): include('C:\\xampp\\htdocs...')
#2 C:\xampp\htdocs\Que\system\View\View.php(213): CodeIgniter\View\View->CodeIgniter\View\{closure}()
#3 C:\xampp\htdocs\Que\system\Common.php(1089): CodeIgniter\View\View->render('service/viewSer...', Array, true)
#4 C:\xampp\htdocs\Que\app\Controllers\Service.php(43): view('service/viewSer...')
#5 C:\xampp\htdocs\Que\system\CodeIgniter.php(832): App\Controllers\Service->viewService('1')
#6 C:\xampp\htdocs\Que\system\CodeIgniter.php(419): CodeIgniter\CodeIgniter->runController(Object(App\Controllers\Service))
#7 C:\xampp\htdocs\Que\system\CodeIgniter.php(326): CodeIgniter\CodeIgniter->handleRequest(NULL, Object(Config\Cache), false)
#8 C:\xampp\htdocs\Que\public\index.php(37): CodeIgniter\CodeIgniter->run()
#9 {main}
CRITICAL - 2022-06-19 12:49:17 --> syntax error, unexpected ')'
#0 C:\xampp\htdocs\Que\system\View\View.php(213): CodeIgniter\View\View->CodeIgniter\View\{closure}()
#1 C:\xampp\htdocs\Que\system\Common.php(1089): CodeIgniter\View\View->render('service/viewSer...', Array, true)
#2 C:\xampp\htdocs\Que\app\Controllers\Service.php(43): view('service/viewSer...')
#3 C:\xampp\htdocs\Que\system\CodeIgniter.php(832): App\Controllers\Service->viewService('1')
#4 C:\xampp\htdocs\Que\system\CodeIgniter.php(419): CodeIgniter\CodeIgniter->runController(Object(App\Controllers\Service))
#5 C:\xampp\htdocs\Que\system\CodeIgniter.php(326): CodeIgniter\CodeIgniter->handleRequest(NULL, Object(Config\Cache), false)
#6 C:\xampp\htdocs\Que\public\index.php(37): CodeIgniter\CodeIgniter->run()
#7 {main}
CRITICAL - 2022-06-19 12:49:48 --> Array to string conversion
#0 C:\xampp\htdocs\Que\app\Views\service\viewService.php(69): CodeIgniter\Debug\Exceptions->errorHandler(8, 'Array to string...', 'C:\\xampp\\htdocs...', 69, Array)
#1 C:\xampp\htdocs\Que\system\View\View.php(210): include('C:\\xampp\\htdocs...')
#2 C:\xampp\htdocs\Que\system\View\View.php(213): CodeIgniter\View\View->CodeIgniter\View\{closure}()
#3 C:\xampp\htdocs\Que\system\Common.php(1089): CodeIgniter\View\View->render('service/viewSer...', Array, true)
#4 C:\xampp\htdocs\Que\app\Controllers\Service.php(43): view('service/viewSer...')
#5 C:\xampp\htdocs\Que\system\CodeIgniter.php(832): App\Controllers\Service->viewService('1')
#6 C:\xampp\htdocs\Que\system\CodeIgniter.php(419): CodeIgniter\CodeIgniter->runController(Object(App\Controllers\Service))
#7 C:\xampp\htdocs\Que\system\CodeIgniter.php(326): CodeIgniter\CodeIgniter->handleRequest(NULL, Object(Config\Cache), false)
#8 C:\xampp\htdocs\Que\public\index.php(37): CodeIgniter\CodeIgniter->run()
#9 {main}
CRITICAL - 2022-06-19 12:50:32 --> Array to string conversion
#0 C:\xampp\htdocs\Que\app\Views\service\viewService.php(69): CodeIgniter\Debug\Exceptions->errorHandler(8, 'Array to string...', 'C:\\xampp\\htdocs...', 69, Array)
#1 C:\xampp\htdocs\Que\system\View\View.php(210): include('C:\\xampp\\htdocs...')
#2 C:\xampp\htdocs\Que\system\View\View.php(213): CodeIgniter\View\View->CodeIgniter\View\{closure}()
#3 C:\xampp\htdocs\Que\system\Common.php(1089): CodeIgniter\View\View->render('service/viewSer...', Array, true)
#4 C:\xampp\htdocs\Que\app\Controllers\Service.php(43): view('service/viewSer...')
#5 C:\xampp\htdocs\Que\system\CodeIgniter.php(832): App\Controllers\Service->viewService('1')
#6 C:\xampp\htdocs\Que\system\CodeIgniter.php(419): CodeIgniter\CodeIgniter->runController(Object(App\Controllers\Service))
#7 C:\xampp\htdocs\Que\system\CodeIgniter.php(326): CodeIgniter\CodeIgniter->handleRequest(NULL, Object(Config\Cache), false)
#8 C:\xampp\htdocs\Que\public\index.php(37): CodeIgniter\CodeIgniter->run()
#9 {main}
CRITICAL - 2022-06-19 12:50:47 --> Array to string conversion
#0 C:\xampp\htdocs\Que\app\Views\service\viewService.php(69): CodeIgniter\Debug\Exceptions->errorHandler(8, 'Array to string...', 'C:\\xampp\\htdocs...', 69, Array)
#1 C:\xampp\htdocs\Que\system\View\View.php(210): include('C:\\xampp\\htdocs...')
#2 C:\xampp\htdocs\Que\system\View\View.php(213): CodeIgniter\View\View->CodeIgniter\View\{closure}()
#3 C:\xampp\htdocs\Que\system\Common.php(1089): CodeIgniter\View\View->render('service/viewSer...', Array, true)
#4 C:\xampp\htdocs\Que\app\Controllers\Service.php(43): view('service/viewSer...')
#5 C:\xampp\htdocs\Que\system\CodeIgniter.php(832): App\Controllers\Service->viewService('1')
#6 C:\xampp\htdocs\Que\system\CodeIgniter.php(419): CodeIgniter\CodeIgniter->runController(Object(App\Controllers\Service))
#7 C:\xampp\htdocs\Que\system\CodeIgniter.php(326): CodeIgniter\CodeIgniter->handleRequest(NULL, Object(Config\Cache), false)
#8 C:\xampp\htdocs\Que\public\index.php(37): CodeIgniter\CodeIgniter->run()
#9 {main}
CRITICAL - 2022-06-19 12:50:47 --> Array to string conversion
#0 C:\xampp\htdocs\Que\app\Views\service\viewService.php(69): CodeIgniter\Debug\Exceptions->errorHandler(8, 'Array to string...', 'C:\\xampp\\htdocs...', 69, Array)
#1 C:\xampp\htdocs\Que\system\View\View.php(210): include('C:\\xampp\\htdocs...')
#2 C:\xampp\htdocs\Que\system\View\View.php(213): CodeIgniter\View\View->CodeIgniter\View\{closure}()
#3 C:\xampp\htdocs\Que\system\Common.php(1089): CodeIgniter\View\View->render('service/viewSer...', Array, true)
#4 C:\xampp\htdocs\Que\app\Controllers\Service.php(43): view('service/viewSer...')
#5 C:\xampp\htdocs\Que\system\CodeIgniter.php(832): App\Controllers\Service->viewService('1')
#6 C:\xampp\htdocs\Que\system\CodeIgniter.php(419): CodeIgniter\CodeIgniter->runController(Object(App\Controllers\Service))
#7 C:\xampp\htdocs\Que\system\CodeIgniter.php(326): CodeIgniter\CodeIgniter->handleRequest(NULL, Object(Config\Cache), false)
#8 C:\xampp\htdocs\Que\public\index.php(37): CodeIgniter\CodeIgniter->run()
#9 {main}
CRITICAL - 2022-06-19 12:50:47 --> Array to string conversion
#0 C:\xampp\htdocs\Que\app\Views\service\viewService.php(69): CodeIgniter\Debug\Exceptions->errorHandler(8, 'Array to string...', 'C:\\xampp\\htdocs...', 69, Array)
#1 C:\xampp\htdocs\Que\system\View\View.php(210): include('C:\\xampp\\htdocs...')
#2 C:\xampp\htdocs\Que\system\View\View.php(213): CodeIgniter\View\View->CodeIgniter\View\{closure}()
#3 C:\xampp\htdocs\Que\system\Common.php(1089): CodeIgniter\View\View->render('service/viewSer...', Array, true)
#4 C:\xampp\htdocs\Que\app\Controllers\Service.php(43): view('service/viewSer...')
#5 C:\xampp\htdocs\Que\system\CodeIgniter.php(832): App\Controllers\Service->viewService('1')
#6 C:\xampp\htdocs\Que\system\CodeIgniter.php(419): CodeIgniter\CodeIgniter->runController(Object(App\Controllers\Service))
#7 C:\xampp\htdocs\Que\system\CodeIgniter.php(326): CodeIgniter\CodeIgniter->handleRequest(NULL, Object(Config\Cache), false)
#8 C:\xampp\htdocs\Que\public\index.php(37): CodeIgniter\CodeIgniter->run()
#9 {main}
CRITICAL - 2022-06-19 12:50:48 --> Array to string conversion
#0 C:\xampp\htdocs\Que\app\Views\service\viewService.php(69): CodeIgniter\Debug\Exceptions->errorHandler(8, 'Array to string...', 'C:\\xampp\\htdocs...', 69, Array)
#1 C:\xampp\htdocs\Que\system\View\View.php(210): include('C:\\xampp\\htdocs...')
#2 C:\xampp\htdocs\Que\system\View\View.php(213): CodeIgniter\View\View->CodeIgniter\View\{closure}()
#3 C:\xampp\htdocs\Que\system\Common.php(1089): CodeIgniter\View\View->render('service/viewSer...', Array, true)
#4 C:\xampp\htdocs\Que\app\Controllers\Service.php(43): view('service/viewSer...')
#5 C:\xampp\htdocs\Que\system\CodeIgniter.php(832): App\Controllers\Service->viewService('1')
#6 C:\xampp\htdocs\Que\system\CodeIgniter.php(419): CodeIgniter\CodeIgniter->runController(Object(App\Controllers\Service))
#7 C:\xampp\htdocs\Que\system\CodeIgniter.php(326): CodeIgniter\CodeIgniter->handleRequest(NULL, Object(Config\Cache), false)
#8 C:\xampp\htdocs\Que\public\index.php(37): CodeIgniter\CodeIgniter->run()
#9 {main}
CRITICAL - 2022-06-19 12:50:48 --> Array to string conversion
#0 C:\xampp\htdocs\Que\app\Views\service\viewService.php(69): CodeIgniter\Debug\Exceptions->errorHandler(8, 'Array to string...', 'C:\\xampp\\htdocs...', 69, Array)
#1 C:\xampp\htdocs\Que\system\View\View.php(210): include('C:\\xampp\\htdocs...')
#2 C:\xampp\htdocs\Que\system\View\View.php(213): CodeIgniter\View\View->CodeIgniter\View\{closure}()
#3 C:\xampp\htdocs\Que\system\Common.php(1089): CodeIgniter\View\View->render('service/viewSer...', Array, true)
#4 C:\xampp\htdocs\Que\app\Controllers\Service.php(43): view('service/viewSer...')
#5 C:\xampp\htdocs\Que\system\CodeIgniter.php(832): App\Controllers\Service->viewService('1')
#6 C:\xampp\htdocs\Que\system\CodeIgniter.php(419): CodeIgniter\CodeIgniter->runController(Object(App\Controllers\Service))
#7 C:\xampp\htdocs\Que\system\CodeIgniter.php(326): CodeIgniter\CodeIgniter->handleRequest(NULL, Object(Config\Cache), false)
#8 C:\xampp\htdocs\Que\public\index.php(37): CodeIgniter\CodeIgniter->run()
#9 {main}
CRITICAL - 2022-06-19 12:50:48 --> Array to string conversion
#0 C:\xampp\htdocs\Que\app\Views\service\viewService.php(69): CodeIgniter\Debug\Exceptions->errorHandler(8, 'Array to string...', 'C:\\xampp\\htdocs...', 69, Array)
#1 C:\xampp\htdocs\Que\system\View\View.php(210): include('C:\\xampp\\htdocs...')
#2 C:\xampp\htdocs\Que\system\View\View.php(213): CodeIgniter\View\View->CodeIgniter\View\{closure}()
#3 C:\xampp\htdocs\Que\system\Common.php(1089): CodeIgniter\View\View->render('service/viewSer...', Array, true)
#4 C:\xampp\htdocs\Que\app\Controllers\Service.php(43): view('service/viewSer...')
#5 C:\xampp\htdocs\Que\system\CodeIgniter.php(832): App\Controllers\Service->viewService('1')
#6 C:\xampp\htdocs\Que\system\CodeIgniter.php(419): CodeIgniter\CodeIgniter->runController(Object(App\Controllers\Service))
#7 C:\xampp\htdocs\Que\system\CodeIgniter.php(326): CodeIgniter\CodeIgniter->handleRequest(NULL, Object(Config\Cache), false)
#8 C:\xampp\htdocs\Que\public\index.php(37): CodeIgniter\CodeIgniter->run()
#9 {main}
CRITICAL - 2022-06-19 12:51:16 --> Undefined variable: tm
#0 C:\xampp\htdocs\Que\app\Views\service\viewService.php(71): CodeIgniter\Debug\Exceptions->errorHandler(8, 'Undefined varia...', 'C:\\xampp\\htdocs...', 71, Array)
#1 C:\xampp\htdocs\Que\system\View\View.php(210): include('C:\\xampp\\htdocs...')
#2 C:\xampp\htdocs\Que\system\View\View.php(213): CodeIgniter\View\View->CodeIgniter\View\{closure}()
#3 C:\xampp\htdocs\Que\system\Common.php(1089): CodeIgniter\View\View->render('service/viewSer...', Array, true)
#4 C:\xampp\htdocs\Que\app\Controllers\Service.php(43): view('service/viewSer...')
#5 C:\xampp\htdocs\Que\system\CodeIgniter.php(832): App\Controllers\Service->viewService('1')
#6 C:\xampp\htdocs\Que\system\CodeIgniter.php(419): CodeIgniter\CodeIgniter->runController(Object(App\Controllers\Service))
#7 C:\xampp\htdocs\Que\system\CodeIgniter.php(326): CodeIgniter\CodeIgniter->handleRequest(NULL, Object(Config\Cache), false)
#8 C:\xampp\htdocs\Que\public\index.php(37): CodeIgniter\CodeIgniter->run()
#9 {main}
CRITICAL - 2022-06-19 12:51:37 --> syntax error, unexpected '?>'
#0 C:\xampp\htdocs\Que\system\View\View.php(213): CodeIgniter\View\View->CodeIgniter\View\{closure}()
#1 C:\xampp\htdocs\Que\system\Common.php(1089): CodeIgniter\View\View->render('service/viewSer...', Array, true)
#2 C:\xampp\htdocs\Que\app\Controllers\Service.php(43): view('service/viewSer...')
#3 C:\xampp\htdocs\Que\system\CodeIgniter.php(832): App\Controllers\Service->viewService('1')
#4 C:\xampp\htdocs\Que\system\CodeIgniter.php(419): CodeIgniter\CodeIgniter->runController(Object(App\Controllers\Service))
#5 C:\xampp\htdocs\Que\system\CodeIgniter.php(326): CodeIgniter\CodeIgniter->handleRequest(NULL, Object(Config\Cache), false)
#6 C:\xampp\htdocs\Que\public\index.php(37): CodeIgniter\CodeIgniter->run()
#7 {main}
CRITICAL - 2022-06-19 12:52:12 --> Undefined index: scheduleDate
#0 C:\xampp\htdocs\Que\app\Views\service\viewService.php(69): CodeIgniter\Debug\Exceptions->errorHandler(8, 'Undefined index...', 'C:\\xampp\\htdocs...', 69, Array)
#1 C:\xampp\htdocs\Que\system\View\View.php(210): include('C:\\xampp\\htdocs...')
#2 C:\xampp\htdocs\Que\system\View\View.php(213): CodeIgniter\View\View->CodeIgniter\View\{closure}()
#3 C:\xampp\htdocs\Que\system\Common.php(1089): CodeIgniter\View\View->render('service/viewSer...', Array, true)
#4 C:\xampp\htdocs\Que\app\Controllers\Service.php(43): view('service/viewSer...')
#5 C:\xampp\htdocs\Que\system\CodeIgniter.php(832): App\Controllers\Service->viewService('1')
#6 C:\xampp\htdocs\Que\system\CodeIgniter.php(419): CodeIgniter\CodeIgniter->runController(Object(App\Controllers\Service))
#7 C:\xampp\htdocs\Que\system\CodeIgniter.php(326): CodeIgniter\CodeIgniter->handleRequest(NULL, Object(Config\Cache), false)
#8 C:\xampp\htdocs\Que\public\index.php(37): CodeIgniter\CodeIgniter->run()
#9 {main}
CRITICAL - 2022-06-19 12:52:28 --> Undefined index: scheduleDate
#0 C:\xampp\htdocs\Que\app\Views\service\viewService.php(69): CodeIgniter\Debug\Exceptions->errorHandler(8, 'Undefined index...', 'C:\\xampp\\htdocs...', 69, Array)
#1 C:\xampp\htdocs\Que\system\View\View.php(210): include('C:\\xampp\\htdocs...')
#2 C:\xampp\htdocs\Que\system\View\View.php(213): CodeIgniter\View\View->CodeIgniter\View\{closure}()
#3 C:\xampp\htdocs\Que\system\Common.php(1089): CodeIgniter\View\View->render('service/viewSer...', Array, true)
#4 C:\xampp\htdocs\Que\app\Controllers\Service.php(43): view('service/viewSer...')
#5 C:\xampp\htdocs\Que\system\CodeIgniter.php(832): App\Controllers\Service->viewService('1')
#6 C:\xampp\htdocs\Que\system\CodeIgniter.php(419): CodeIgniter\CodeIgniter->runController(Object(App\Controllers\Service))
#7 C:\xampp\htdocs\Que\system\CodeIgniter.php(326): CodeIgniter\CodeIgniter->handleRequest(NULL, Object(Config\Cache), false)
#8 C:\xampp\htdocs\Que\public\index.php(37): CodeIgniter\CodeIgniter->run()
#9 {main}
CRITICAL - 2022-06-19 12:52:30 --> Undefined index: scheduleDate
#0 C:\xampp\htdocs\Que\app\Views\service\viewService.php(69): CodeIgniter\Debug\Exceptions->errorHandler(8, 'Undefined index...', 'C:\\xampp\\htdocs...', 69, Array)
#1 C:\xampp\htdocs\Que\system\View\View.php(210): include('C:\\xampp\\htdocs...')
#2 C:\xampp\htdocs\Que\system\View\View.php(213): CodeIgniter\View\View->CodeIgniter\View\{closure}()
#3 C:\xampp\htdocs\Que\system\Common.php(1089): CodeIgniter\View\View->render('service/viewSer...', Array, true)
#4 C:\xampp\htdocs\Que\app\Controllers\Service.php(43): view('service/viewSer...')
#5 C:\xampp\htdocs\Que\system\CodeIgniter.php(832): App\Controllers\Service->viewService('1')
#6 C:\xampp\htdocs\Que\system\CodeIgniter.php(419): CodeIgniter\CodeIgniter->runController(Object(App\Controllers\Service))
#7 C:\xampp\htdocs\Que\system\CodeIgniter.php(326): CodeIgniter\CodeIgniter->handleRequest(NULL, Object(Config\Cache), false)
#8 C:\xampp\htdocs\Que\public\index.php(37): CodeIgniter\CodeIgniter->run()
#9 {main}
CRITICAL - 2022-06-19 12:53:00 --> Undefined index: scheduleStartTime
#0 C:\xampp\htdocs\Que\app\Views\service\viewService.php(70): CodeIgniter\Debug\Exceptions->errorHandler(8, 'Undefined index...', 'C:\\xampp\\htdocs...', 70, Array)
#1 C:\xampp\htdocs\Que\system\View\View.php(210): include('C:\\xampp\\htdocs...')
#2 C:\xampp\htdocs\Que\system\View\View.php(213): CodeIgniter\View\View->CodeIgniter\View\{closure}()
#3 C:\xampp\htdocs\Que\system\Common.php(1089): CodeIgniter\View\View->render('service/viewSer...', Array, true)
#4 C:\xampp\htdocs\Que\app\Controllers\Service.php(43): view('service/viewSer...')
#5 C:\xampp\htdocs\Que\system\CodeIgniter.php(832): App\Controllers\Service->viewService('1')
#6 C:\xampp\htdocs\Que\system\CodeIgniter.php(419): CodeIgniter\CodeIgniter->runController(Object(App\Controllers\Service))
#7 C:\xampp\htdocs\Que\system\CodeIgniter.php(326): CodeIgniter\CodeIgniter->handleRequest(NULL, Object(Config\Cache), false)
#8 C:\xampp\htdocs\Que\public\index.php(37): CodeIgniter\CodeIgniter->run()
#9 {main}
CRITICAL - 2022-06-19 12:53:06 --> Undefined index: scheduleStartTime
#0 C:\xampp\htdocs\Que\app\Views\service\viewService.php(70): CodeIgniter\Debug\Exceptions->errorHandler(8, 'Undefined index...', 'C:\\xampp\\htdocs...', 70, Array)
#1 C:\xampp\htdocs\Que\system\View\View.php(210): include('C:\\xampp\\htdocs...')
#2 C:\xampp\htdocs\Que\system\View\View.php(213): CodeIgniter\View\View->CodeIgniter\View\{closure}()
#3 C:\xampp\htdocs\Que\system\Common.php(1089): CodeIgniter\View\View->render('service/viewSer...', Array, true)
#4 C:\xampp\htdocs\Que\app\Controllers\Service.php(43): view('service/viewSer...')
#5 C:\xampp\htdocs\Que\system\CodeIgniter.php(832): App\Controllers\Service->viewService('1')
#6 C:\xampp\htdocs\Que\system\CodeIgniter.php(419): CodeIgniter\CodeIgniter->runController(Object(App\Controllers\Service))
#7 C:\xampp\htdocs\Que\system\CodeIgniter.php(326): CodeIgniter\CodeIgniter->handleRequest(NULL, Object(Config\Cache), false)
#8 C:\xampp\htdocs\Que\public\index.php(37): CodeIgniter\CodeIgniter->run()
#9 {main}
CRITICAL - 2022-06-19 12:53:26 --> Undefined index: scheduleStartTime
#0 C:\xampp\htdocs\Que\app\Views\service\viewService.php(70): CodeIgniter\Debug\Exceptions->errorHandler(8, 'Undefined index...', 'C:\\xampp\\htdocs...', 70, Array)
#1 C:\xampp\htdocs\Que\system\View\View.php(210): include('C:\\xampp\\htdocs...')
#2 C:\xampp\htdocs\Que\system\View\View.php(213): CodeIgniter\View\View->CodeIgniter\View\{closure}()
#3 C:\xampp\htdocs\Que\system\Common.php(1089): CodeIgniter\View\View->render('service/viewSer...', Array, true)
#4 C:\xampp\htdocs\Que\app\Controllers\Service.php(43): view('service/viewSer...')
#5 C:\xampp\htdocs\Que\system\CodeIgniter.php(832): App\Controllers\Service->viewService('1')
#6 C:\xampp\htdocs\Que\system\CodeIgniter.php(419): CodeIgniter\CodeIgniter->runController(Object(App\Controllers\Service))
#7 C:\xampp\htdocs\Que\system\CodeIgniter.php(326): CodeIgniter\CodeIgniter->handleRequest(NULL, Object(Config\Cache), false)
#8 C:\xampp\htdocs\Que\public\index.php(37): CodeIgniter\CodeIgniter->run()
#9 {main}
CRITICAL - 2022-06-19 12:53:46 --> Undefined index: scheduleStartTime
#0 C:\xampp\htdocs\Que\app\Views\service\viewService.php(70): CodeIgniter\Debug\Exceptions->errorHandler(8, 'Undefined index...', 'C:\\xampp\\htdocs...', 70, Array)
#1 C:\xampp\htdocs\Que\system\View\View.php(210): include('C:\\xampp\\htdocs...')
#2 C:\xampp\htdocs\Que\system\View\View.php(213): CodeIgniter\View\View->CodeIgniter\View\{closure}()
#3 C:\xampp\htdocs\Que\system\Common.php(1089): CodeIgniter\View\View->render('service/viewSer...', Array, true)
#4 C:\xampp\htdocs\Que\app\Controllers\Service.php(43): view('service/viewSer...')
#5 C:\xampp\htdocs\Que\system\CodeIgniter.php(832): App\Controllers\Service->viewService('1')
#6 C:\xampp\htdocs\Que\system\CodeIgniter.php(419): CodeIgniter\CodeIgniter->runController(Object(App\Controllers\Service))
#7 C:\xampp\htdocs\Que\system\CodeIgniter.php(326): CodeIgniter\CodeIgniter->handleRequest(NULL, Object(Config\Cache), false)
#8 C:\xampp\htdocs\Que\public\index.php(37): CodeIgniter\CodeIgniter->run()
#9 {main}
CRITICAL - 2022-06-19 12:56:01 --> Array to string conversion
#0 C:\xampp\htdocs\Que\app\Views\service\viewService.php(71): CodeIgniter\Debug\Exceptions->errorHandler(8, 'Array to string...', 'C:\\xampp\\htdocs...', 71, Array)
#1 C:\xampp\htdocs\Que\system\View\View.php(210): include('C:\\xampp\\htdocs...')
#2 C:\xampp\htdocs\Que\system\View\View.php(213): CodeIgniter\View\View->CodeIgniter\View\{closure}()
#3 C:\xampp\htdocs\Que\system\Common.php(1089): CodeIgniter\View\View->render('service/viewSer...', Array, true)
#4 C:\xampp\htdocs\Que\app\Controllers\Service.php(43): view('service/viewSer...')
#5 C:\xampp\htdocs\Que\system\CodeIgniter.php(832): App\Controllers\Service->viewService('1')
#6 C:\xampp\htdocs\Que\system\CodeIgniter.php(419): CodeIgniter\CodeIgniter->runController(Object(App\Controllers\Service))
#7 C:\xampp\htdocs\Que\system\CodeIgniter.php(326): CodeIgniter\CodeIgniter->handleRequest(NULL, Object(Config\Cache), false)
#8 C:\xampp\htdocs\Que\public\index.php(37): CodeIgniter\CodeIgniter->run()
#9 {main}
CRITICAL - 2022-06-19 12:58:48 --> Invalid argument supplied for foreach()
#0 C:\xampp\htdocs\Que\app\Views\service\viewService.php(69): CodeIgniter\Debug\Exceptions->errorHandler(2, 'Invalid argumen...', 'C:\\xampp\\htdocs...', 69, Array)
#1 C:\xampp\htdocs\Que\system\View\View.php(210): include('C:\\xampp\\htdocs...')
#2 C:\xampp\htdocs\Que\system\View\View.php(213): CodeIgniter\View\View->CodeIgniter\View\{closure}()
#3 C:\xampp\htdocs\Que\system\Common.php(1089): CodeIgniter\View\View->render('service/viewSer...', Array, true)
#4 C:\xampp\htdocs\Que\app\Controllers\Service.php(43): view('service/viewSer...')
#5 C:\xampp\htdocs\Que\system\CodeIgniter.php(832): App\Controllers\Service->viewService('1')
#6 C:\xampp\htdocs\Que\system\CodeIgniter.php(419): CodeIgniter\CodeIgniter->runController(Object(App\Controllers\Service))
#7 C:\xampp\htdocs\Que\system\CodeIgniter.php(326): CodeIgniter\CodeIgniter->handleRequest(NULL, Object(Config\Cache), false)
#8 C:\xampp\htdocs\Que\public\index.php(37): CodeIgniter\CodeIgniter->run()
#9 {main}
CRITICAL - 2022-06-19 12:59:43 --> Invalid argument supplied for foreach()
#0 C:\xampp\htdocs\Que\app\Views\service\viewService.php(69): CodeIgniter\Debug\Exceptions->errorHandler(2, 'Invalid argumen...', 'C:\\xampp\\htdocs...', 69, Array)
#1 C:\xampp\htdocs\Que\system\View\View.php(210): include('C:\\xampp\\htdocs...')
#2 C:\xampp\htdocs\Que\system\View\View.php(213): CodeIgniter\View\View->CodeIgniter\View\{closure}()
#3 C:\xampp\htdocs\Que\system\Common.php(1089): CodeIgniter\View\View->render('service/viewSer...', Array, true)
#4 C:\xampp\htdocs\Que\app\Controllers\Service.php(43): view('service/viewSer...')
#5 C:\xampp\htdocs\Que\system\CodeIgniter.php(832): App\Controllers\Service->viewService('1')
#6 C:\xampp\htdocs\Que\system\CodeIgniter.php(419): CodeIgniter\CodeIgniter->runController(Object(App\Controllers\Service))
#7 C:\xampp\htdocs\Que\system\CodeIgniter.php(326): CodeIgniter\CodeIgniter->handleRequest(NULL, Object(Config\Cache), false)
#8 C:\xampp\htdocs\Que\public\index.php(37): CodeIgniter\CodeIgniter->run()
#9 {main}
CRITICAL - 2022-06-19 13:00:31 --> Undefined index: scheduleDateID
#0 C:\xampp\htdocs\Que\app\Views\service\viewService.php(69): CodeIgniter\Debug\Exceptions->errorHandler(8, 'Undefined index...', 'C:\\xampp\\htdocs...', 69, Array)
#1 C:\xampp\htdocs\Que\system\View\View.php(210): include('C:\\xampp\\htdocs...')
#2 C:\xampp\htdocs\Que\system\View\View.php(213): CodeIgniter\View\View->CodeIgniter\View\{closure}()
#3 C:\xampp\htdocs\Que\system\Common.php(1089): CodeIgniter\View\View->render('service/viewSer...', Array, true)
#4 C:\xampp\htdocs\Que\app\Controllers\Service.php(43): view('service/viewSer...')
#5 C:\xampp\htdocs\Que\system\CodeIgniter.php(832): App\Controllers\Service->viewService('1')
#6 C:\xampp\htdocs\Que\system\CodeIgniter.php(419): CodeIgniter\CodeIgniter->runController(Object(App\Controllers\Service))
#7 C:\xampp\htdocs\Que\system\CodeIgniter.php(326): CodeIgniter\CodeIgniter->handleRequest(NULL, Object(Config\Cache), false)
#8 C:\xampp\htdocs\Que\public\index.php(37): CodeIgniter\CodeIgniter->run()
#9 {main}
CRITICAL - 2022-06-19 13:00:45 --> Too few arguments to function App\Models\ScheduleTimeModel::getTimeList(), 0 passed in C:\xampp\htdocs\Que\app\Controllers\Service.php on line 28 and exactly 1 expected
#0 C:\xampp\htdocs\Que\app\Controllers\Service.php(28): App\Models\ScheduleTimeModel->getTimeList()
#1 C:\xampp\htdocs\Que\system\CodeIgniter.php(832): App\Controllers\Service->viewService('1')
#2 C:\xampp\htdocs\Que\system\CodeIgniter.php(419): CodeIgniter\CodeIgniter->runController(Object(App\Controllers\Service))
#3 C:\xampp\htdocs\Que\system\CodeIgniter.php(326): CodeIgniter\CodeIgniter->handleRequest(NULL, Object(Config\Cache), false)
#4 C:\xampp\htdocs\Que\public\index.php(37): CodeIgniter\CodeIgniter->run()
#5 {main}
CRITICAL - 2022-06-19 13:00:46 --> Too few arguments to function App\Models\ScheduleTimeModel::getTimeList(), 0 passed in C:\xampp\htdocs\Que\app\Controllers\Service.php on line 28 and exactly 1 expected
#0 C:\xampp\htdocs\Que\app\Controllers\Service.php(28): App\Models\ScheduleTimeModel->getTimeList()
#1 C:\xampp\htdocs\Que\system\CodeIgniter.php(832): App\Controllers\Service->viewService('1')
#2 C:\xampp\htdocs\Que\system\CodeIgniter.php(419): CodeIgniter\CodeIgniter->runController(Object(App\Controllers\Service))
#3 C:\xampp\htdocs\Que\system\CodeIgniter.php(326): CodeIgniter\CodeIgniter->handleRequest(NULL, Object(Config\Cache), false)
#4 C:\xampp\htdocs\Que\public\index.php(37): CodeIgniter\CodeIgniter->run()
#5 {main}
