CRITICAL - 2022-06-11 11:42:17 --> Too few arguments to function App\Controllers\Staff::viewStaff(), 0 passed in C:\xampp\htdocs\Que\system\CodeIgniter.php on line 832 and exactly 1 expected
#0 C:\xampp\htdocs\Que\system\CodeIgniter.php(832): App\Controllers\Staff->viewStaff()
#1 C:\xampp\htdocs\Que\system\CodeIgniter.php(419): CodeIgniter\CodeIgniter->runController(Object(App\Controllers\Staff))
#2 C:\xampp\htdocs\Que\system\CodeIgniter.php(326): CodeIgniter\CodeIgniter->handleRequest(NULL, Object(Config\Cache), false)
#3 C:\xampp\htdocs\Que\public\index.php(37): CodeIgniter\CodeIgniter->run()
#4 {main}
CRITICAL - 2022-06-11 11:42:33 --> Too few arguments to function App\Controllers\Staff::viewStaff(), 0 passed in C:\xampp\htdocs\Que\system\CodeIgniter.php on line 832 and exactly 1 expected
#0 C:\xampp\htdocs\Que\system\CodeIgniter.php(832): App\Controllers\Staff->viewStaff()
#1 C:\xampp\htdocs\Que\system\CodeIgniter.php(419): CodeIgniter\CodeIgniter->runController(Object(App\Controllers\Staff))
#2 C:\xampp\htdocs\Que\system\CodeIgniter.php(326): CodeIgniter\CodeIgniter->handleRequest(NULL, Object(Config\Cache), false)
#3 C:\xampp\htdocs\Que\public\index.php(37): CodeIgniter\CodeIgniter->run()
#4 {main}
CRITICAL - 2022-06-11 11:42:36 --> Undefined variable: companyDetail
#0 C:\xampp\htdocs\Que\app\Views\company\viewCompany.php(16): CodeIgniter\Debug\Exceptions->errorHandler(8, 'Undefined varia...', 'C:\\xampp\\htdocs...', 16, Array)
#1 C:\xampp\htdocs\Que\system\View\View.php(210): include('C:\\xampp\\htdocs...')
#2 C:\xampp\htdocs\Que\system\View\View.php(213): CodeIgniter\View\View->CodeIgniter\View\{closure}()
#3 C:\xampp\htdocs\Que\system\Common.php(1089): CodeIgniter\View\View->render('company/viewCom...', Array, true)
#4 C:\xampp\htdocs\Que\app\Controllers\Staff.php(30): view('company/viewCom...')
#5 C:\xampp\htdocs\Que\system\CodeIgniter.php(832): App\Controllers\Staff->addStaff()
#6 C:\xampp\htdocs\Que\system\CodeIgniter.php(419): CodeIgniter\CodeIgniter->runController(Object(App\Controllers\Staff))
#7 C:\xampp\htdocs\Que\system\CodeIgniter.php(326): CodeIgniter\CodeIgniter->handleRequest(NULL, Object(Config\Cache), false)
#8 C:\xampp\htdocs\Que\public\index.php(37): CodeIgniter\CodeIgniter->run()
#9 {main}
CRITICAL - 2022-06-11 11:42:55 --> Undefined variable: companyDetail
#0 C:\xampp\htdocs\Que\app\Views\company\viewCompany.php(16): CodeIgniter\Debug\Exceptions->errorHandler(8, 'Undefined varia...', 'C:\\xampp\\htdocs...', 16, Array)
#1 C:\xampp\htdocs\Que\system\View\View.php(210): include('C:\\xampp\\htdocs...')
#2 C:\xampp\htdocs\Que\system\View\View.php(213): CodeIgniter\View\View->CodeIgniter\View\{closure}()
#3 C:\xampp\htdocs\Que\system\Common.php(1089): CodeIgniter\View\View->render('company/viewCom...', Array, true)
#4 C:\xampp\htdocs\Que\app\Controllers\Staff.php(30): view('company/viewCom...')
#5 C:\xampp\htdocs\Que\system\CodeIgniter.php(832): App\Controllers\Staff->addStaff()
#6 C:\xampp\htdocs\Que\system\CodeIgniter.php(419): CodeIgniter\CodeIgniter->runController(Object(App\Controllers\Staff))
#7 C:\xampp\htdocs\Que\system\CodeIgniter.php(326): CodeIgniter\CodeIgniter->handleRequest(NULL, Object(Config\Cache), false)
#8 C:\xampp\htdocs\Que\public\index.php(37): CodeIgniter\CodeIgniter->run()
#9 {main}
CRITICAL - 2022-06-11 11:43:26 --> Invalid file: staff/addStaff.php
#0 C:\xampp\htdocs\Que\system\View\View.php(198): CodeIgniter\Exceptions\FrameworkException::forInvalidFile('staff/addStaff....')
#1 C:\xampp\htdocs\Que\system\Common.php(1089): CodeIgniter\View\View->render('staff/addStaff', Array, true)
#2 C:\xampp\htdocs\Que\app\Controllers\Staff.php(30): view('staff/addStaff')
#3 C:\xampp\htdocs\Que\system\CodeIgniter.php(832): App\Controllers\Staff->addStaff()
#4 C:\xampp\htdocs\Que\system\CodeIgniter.php(419): CodeIgniter\CodeIgniter->runController(Object(App\Controllers\Staff))
#5 C:\xampp\htdocs\Que\system\CodeIgniter.php(326): CodeIgniter\CodeIgniter->handleRequest(NULL, Object(Config\Cache), false)
#6 C:\xampp\htdocs\Que\public\index.php(37): CodeIgniter\CodeIgniter->run()
#7 {main}
CRITICAL - 2022-06-11 11:43:27 --> Invalid file: staff/addStaff.php
#0 C:\xampp\htdocs\Que\system\View\View.php(198): CodeIgniter\Exceptions\FrameworkException::forInvalidFile('staff/addStaff....')
#1 C:\xampp\htdocs\Que\system\Common.php(1089): CodeIgniter\View\View->render('staff/addStaff', Array, true)
#2 C:\xampp\htdocs\Que\app\Controllers\Staff.php(30): view('staff/addStaff')
#3 C:\xampp\htdocs\Que\system\CodeIgniter.php(832): App\Controllers\Staff->addStaff()
#4 C:\xampp\htdocs\Que\system\CodeIgniter.php(419): CodeIgniter\CodeIgniter->runController(Object(App\Controllers\Staff))
#5 C:\xampp\htdocs\Que\system\CodeIgniter.php(326): CodeIgniter\CodeIgniter->handleRequest(NULL, Object(Config\Cache), false)
#6 C:\xampp\htdocs\Que\public\index.php(37): CodeIgniter\CodeIgniter->run()
#7 {main}
CRITICAL - 2022-06-11 11:44:42 --> Invalid file: staff/addStaff.php
#0 C:\xampp\htdocs\Que\system\View\View.php(198): CodeIgniter\Exceptions\FrameworkException::forInvalidFile('staff/addStaff....')
#1 C:\xampp\htdocs\Que\system\Common.php(1089): CodeIgniter\View\View->render('staff/addStaff', Array, true)
#2 C:\xampp\htdocs\Que\app\Controllers\Staff.php(30): view('staff/addStaff')
#3 C:\xampp\htdocs\Que\system\CodeIgniter.php(832): App\Controllers\Staff->addStaff()
#4 C:\xampp\htdocs\Que\system\CodeIgniter.php(419): CodeIgniter\CodeIgniter->runController(Object(App\Controllers\Staff))
#5 C:\xampp\htdocs\Que\system\CodeIgniter.php(326): CodeIgniter\CodeIgniter->handleRequest(NULL, Object(Config\Cache), false)
#6 C:\xampp\htdocs\Que\public\index.php(37): CodeIgniter\CodeIgniter->run()
#7 {main}
CRITICAL - 2022-06-11 11:44:55 --> Invalid file: staff/addStaff.php
#0 C:\xampp\htdocs\Que\system\View\View.php(198): CodeIgniter\Exceptions\FrameworkException::forInvalidFile('staff/addStaff....')
#1 C:\xampp\htdocs\Que\system\Common.php(1089): CodeIgniter\View\View->render('staff/addStaff', Array, true)
#2 C:\xampp\htdocs\Que\app\Controllers\Staff.php(30): view('staff/addStaff')
#3 C:\xampp\htdocs\Que\system\CodeIgniter.php(832): App\Controllers\Staff->addStaff()
#4 C:\xampp\htdocs\Que\system\CodeIgniter.php(419): CodeIgniter\CodeIgniter->runController(Object(App\Controllers\Staff))
#5 C:\xampp\htdocs\Que\system\CodeIgniter.php(326): CodeIgniter\CodeIgniter->handleRequest(NULL, Object(Config\Cache), false)
#6 C:\xampp\htdocs\Que\public\index.php(37): CodeIgniter\CodeIgniter->run()
#7 {main}
CRITICAL - 2022-06-11 11:45:27 --> Invalid file: staff/addStaff.php
#0 C:\xampp\htdocs\Que\system\View\View.php(198): CodeIgniter\Exceptions\FrameworkException::forInvalidFile('staff/addStaff....')
#1 C:\xampp\htdocs\Que\system\Common.php(1089): CodeIgniter\View\View->render('staff/addStaff', Array, true)
#2 C:\xampp\htdocs\Que\app\Controllers\Staff.php(30): view('staff/addStaff')
#3 C:\xampp\htdocs\Que\system\CodeIgniter.php(832): App\Controllers\Staff->addStaff()
#4 C:\xampp\htdocs\Que\system\CodeIgniter.php(419): CodeIgniter\CodeIgniter->runController(Object(App\Controllers\Staff))
#5 C:\xampp\htdocs\Que\system\CodeIgniter.php(326): CodeIgniter\CodeIgniter->handleRequest(NULL, Object(Config\Cache), false)
#6 C:\xampp\htdocs\Que\public\index.php(37): CodeIgniter\CodeIgniter->run()
#7 {main}
CRITICAL - 2022-06-11 11:46:10 --> Invalid file: staff/addStaff.php
#0 C:\xampp\htdocs\Que\system\View\View.php(198): CodeIgniter\Exceptions\FrameworkException::forInvalidFile('staff/addStaff....')
#1 C:\xampp\htdocs\Que\system\Common.php(1089): CodeIgniter\View\View->render('staff/addStaff', Array, true)
#2 C:\xampp\htdocs\Que\app\Controllers\Staff.php(30): view('staff/addStaff')
#3 C:\xampp\htdocs\Que\system\CodeIgniter.php(832): App\Controllers\Staff->addStaff()
#4 C:\xampp\htdocs\Que\system\CodeIgniter.php(419): CodeIgniter\CodeIgniter->runController(Object(App\Controllers\Staff))
#5 C:\xampp\htdocs\Que\system\CodeIgniter.php(326): CodeIgniter\CodeIgniter->handleRequest(NULL, Object(Config\Cache), false)
#6 C:\xampp\htdocs\Que\public\index.php(37): CodeIgniter\CodeIgniter->run()
#7 {main}
CRITICAL - 2022-06-11 11:46:10 --> Invalid file: staff/addStaff.php
#0 C:\xampp\htdocs\Que\system\View\View.php(198): CodeIgniter\Exceptions\FrameworkException::forInvalidFile('staff/addStaff....')
#1 C:\xampp\htdocs\Que\system\Common.php(1089): CodeIgniter\View\View->render('staff/addStaff', Array, true)
#2 C:\xampp\htdocs\Que\app\Controllers\Staff.php(30): view('staff/addStaff')
#3 C:\xampp\htdocs\Que\system\CodeIgniter.php(832): App\Controllers\Staff->addStaff()
#4 C:\xampp\htdocs\Que\system\CodeIgniter.php(419): CodeIgniter\CodeIgniter->runController(Object(App\Controllers\Staff))
#5 C:\xampp\htdocs\Que\system\CodeIgniter.php(326): CodeIgniter\CodeIgniter->handleRequest(NULL, Object(Config\Cache), false)
#6 C:\xampp\htdocs\Que\public\index.php(37): CodeIgniter\CodeIgniter->run()
#7 {main}
CRITICAL - 2022-06-11 11:46:25 --> Call to undefined function set_value()
#0 C:\xampp\htdocs\Que\system\View\View.php(210): include()
#1 C:\xampp\htdocs\Que\system\View\View.php(213): CodeIgniter\View\View->CodeIgniter\View\{closure}()
#2 C:\xampp\htdocs\Que\system\Common.php(1089): CodeIgniter\View\View->render('staff/addStaff', Array, true)
#3 C:\xampp\htdocs\Que\app\Controllers\Staff.php(30): view('staff/addStaff')
#4 C:\xampp\htdocs\Que\system\CodeIgniter.php(832): App\Controllers\Staff->addStaff()
#5 C:\xampp\htdocs\Que\system\CodeIgniter.php(419): CodeIgniter\CodeIgniter->runController(Object(App\Controllers\Staff))
#6 C:\xampp\htdocs\Que\system\CodeIgniter.php(326): CodeIgniter\CodeIgniter->handleRequest(NULL, Object(Config\Cache), false)
#7 C:\xampp\htdocs\Que\public\index.php(37): CodeIgniter\CodeIgniter->run()
#8 {main}
CRITICAL - 2022-06-11 11:46:37 --> Call to undefined function set_value()
#0 C:\xampp\htdocs\Que\system\View\View.php(210): include()
#1 C:\xampp\htdocs\Que\system\View\View.php(213): CodeIgniter\View\View->CodeIgniter\View\{closure}()
#2 C:\xampp\htdocs\Que\system\Common.php(1089): CodeIgniter\View\View->render('staff/addStaff', Array, true)
#3 C:\xampp\htdocs\Que\app\Controllers\Staff.php(30): view('staff/addStaff')
#4 C:\xampp\htdocs\Que\system\CodeIgniter.php(832): App\Controllers\Staff->addStaff()
#5 C:\xampp\htdocs\Que\system\CodeIgniter.php(419): CodeIgniter\CodeIgniter->runController(Object(App\Controllers\Staff))
#6 C:\xampp\htdocs\Que\system\CodeIgniter.php(326): CodeIgniter\CodeIgniter->handleRequest(NULL, Object(Config\Cache), false)
#7 C:\xampp\htdocs\Que\public\index.php(37): CodeIgniter\CodeIgniter->run()
#8 {main}
CRITICAL - 2022-06-11 11:47:40 --> Call to undefined function set_value()
#0 C:\xampp\htdocs\Que\system\View\View.php(210): include()
#1 C:\xampp\htdocs\Que\system\View\View.php(213): CodeIgniter\View\View->CodeIgniter\View\{closure}()
#2 C:\xampp\htdocs\Que\system\Common.php(1089): CodeIgniter\View\View->render('staff/addStaff', Array, true)
#3 C:\xampp\htdocs\Que\app\Controllers\Staff.php(30): view('staff/addStaff')
#4 C:\xampp\htdocs\Que\system\CodeIgniter.php(832): App\Controllers\Staff->addStaff()
#5 C:\xampp\htdocs\Que\system\CodeIgniter.php(419): CodeIgniter\CodeIgniter->runController(Object(App\Controllers\Staff))
#6 C:\xampp\htdocs\Que\system\CodeIgniter.php(326): CodeIgniter\CodeIgniter->handleRequest(NULL, Object(Config\Cache), false)
#7 C:\xampp\htdocs\Que\public\index.php(37): CodeIgniter\CodeIgniter->run()
#8 {main}
CRITICAL - 2022-06-11 11:47:40 --> Call to undefined function set_value()
#0 C:\xampp\htdocs\Que\system\View\View.php(210): include()
#1 C:\xampp\htdocs\Que\system\View\View.php(213): CodeIgniter\View\View->CodeIgniter\View\{closure}()
#2 C:\xampp\htdocs\Que\system\Common.php(1089): CodeIgniter\View\View->render('staff/addStaff', Array, true)
#3 C:\xampp\htdocs\Que\app\Controllers\Staff.php(30): view('staff/addStaff')
#4 C:\xampp\htdocs\Que\system\CodeIgniter.php(832): App\Controllers\Staff->addStaff()
#5 C:\xampp\htdocs\Que\system\CodeIgniter.php(419): CodeIgniter\CodeIgniter->runController(Object(App\Controllers\Staff))
#6 C:\xampp\htdocs\Que\system\CodeIgniter.php(326): CodeIgniter\CodeIgniter->handleRequest(NULL, Object(Config\Cache), false)
#7 C:\xampp\htdocs\Que\public\index.php(37): CodeIgniter\CodeIgniter->run()
#8 {main}
CRITICAL - 2022-06-11 11:50:34 --> Undefined variable: user
#0 C:\xampp\htdocs\Que\app\Views\staff\viewStaff.php(14): CodeIgniter\Debug\Exceptions->errorHandler(8, 'Undefined varia...', 'C:\\xampp\\htdocs...', 14, Array)
#1 C:\xampp\htdocs\Que\system\View\View.php(210): include('C:\\xampp\\htdocs...')
#2 C:\xampp\htdocs\Que\system\View\View.php(213): CodeIgniter\View\View->CodeIgniter\View\{closure}()
#3 C:\xampp\htdocs\Que\system\Common.php(1089): CodeIgniter\View\View->render('staff/viewStaff', Array, true)
#4 C:\xampp\htdocs\Que\app\Controllers\Staff.php(18): view('staff/viewStaff')
#5 C:\xampp\htdocs\Que\system\CodeIgniter.php(832): App\Controllers\Staff->viewStaff('1')
#6 C:\xampp\htdocs\Que\system\CodeIgniter.php(419): CodeIgniter\CodeIgniter->runController(Object(App\Controllers\Staff))
#7 C:\xampp\htdocs\Que\system\CodeIgniter.php(326): CodeIgniter\CodeIgniter->handleRequest(NULL, Object(Config\Cache), false)
#8 C:\xampp\htdocs\Que\public\index.php(37): CodeIgniter\CodeIgniter->run()
#9 {main}
CRITICAL - 2022-06-11 11:51:24 --> Undefined variable: user
#0 C:\xampp\htdocs\Que\app\Views\staff\viewStaff.php(14): CodeIgniter\Debug\Exceptions->errorHandler(8, 'Undefined varia...', 'C:\\xampp\\htdocs...', 14, Array)
#1 C:\xampp\htdocs\Que\system\View\View.php(210): include('C:\\xampp\\htdocs...')
#2 C:\xampp\htdocs\Que\system\View\View.php(213): CodeIgniter\View\View->CodeIgniter\View\{closure}()
#3 C:\xampp\htdocs\Que\system\Common.php(1089): CodeIgniter\View\View->render('staff/viewStaff', Array, true)
#4 C:\xampp\htdocs\Que\app\Controllers\Staff.php(18): view('staff/viewStaff')
#5 C:\xampp\htdocs\Que\system\CodeIgniter.php(832): App\Controllers\Staff->viewStaff('1')
#6 C:\xampp\htdocs\Que\system\CodeIgniter.php(419): CodeIgniter\CodeIgniter->runController(Object(App\Controllers\Staff))
#7 C:\xampp\htdocs\Que\system\CodeIgniter.php(326): CodeIgniter\CodeIgniter->handleRequest(NULL, Object(Config\Cache), false)
#8 C:\xampp\htdocs\Que\public\index.php(37): CodeIgniter\CodeIgniter->run()
#9 {main}
CRITICAL - 2022-06-11 11:51:54 --> Undefined variable: user
#0 C:\xampp\htdocs\Que\app\Views\staff\viewStaff.php(14): CodeIgniter\Debug\Exceptions->errorHandler(8, 'Undefined varia...', 'C:\\xampp\\htdocs...', 14, Array)
#1 C:\xampp\htdocs\Que\system\View\View.php(210): include('C:\\xampp\\htdocs...')
#2 C:\xampp\htdocs\Que\system\View\View.php(213): CodeIgniter\View\View->CodeIgniter\View\{closure}()
#3 C:\xampp\htdocs\Que\system\Common.php(1089): CodeIgniter\View\View->render('staff/viewStaff', Array, true)
#4 C:\xampp\htdocs\Que\app\Controllers\Staff.php(18): view('staff/viewStaff')
#5 C:\xampp\htdocs\Que\system\CodeIgniter.php(832): App\Controllers\Staff->viewStaff('1')
#6 C:\xampp\htdocs\Que\system\CodeIgniter.php(419): CodeIgniter\CodeIgniter->runController(Object(App\Controllers\Staff))
#7 C:\xampp\htdocs\Que\system\CodeIgniter.php(326): CodeIgniter\CodeIgniter->handleRequest(NULL, Object(Config\Cache), false)
#8 C:\xampp\htdocs\Que\public\index.php(37): CodeIgniter\CodeIgniter->run()
#9 {main}
CRITICAL - 2022-06-11 11:52:03 --> syntax error, unexpected '?>'
#0 C:\xampp\htdocs\Que\system\View\View.php(213): CodeIgniter\View\View->CodeIgniter\View\{closure}()
#1 C:\xampp\htdocs\Que\system\Common.php(1089): CodeIgniter\View\View->render('staff/viewStaff', Array, true)
#2 C:\xampp\htdocs\Que\app\Controllers\Staff.php(18): view('staff/viewStaff')
#3 C:\xampp\htdocs\Que\system\CodeIgniter.php(832): App\Controllers\Staff->viewStaff('1')
#4 C:\xampp\htdocs\Que\system\CodeIgniter.php(419): CodeIgniter\CodeIgniter->runController(Object(App\Controllers\Staff))
#5 C:\xampp\htdocs\Que\system\CodeIgniter.php(326): CodeIgniter\CodeIgniter->handleRequest(NULL, Object(Config\Cache), false)
#6 C:\xampp\htdocs\Que\public\index.php(37): CodeIgniter\CodeIgniter->run()
#7 {main}
CRITICAL - 2022-06-11 11:52:16 --> Undefined variable: user
#0 C:\xampp\htdocs\Que\app\Views\staff\viewStaff.php(14): CodeIgniter\Debug\Exceptions->errorHandler(8, 'Undefined varia...', 'C:\\xampp\\htdocs...', 14, Array)
#1 C:\xampp\htdocs\Que\system\View\View.php(210): include('C:\\xampp\\htdocs...')
#2 C:\xampp\htdocs\Que\system\View\View.php(213): CodeIgniter\View\View->CodeIgniter\View\{closure}()
#3 C:\xampp\htdocs\Que\system\Common.php(1089): CodeIgniter\View\View->render('staff/viewStaff', Array, true)
#4 C:\xampp\htdocs\Que\app\Controllers\Staff.php(18): view('staff/viewStaff')
#5 C:\xampp\htdocs\Que\system\CodeIgniter.php(832): App\Controllers\Staff->viewStaff('1')
#6 C:\xampp\htdocs\Que\system\CodeIgniter.php(419): CodeIgniter\CodeIgniter->runController(Object(App\Controllers\Staff))
#7 C:\xampp\htdocs\Que\system\CodeIgniter.php(326): CodeIgniter\CodeIgniter->handleRequest(NULL, Object(Config\Cache), false)
#8 C:\xampp\htdocs\Que\public\index.php(37): CodeIgniter\CodeIgniter->run()
#9 {main}
CRITICAL - 2022-06-11 11:52:25 --> syntax error, unexpected '?>'
#0 C:\xampp\htdocs\Que\system\View\View.php(213): CodeIgniter\View\View->CodeIgniter\View\{closure}()
#1 C:\xampp\htdocs\Que\system\Common.php(1089): CodeIgniter\View\View->render('staff/viewStaff', Array, true)
#2 C:\xampp\htdocs\Que\app\Controllers\Staff.php(18): view('staff/viewStaff')
#3 C:\xampp\htdocs\Que\system\CodeIgniter.php(832): App\Controllers\Staff->viewStaff('1')
#4 C:\xampp\htdocs\Que\system\CodeIgniter.php(419): CodeIgniter\CodeIgniter->runController(Object(App\Controllers\Staff))
#5 C:\xampp\htdocs\Que\system\CodeIgniter.php(326): CodeIgniter\CodeIgniter->handleRequest(NULL, Object(Config\Cache), false)
#6 C:\xampp\htdocs\Que\public\index.php(37): CodeIgniter\CodeIgniter->run()
#7 {main}
CRITICAL - 2022-06-11 11:52:42 --> Undefined variable: user
#0 C:\xampp\htdocs\Que\app\Views\staff\viewStaff.php(25): CodeIgniter\Debug\Exceptions->errorHandler(8, 'Undefined varia...', 'C:\\xampp\\htdocs...', 25, Array)
#1 C:\xampp\htdocs\Que\system\View\View.php(210): include('C:\\xampp\\htdocs...')
#2 C:\xampp\htdocs\Que\system\View\View.php(213): CodeIgniter\View\View->CodeIgniter\View\{closure}()
#3 C:\xampp\htdocs\Que\system\Common.php(1089): CodeIgniter\View\View->render('staff/viewStaff', Array, true)
#4 C:\xampp\htdocs\Que\app\Controllers\Staff.php(18): view('staff/viewStaff')
#5 C:\xampp\htdocs\Que\system\CodeIgniter.php(832): App\Controllers\Staff->viewStaff('1')
#6 C:\xampp\htdocs\Que\system\CodeIgniter.php(419): CodeIgniter\CodeIgniter->runController(Object(App\Controllers\Staff))
#7 C:\xampp\htdocs\Que\system\CodeIgniter.php(326): CodeIgniter\CodeIgniter->handleRequest(NULL, Object(Config\Cache), false)
#8 C:\xampp\htdocs\Que\public\index.php(37): CodeIgniter\CodeIgniter->run()
#9 {main}
