ERROR - 2022-09-04 11:32:56 --> Column 'categoryID' cannot be null
CRITICAL - 2022-09-04 11:32:56 --> Column 'categoryID' cannot be null
#0 C:\xampp\htdocs\Que-v3\system\Database\MySQLi\Connection.php(292): mysqli->query('INSERT INTO `se...', 0)
#1 C:\xampp\htdocs\Que-v3\system\Database\BaseConnection.php(670): CodeIgniter\Database\MySQLi\Connection->execute('INSERT INTO `se...')
#2 C:\xampp\htdocs\Que-v3\system\Database\BaseConnection.php(598): CodeIgniter\Database\BaseConnection->simpleQuery('INSERT INTO `se...')
#3 C:\xampp\htdocs\Que-v3\system\Database\BaseBuilder.php(1771): CodeIgniter\Database\BaseConnection->query('INSERT INTO `se...', Array, false)
#4 C:\xampp\htdocs\Que-v3\system\Model.php(239): CodeIgniter\Database\BaseBuilder->insert()
#5 C:\xampp\htdocs\Que-v3\system\BaseModel.php(738): CodeIgniter\Model->doInsert(Array)
#6 C:\xampp\htdocs\Que-v3\system\Model.php(625): CodeIgniter\BaseModel->insert(Array, false)
#7 C:\xampp\htdocs\Que-v3\system\BaseModel.php(658): CodeIgniter\Model->insert(Array, false)
#8 C:\xampp\htdocs\Que-v3\app\Controllers\Service.php(88): CodeIgniter\BaseModel->save(Array)
#9 C:\xampp\htdocs\Que-v3\system\CodeIgniter.php(832): App\Controllers\Service->addService('1')
#10 C:\xampp\htdocs\Que-v3\system\CodeIgniter.php(419): CodeIgniter\CodeIgniter->runController(Object(App\Controllers\Service))
#11 C:\xampp\htdocs\Que-v3\system\CodeIgniter.php(326): CodeIgniter\CodeIgniter->handleRequest(NULL, Object(Config\Cache), false)
#12 C:\xampp\htdocs\Que-v3\public\index.php(37): CodeIgniter\CodeIgniter->run()
#13 {main}
ERROR - 2022-09-04 11:33:37 --> Column 'categoryID' cannot be null
CRITICAL - 2022-09-04 11:33:37 --> Column 'categoryID' cannot be null
#0 C:\xampp\htdocs\Que-v3\system\Database\MySQLi\Connection.php(292): mysqli->query('INSERT INTO `se...', 0)
#1 C:\xampp\htdocs\Que-v3\system\Database\BaseConnection.php(670): CodeIgniter\Database\MySQLi\Connection->execute('INSERT INTO `se...')
#2 C:\xampp\htdocs\Que-v3\system\Database\BaseConnection.php(598): CodeIgniter\Database\BaseConnection->simpleQuery('INSERT INTO `se...')
#3 C:\xampp\htdocs\Que-v3\system\Database\BaseBuilder.php(1771): CodeIgniter\Database\BaseConnection->query('INSERT INTO `se...', Array, false)
#4 C:\xampp\htdocs\Que-v3\system\Model.php(239): CodeIgniter\Database\BaseBuilder->insert()
#5 C:\xampp\htdocs\Que-v3\system\BaseModel.php(738): CodeIgniter\Model->doInsert(Array)
#6 C:\xampp\htdocs\Que-v3\system\Model.php(625): CodeIgniter\BaseModel->insert(Array, false)
#7 C:\xampp\htdocs\Que-v3\system\BaseModel.php(658): CodeIgniter\Model->insert(Array, false)
#8 C:\xampp\htdocs\Que-v3\app\Controllers\Service.php(88): CodeIgniter\BaseModel->save(Array)
#9 C:\xampp\htdocs\Que-v3\system\CodeIgniter.php(832): App\Controllers\Service->addService('1')
#10 C:\xampp\htdocs\Que-v3\system\CodeIgniter.php(419): CodeIgniter\CodeIgniter->runController(Object(App\Controllers\Service))
#11 C:\xampp\htdocs\Que-v3\system\CodeIgniter.php(326): CodeIgniter\CodeIgniter->handleRequest(NULL, Object(Config\Cache), false)
#12 C:\xampp\htdocs\Que-v3\public\index.php(37): CodeIgniter\CodeIgniter->run()
#13 {main}
ERROR - 2022-09-04 11:33:55 --> Duplicate entry '0' for key 'PRIMARY'
CRITICAL - 2022-09-04 11:33:55 --> Duplicate entry '0' for key 'PRIMARY'
#0 C:\xampp\htdocs\Que-v3\system\Database\MySQLi\Connection.php(292): mysqli->query('INSERT INTO `sc...', 0)
#1 C:\xampp\htdocs\Que-v3\system\Database\BaseConnection.php(670): CodeIgniter\Database\MySQLi\Connection->execute('INSERT INTO `sc...')
#2 C:\xampp\htdocs\Que-v3\system\Database\BaseConnection.php(598): CodeIgniter\Database\BaseConnection->simpleQuery('INSERT INTO `sc...')
#3 C:\xampp\htdocs\Que-v3\system\Database\BaseBuilder.php(1771): CodeIgniter\Database\BaseConnection->query('INSERT INTO `sc...', Array, false)
#4 C:\xampp\htdocs\Que-v3\system\Model.php(239): CodeIgniter\Database\BaseBuilder->insert()
#5 C:\xampp\htdocs\Que-v3\system\BaseModel.php(738): CodeIgniter\Model->doInsert(Array)
#6 C:\xampp\htdocs\Que-v3\system\Model.php(625): CodeIgniter\BaseModel->insert(Array, false)
#7 C:\xampp\htdocs\Que-v3\system\BaseModel.php(658): CodeIgniter\Model->insert(Array, false)
#8 C:\xampp\htdocs\Que-v3\app\Controllers\Schedule.php(50): CodeIgniter\BaseModel->save(Array)
#9 C:\xampp\htdocs\Que-v3\system\CodeIgniter.php(832): app\Controllers\Schedule->addSchedule('0')
#10 C:\xampp\htdocs\Que-v3\system\CodeIgniter.php(419): CodeIgniter\CodeIgniter->runController(Object(app\Controllers\Schedule))
#11 C:\xampp\htdocs\Que-v3\system\CodeIgniter.php(326): CodeIgniter\CodeIgniter->handleRequest(NULL, Object(Config\Cache), false)
#12 C:\xampp\htdocs\Que-v3\public\index.php(37): CodeIgniter\CodeIgniter->run()
#13 {main}
CRITICAL - 2022-09-04 11:34:54 --> Trying to access array offset on value of type null
#0 C:\xampp\htdocs\Que-v3\app\Views\service\viewService.php(17): CodeIgniter\Debug\Exceptions->errorHandler(8, 'Trying to acces...', 'C:\\xampp\\htdocs...', 17, Array)
#1 C:\xampp\htdocs\Que-v3\system\View\View.php(210): include('C:\\xampp\\htdocs...')
#2 C:\xampp\htdocs\Que-v3\system\View\View.php(213): CodeIgniter\View\View->CodeIgniter\View\{closure}()
#3 C:\xampp\htdocs\Que-v3\system\Common.php(1089): CodeIgniter\View\View->render('service/viewSer...', Array, true)
#4 C:\xampp\htdocs\Que-v3\app\Controllers\Service.php(32): view('service/viewSer...')
#5 C:\xampp\htdocs\Que-v3\system\CodeIgniter.php(832): App\Controllers\Service->viewService('0')
#6 C:\xampp\htdocs\Que-v3\system\CodeIgniter.php(419): CodeIgniter\CodeIgniter->runController(Object(App\Controllers\Service))
#7 C:\xampp\htdocs\Que-v3\system\CodeIgniter.php(326): CodeIgniter\CodeIgniter->handleRequest(NULL, Object(Config\Cache), false)
#8 C:\xampp\htdocs\Que-v3\public\index.php(37): CodeIgniter\CodeIgniter->run()
#9 {main}
