ERROR - 2022-06-05 23:25:12 --> Table 'que.serviceprovider' doesn't exist
CRITICAL - 2022-06-05 23:25:12 --> Table 'que.serviceprovider' doesn't exist
#0 C:\xampp\htdocs\Que\system\Database\MySQLi\Connection.php(292): mysqli->query('SELECT *\nFROM `...', 0)
#1 C:\xampp\htdocs\Que\system\Database\BaseConnection.php(670): CodeIgniter\Database\MySQLi\Connection->execute('SELECT *\nFROM `...')
#2 C:\xampp\htdocs\Que\system\Database\BaseConnection.php(598): CodeIgniter\Database\BaseConnection->simpleQuery('SELECT *\nFROM `...')
#3 C:\xampp\htdocs\Que\system\Database\BaseBuilder.php(1455): CodeIgniter\Database\BaseConnection->query('SELECT *\nFROM `...', Array, false)
#4 C:\xampp\htdocs\Que\system\Model.php(210): CodeIgniter\Database\BaseBuilder->get()
#5 C:\xampp\htdocs\Que\system\BaseModel.php(622): CodeIgniter\Model->doFirst()
#6 C:\xampp\htdocs\Que\app\Controllers\Users.php(150): CodeIgniter\BaseModel->first()
#7 C:\xampp\htdocs\Que\system\CodeIgniter.php(832): App\Controllers\Users->dashboard()
#8 C:\xampp\htdocs\Que\system\CodeIgniter.php(419): CodeIgniter\CodeIgniter->runController(Object(App\Controllers\Users))
#9 C:\xampp\htdocs\Que\system\CodeIgniter.php(326): CodeIgniter\CodeIgniter->handleRequest(NULL, Object(Config\Cache), false)
#10 C:\xampp\htdocs\Que\public\index.php(37): CodeIgniter\CodeIgniter->run()
#11 {main}
CRITICAL - 2022-06-05 23:25:41 --> Undefined index: servProStatus
#0 C:\xampp\htdocs\Que\app\Views\user\dashboard.php(20): CodeIgniter\Debug\Exceptions->errorHandler(8, 'Undefined index...', 'C:\\xampp\\htdocs...', 20, Array)
#1 C:\xampp\htdocs\Que\system\View\View.php(210): include('C:\\xampp\\htdocs...')
#2 C:\xampp\htdocs\Que\system\View\View.php(213): CodeIgniter\View\View->CodeIgniter\View\{closure}()
#3 C:\xampp\htdocs\Que\system\Common.php(1089): CodeIgniter\View\View->render('user/dashboard', Array, true)
#4 C:\xampp\htdocs\Que\app\Controllers\Users.php(153): view('user/dashboard')
#5 C:\xampp\htdocs\Que\system\CodeIgniter.php(832): App\Controllers\Users->dashboard()
#6 C:\xampp\htdocs\Que\system\CodeIgniter.php(419): CodeIgniter\CodeIgniter->runController(Object(App\Controllers\Users))
#7 C:\xampp\htdocs\Que\system\CodeIgniter.php(326): CodeIgniter\CodeIgniter->handleRequest(NULL, Object(Config\Cache), false)
#8 C:\xampp\htdocs\Que\public\index.php(37): CodeIgniter\CodeIgniter->run()
#9 {main}
CRITICAL - 2022-06-05 23:25:42 --> Undefined index: servProStatus
#0 C:\xampp\htdocs\Que\app\Views\user\dashboard.php(20): CodeIgniter\Debug\Exceptions->errorHandler(8, 'Undefined index...', 'C:\\xampp\\htdocs...', 20, Array)
#1 C:\xampp\htdocs\Que\system\View\View.php(210): include('C:\\xampp\\htdocs...')
#2 C:\xampp\htdocs\Que\system\View\View.php(213): CodeIgniter\View\View->CodeIgniter\View\{closure}()
#3 C:\xampp\htdocs\Que\system\Common.php(1089): CodeIgniter\View\View->render('user/dashboard', Array, true)
#4 C:\xampp\htdocs\Que\app\Controllers\Users.php(153): view('user/dashboard')
#5 C:\xampp\htdocs\Que\system\CodeIgniter.php(832): App\Controllers\Users->dashboard()
#6 C:\xampp\htdocs\Que\system\CodeIgniter.php(419): CodeIgniter\CodeIgniter->runController(Object(App\Controllers\Users))
#7 C:\xampp\htdocs\Que\system\CodeIgniter.php(326): CodeIgniter\CodeIgniter->handleRequest(NULL, Object(Config\Cache), false)
#8 C:\xampp\htdocs\Que\public\index.php(37): CodeIgniter\CodeIgniter->run()
#9 {main}
CRITICAL - 2022-06-05 23:25:53 --> Undefined index: servProName
#0 C:\xampp\htdocs\Que\app\Views\user\dashboard.php(26): CodeIgniter\Debug\Exceptions->errorHandler(8, 'Undefined index...', 'C:\\xampp\\htdocs...', 26, Array)
#1 C:\xampp\htdocs\Que\system\View\View.php(210): include('C:\\xampp\\htdocs...')
#2 C:\xampp\htdocs\Que\system\View\View.php(213): CodeIgniter\View\View->CodeIgniter\View\{closure}()
#3 C:\xampp\htdocs\Que\system\Common.php(1089): CodeIgniter\View\View->render('user/dashboard', Array, true)
#4 C:\xampp\htdocs\Que\app\Controllers\Users.php(153): view('user/dashboard')
#5 C:\xampp\htdocs\Que\system\CodeIgniter.php(832): App\Controllers\Users->dashboard()
#6 C:\xampp\htdocs\Que\system\CodeIgniter.php(419): CodeIgniter\CodeIgniter->runController(Object(App\Controllers\Users))
#7 C:\xampp\htdocs\Que\system\CodeIgniter.php(326): CodeIgniter\CodeIgniter->handleRequest(NULL, Object(Config\Cache), false)
#8 C:\xampp\htdocs\Que\public\index.php(37): CodeIgniter\CodeIgniter->run()
#9 {main}
CRITICAL - 2022-06-05 23:26:55 --> Cannot use object of type App\Models\CompanyModel as array
#0 C:\xampp\htdocs\Que\system\View\View.php(210): include()
#1 C:\xampp\htdocs\Que\system\View\View.php(213): CodeIgniter\View\View->CodeIgniter\View\{closure}()
#2 C:\xampp\htdocs\Que\system\Common.php(1089): CodeIgniter\View\View->render('user/dashboard', Array, true)
#3 C:\xampp\htdocs\Que\app\Controllers\Users.php(153): view('user/dashboard')
#4 C:\xampp\htdocs\Que\system\CodeIgniter.php(832): App\Controllers\Users->dashboard()
#5 C:\xampp\htdocs\Que\system\CodeIgniter.php(419): CodeIgniter\CodeIgniter->runController(Object(App\Controllers\Users))
#6 C:\xampp\htdocs\Que\system\CodeIgniter.php(326): CodeIgniter\CodeIgniter->handleRequest(NULL, Object(Config\Cache), false)
#7 C:\xampp\htdocs\Que\public\index.php(37): CodeIgniter\CodeIgniter->run()
#8 {main}
CRITICAL - 2022-06-05 23:26:56 --> Cannot use object of type App\Models\CompanyModel as array
#0 C:\xampp\htdocs\Que\system\View\View.php(210): include()
#1 C:\xampp\htdocs\Que\system\View\View.php(213): CodeIgniter\View\View->CodeIgniter\View\{closure}()
#2 C:\xampp\htdocs\Que\system\Common.php(1089): CodeIgniter\View\View->render('user/dashboard', Array, true)
#3 C:\xampp\htdocs\Que\app\Controllers\Users.php(153): view('user/dashboard')
#4 C:\xampp\htdocs\Que\system\CodeIgniter.php(832): App\Controllers\Users->dashboard()
#5 C:\xampp\htdocs\Que\system\CodeIgniter.php(419): CodeIgniter\CodeIgniter->runController(Object(App\Controllers\Users))
#6 C:\xampp\htdocs\Que\system\CodeIgniter.php(326): CodeIgniter\CodeIgniter->handleRequest(NULL, Object(Config\Cache), false)
#7 C:\xampp\htdocs\Que\public\index.php(37): CodeIgniter\CodeIgniter->run()
#8 {main}
CRITICAL - 2022-06-05 23:27:42 --> Call to undefined method App\Models\CompanyModel::getResult
#0 C:\xampp\htdocs\Que\app\Controllers\Users.php(150): CodeIgniter\Model->__call('getResult', Array)
#1 C:\xampp\htdocs\Que\system\CodeIgniter.php(832): App\Controllers\Users->dashboard()
#2 C:\xampp\htdocs\Que\system\CodeIgniter.php(419): CodeIgniter\CodeIgniter->runController(Object(App\Controllers\Users))
#3 C:\xampp\htdocs\Que\system\CodeIgniter.php(326): CodeIgniter\CodeIgniter->handleRequest(NULL, Object(Config\Cache), false)
#4 C:\xampp\htdocs\Que\public\index.php(37): CodeIgniter\CodeIgniter->run()
#5 {main}
CRITICAL - 2022-06-05 23:32:27 --> syntax error, unexpected '}', expecting ';'
#0 C:\xampp\htdocs\Que\system\Autoloader\Autoloader.php(241): CodeIgniter\Autoloader\Autoloader->includeFile('C:\\xampp\\htdocs...')
#1 C:\xampp\htdocs\Que\system\Autoloader\Autoloader.php(219): CodeIgniter\Autoloader\Autoloader->loadInNamespace('App\\Models\\Comp...')
#2 [internal function]: CodeIgniter\Autoloader\Autoloader->loadClass('App\\Models\\Comp...')
#3 C:\xampp\htdocs\Que\app\Controllers\Users.php(149): spl_autoload_call('App\\Models\\Comp...')
#4 C:\xampp\htdocs\Que\system\CodeIgniter.php(832): App\Controllers\Users->dashboard()
#5 C:\xampp\htdocs\Que\system\CodeIgniter.php(419): CodeIgniter\CodeIgniter->runController(Object(App\Controllers\Users))
#6 C:\xampp\htdocs\Que\system\CodeIgniter.php(326): CodeIgniter\CodeIgniter->handleRequest(NULL, Object(Config\Cache), false)
#7 C:\xampp\htdocs\Que\public\index.php(37): CodeIgniter\CodeIgniter->run()
#8 {main}
CRITICAL - 2022-06-05 23:32:41 --> Call to undefined method App\Models\CompanyModel::getResult
#0 C:\xampp\htdocs\Que\app\Controllers\Users.php(150): CodeIgniter\Model->__call('getResult', Array)
#1 C:\xampp\htdocs\Que\system\CodeIgniter.php(832): App\Controllers\Users->dashboard()
#2 C:\xampp\htdocs\Que\system\CodeIgniter.php(419): CodeIgniter\CodeIgniter->runController(Object(App\Controllers\Users))
#3 C:\xampp\htdocs\Que\system\CodeIgniter.php(326): CodeIgniter\CodeIgniter->handleRequest(NULL, Object(Config\Cache), false)
#4 C:\xampp\htdocs\Que\public\index.php(37): CodeIgniter\CodeIgniter->run()
#5 {main}
CRITICAL - 2022-06-05 23:32:59 --> Object of class CodeIgniter\Database\MySQLi\Connection could not be converted to string
#0 C:\xampp\htdocs\Que\app\Controllers\Users.php(151): App\Models\CompanyModel->getCompanyApp()
#1 C:\xampp\htdocs\Que\system\CodeIgniter.php(832): App\Controllers\Users->dashboard()
#2 C:\xampp\htdocs\Que\system\CodeIgniter.php(419): CodeIgniter\CodeIgniter->runController(Object(App\Controllers\Users))
#3 C:\xampp\htdocs\Que\system\CodeIgniter.php(326): CodeIgniter\CodeIgniter->handleRequest(NULL, Object(Config\Cache), false)
#4 C:\xampp\htdocs\Que\public\index.php(37): CodeIgniter\CodeIgniter->run()
#5 {main}
CRITICAL - 2022-06-05 23:33:00 --> Object of class CodeIgniter\Database\MySQLi\Connection could not be converted to string
#0 C:\xampp\htdocs\Que\app\Controllers\Users.php(151): App\Models\CompanyModel->getCompanyApp()
#1 C:\xampp\htdocs\Que\system\CodeIgniter.php(832): App\Controllers\Users->dashboard()
#2 C:\xampp\htdocs\Que\system\CodeIgniter.php(419): CodeIgniter\CodeIgniter->runController(Object(App\Controllers\Users))
#3 C:\xampp\htdocs\Que\system\CodeIgniter.php(326): CodeIgniter\CodeIgniter->handleRequest(NULL, Object(Config\Cache), false)
#4 C:\xampp\htdocs\Que\public\index.php(37): CodeIgniter\CodeIgniter->run()
#5 {main}
CRITICAL - 2022-06-05 23:34:37 --> Object of class CodeIgniter\Database\MySQLi\Connection could not be converted to string
#0 C:\xampp\htdocs\Que\app\Controllers\Users.php(151): App\Models\CompanyModel->getCompanyApp()
#1 C:\xampp\htdocs\Que\system\CodeIgniter.php(832): App\Controllers\Users->dashboard()
#2 C:\xampp\htdocs\Que\system\CodeIgniter.php(419): CodeIgniter\CodeIgniter->runController(Object(App\Controllers\Users))
#3 C:\xampp\htdocs\Que\system\CodeIgniter.php(326): CodeIgniter\CodeIgniter->handleRequest(NULL, Object(Config\Cache), false)
#4 C:\xampp\htdocs\Que\public\index.php(37): CodeIgniter\CodeIgniter->run()
#5 {main}
CRITICAL - 2022-06-05 23:34:38 --> Object of class CodeIgniter\Database\MySQLi\Connection could not be converted to string
#0 C:\xampp\htdocs\Que\app\Controllers\Users.php(151): App\Models\CompanyModel->getCompanyApp()
#1 C:\xampp\htdocs\Que\system\CodeIgniter.php(832): App\Controllers\Users->dashboard()
#2 C:\xampp\htdocs\Que\system\CodeIgniter.php(419): CodeIgniter\CodeIgniter->runController(Object(App\Controllers\Users))
#3 C:\xampp\htdocs\Que\system\CodeIgniter.php(326): CodeIgniter\CodeIgniter->handleRequest(NULL, Object(Config\Cache), false)
#4 C:\xampp\htdocs\Que\public\index.php(37): CodeIgniter\CodeIgniter->run()
#5 {main}
CRITICAL - 2022-06-05 23:34:38 --> Object of class CodeIgniter\Database\MySQLi\Connection could not be converted to string
#0 C:\xampp\htdocs\Que\app\Controllers\Users.php(151): App\Models\CompanyModel->getCompanyApp()
#1 C:\xampp\htdocs\Que\system\CodeIgniter.php(832): App\Controllers\Users->dashboard()
#2 C:\xampp\htdocs\Que\system\CodeIgniter.php(419): CodeIgniter\CodeIgniter->runController(Object(App\Controllers\Users))
#3 C:\xampp\htdocs\Que\system\CodeIgniter.php(326): CodeIgniter\CodeIgniter->handleRequest(NULL, Object(Config\Cache), false)
#4 C:\xampp\htdocs\Que\public\index.php(37): CodeIgniter\CodeIgniter->run()
#5 {main}
CRITICAL - 2022-06-05 23:35:04 --> Cannot use object of type CodeIgniter\Database\MySQLi\Result as array
#0 C:\xampp\htdocs\Que\system\View\View.php(210): include()
#1 C:\xampp\htdocs\Que\system\View\View.php(213): CodeIgniter\View\View->CodeIgniter\View\{closure}()
#2 C:\xampp\htdocs\Que\system\Common.php(1089): CodeIgniter\View\View->render('user/dashboard', Array, true)
#3 C:\xampp\htdocs\Que\app\Controllers\Users.php(154): view('user/dashboard')
#4 C:\xampp\htdocs\Que\system\CodeIgniter.php(832): App\Controllers\Users->dashboard()
#5 C:\xampp\htdocs\Que\system\CodeIgniter.php(419): CodeIgniter\CodeIgniter->runController(Object(App\Controllers\Users))
#6 C:\xampp\htdocs\Que\system\CodeIgniter.php(326): CodeIgniter\CodeIgniter->handleRequest(NULL, Object(Config\Cache), false)
#7 C:\xampp\htdocs\Que\public\index.php(37): CodeIgniter\CodeIgniter->run()
#8 {main}
CRITICAL - 2022-06-05 23:36:26 --> Cannot use object of type CodeIgniter\Database\MySQLi\Result as array
#0 C:\xampp\htdocs\Que\system\View\View.php(210): include()
#1 C:\xampp\htdocs\Que\system\View\View.php(213): CodeIgniter\View\View->CodeIgniter\View\{closure}()
#2 C:\xampp\htdocs\Que\system\Common.php(1089): CodeIgniter\View\View->render('user/dashboard', Array, true)
#3 C:\xampp\htdocs\Que\app\Controllers\Users.php(154): view('user/dashboard')
#4 C:\xampp\htdocs\Que\system\CodeIgniter.php(832): App\Controllers\Users->dashboard()
#5 C:\xampp\htdocs\Que\system\CodeIgniter.php(419): CodeIgniter\CodeIgniter->runController(Object(App\Controllers\Users))
#6 C:\xampp\htdocs\Que\system\CodeIgniter.php(326): CodeIgniter\CodeIgniter->handleRequest(NULL, Object(Config\Cache), false)
#7 C:\xampp\htdocs\Que\public\index.php(37): CodeIgniter\CodeIgniter->run()
#8 {main}
CRITICAL - 2022-06-05 23:36:27 --> Cannot use object of type CodeIgniter\Database\MySQLi\Result as array
#0 C:\xampp\htdocs\Que\system\View\View.php(210): include()
#1 C:\xampp\htdocs\Que\system\View\View.php(213): CodeIgniter\View\View->CodeIgniter\View\{closure}()
#2 C:\xampp\htdocs\Que\system\Common.php(1089): CodeIgniter\View\View->render('user/dashboard', Array, true)
#3 C:\xampp\htdocs\Que\app\Controllers\Users.php(154): view('user/dashboard')
#4 C:\xampp\htdocs\Que\system\CodeIgniter.php(832): App\Controllers\Users->dashboard()
#5 C:\xampp\htdocs\Que\system\CodeIgniter.php(419): CodeIgniter\CodeIgniter->runController(Object(App\Controllers\Users))
#6 C:\xampp\htdocs\Que\system\CodeIgniter.php(326): CodeIgniter\CodeIgniter->handleRequest(NULL, Object(Config\Cache), false)
#7 C:\xampp\htdocs\Que\public\index.php(37): CodeIgniter\CodeIgniter->run()
#8 {main}
CRITICAL - 2022-06-05 23:37:15 --> Cannot use object of type mysqli as array
#0 C:\xampp\htdocs\Que\system\View\View.php(210): include()
#1 C:\xampp\htdocs\Que\system\View\View.php(213): CodeIgniter\View\View->CodeIgniter\View\{closure}()
#2 C:\xampp\htdocs\Que\system\Common.php(1089): CodeIgniter\View\View->render('user/dashboard', Array, true)
#3 C:\xampp\htdocs\Que\app\Controllers\Users.php(154): view('user/dashboard')
#4 C:\xampp\htdocs\Que\system\CodeIgniter.php(832): App\Controllers\Users->dashboard()
#5 C:\xampp\htdocs\Que\system\CodeIgniter.php(419): CodeIgniter\CodeIgniter->runController(Object(App\Controllers\Users))
#6 C:\xampp\htdocs\Que\system\CodeIgniter.php(326): CodeIgniter\CodeIgniter->handleRequest(NULL, Object(Config\Cache), false)
#7 C:\xampp\htdocs\Que\public\index.php(37): CodeIgniter\CodeIgniter->run()
#8 {main}
CRITICAL - 2022-06-05 23:37:16 --> Cannot use object of type mysqli as array
#0 C:\xampp\htdocs\Que\system\View\View.php(210): include()
#1 C:\xampp\htdocs\Que\system\View\View.php(213): CodeIgniter\View\View->CodeIgniter\View\{closure}()
#2 C:\xampp\htdocs\Que\system\Common.php(1089): CodeIgniter\View\View->render('user/dashboard', Array, true)
#3 C:\xampp\htdocs\Que\app\Controllers\Users.php(154): view('user/dashboard')
#4 C:\xampp\htdocs\Que\system\CodeIgniter.php(832): App\Controllers\Users->dashboard()
#5 C:\xampp\htdocs\Que\system\CodeIgniter.php(419): CodeIgniter\CodeIgniter->runController(Object(App\Controllers\Users))
#6 C:\xampp\htdocs\Que\system\CodeIgniter.php(326): CodeIgniter\CodeIgniter->handleRequest(NULL, Object(Config\Cache), false)
#7 C:\xampp\htdocs\Que\public\index.php(37): CodeIgniter\CodeIgniter->run()
#8 {main}
CRITICAL - 2022-06-05 23:37:16 --> Cannot use object of type mysqli as array
#0 C:\xampp\htdocs\Que\system\View\View.php(210): include()
#1 C:\xampp\htdocs\Que\system\View\View.php(213): CodeIgniter\View\View->CodeIgniter\View\{closure}()
#2 C:\xampp\htdocs\Que\system\Common.php(1089): CodeIgniter\View\View->render('user/dashboard', Array, true)
#3 C:\xampp\htdocs\Que\app\Controllers\Users.php(154): view('user/dashboard')
#4 C:\xampp\htdocs\Que\system\CodeIgniter.php(832): App\Controllers\Users->dashboard()
#5 C:\xampp\htdocs\Que\system\CodeIgniter.php(419): CodeIgniter\CodeIgniter->runController(Object(App\Controllers\Users))
#6 C:\xampp\htdocs\Que\system\CodeIgniter.php(326): CodeIgniter\CodeIgniter->handleRequest(NULL, Object(Config\Cache), false)
#7 C:\xampp\htdocs\Que\public\index.php(37): CodeIgniter\CodeIgniter->run()
#8 {main}
CRITICAL - 2022-06-05 23:38:13 --> Cannot use object of type stdClass as array
#0 C:\xampp\htdocs\Que\system\View\View.php(210): include()
#1 C:\xampp\htdocs\Que\system\View\View.php(213): CodeIgniter\View\View->CodeIgniter\View\{closure}()
#2 C:\xampp\htdocs\Que\system\Common.php(1089): CodeIgniter\View\View->render('user/dashboard', Array, true)
#3 C:\xampp\htdocs\Que\app\Controllers\Users.php(154): view('user/dashboard')
#4 C:\xampp\htdocs\Que\system\CodeIgniter.php(832): App\Controllers\Users->dashboard()
#5 C:\xampp\htdocs\Que\system\CodeIgniter.php(419): CodeIgniter\CodeIgniter->runController(Object(App\Controllers\Users))
#6 C:\xampp\htdocs\Que\system\CodeIgniter.php(326): CodeIgniter\CodeIgniter->handleRequest(NULL, Object(Config\Cache), false)
#7 C:\xampp\htdocs\Que\public\index.php(37): CodeIgniter\CodeIgniter->run()
#8 {main}
CRITICAL - 2022-06-05 23:38:14 --> Cannot use object of type stdClass as array
#0 C:\xampp\htdocs\Que\system\View\View.php(210): include()
#1 C:\xampp\htdocs\Que\system\View\View.php(213): CodeIgniter\View\View->CodeIgniter\View\{closure}()
#2 C:\xampp\htdocs\Que\system\Common.php(1089): CodeIgniter\View\View->render('user/dashboard', Array, true)
#3 C:\xampp\htdocs\Que\app\Controllers\Users.php(154): view('user/dashboard')
#4 C:\xampp\htdocs\Que\system\CodeIgniter.php(832): App\Controllers\Users->dashboard()
#5 C:\xampp\htdocs\Que\system\CodeIgniter.php(419): CodeIgniter\CodeIgniter->runController(Object(App\Controllers\Users))
#6 C:\xampp\htdocs\Que\system\CodeIgniter.php(326): CodeIgniter\CodeIgniter->handleRequest(NULL, Object(Config\Cache), false)
#7 C:\xampp\htdocs\Que\public\index.php(37): CodeIgniter\CodeIgniter->run()
#8 {main}
CRITICAL - 2022-06-05 23:38:38 --> Cannot use object of type stdClass as array
#0 C:\xampp\htdocs\Que\system\View\View.php(210): include()
#1 C:\xampp\htdocs\Que\system\View\View.php(213): CodeIgniter\View\View->CodeIgniter\View\{closure}()
#2 C:\xampp\htdocs\Que\system\Common.php(1089): CodeIgniter\View\View->render('user/dashboard', Array, true)
#3 C:\xampp\htdocs\Que\app\Controllers\Users.php(154): view('user/dashboard')
#4 C:\xampp\htdocs\Que\system\CodeIgniter.php(832): App\Controllers\Users->dashboard()
#5 C:\xampp\htdocs\Que\system\CodeIgniter.php(419): CodeIgniter\CodeIgniter->runController(Object(App\Controllers\Users))
#6 C:\xampp\htdocs\Que\system\CodeIgniter.php(326): CodeIgniter\CodeIgniter->handleRequest(NULL, Object(Config\Cache), false)
#7 C:\xampp\htdocs\Que\public\index.php(37): CodeIgniter\CodeIgniter->run()
#8 {main}
CRITICAL - 2022-06-05 23:38:38 --> Cannot use object of type stdClass as array
#0 C:\xampp\htdocs\Que\system\View\View.php(210): include()
#1 C:\xampp\htdocs\Que\system\View\View.php(213): CodeIgniter\View\View->CodeIgniter\View\{closure}()
#2 C:\xampp\htdocs\Que\system\Common.php(1089): CodeIgniter\View\View->render('user/dashboard', Array, true)
#3 C:\xampp\htdocs\Que\app\Controllers\Users.php(154): view('user/dashboard')
#4 C:\xampp\htdocs\Que\system\CodeIgniter.php(832): App\Controllers\Users->dashboard()
#5 C:\xampp\htdocs\Que\system\CodeIgniter.php(419): CodeIgniter\CodeIgniter->runController(Object(App\Controllers\Users))
#6 C:\xampp\htdocs\Que\system\CodeIgniter.php(326): CodeIgniter\CodeIgniter->handleRequest(NULL, Object(Config\Cache), false)
#7 C:\xampp\htdocs\Que\public\index.php(37): CodeIgniter\CodeIgniter->run()
#8 {main}
CRITICAL - 2022-06-05 23:38:39 --> Cannot use object of type stdClass as array
#0 C:\xampp\htdocs\Que\system\View\View.php(210): include()
#1 C:\xampp\htdocs\Que\system\View\View.php(213): CodeIgniter\View\View->CodeIgniter\View\{closure}()
#2 C:\xampp\htdocs\Que\system\Common.php(1089): CodeIgniter\View\View->render('user/dashboard', Array, true)
#3 C:\xampp\htdocs\Que\app\Controllers\Users.php(154): view('user/dashboard')
#4 C:\xampp\htdocs\Que\system\CodeIgniter.php(832): App\Controllers\Users->dashboard()
#5 C:\xampp\htdocs\Que\system\CodeIgniter.php(419): CodeIgniter\CodeIgniter->runController(Object(App\Controllers\Users))
#6 C:\xampp\htdocs\Que\system\CodeIgniter.php(326): CodeIgniter\CodeIgniter->handleRequest(NULL, Object(Config\Cache), false)
#7 C:\xampp\htdocs\Que\public\index.php(37): CodeIgniter\CodeIgniter->run()
#8 {main}
CRITICAL - 2022-06-05 23:39:41 --> Cannot use object of type stdClass as array
#0 C:\xampp\htdocs\Que\system\View\View.php(210): include()
#1 C:\xampp\htdocs\Que\system\View\View.php(213): CodeIgniter\View\View->CodeIgniter\View\{closure}()
#2 C:\xampp\htdocs\Que\system\Common.php(1089): CodeIgniter\View\View->render('user/dashboard', Array, true)
#3 C:\xampp\htdocs\Que\app\Controllers\Users.php(154): view('user/dashboard')
#4 C:\xampp\htdocs\Que\system\CodeIgniter.php(832): App\Controllers\Users->dashboard()
#5 C:\xampp\htdocs\Que\system\CodeIgniter.php(419): CodeIgniter\CodeIgniter->runController(Object(App\Controllers\Users))
#6 C:\xampp\htdocs\Que\system\CodeIgniter.php(326): CodeIgniter\CodeIgniter->handleRequest(NULL, Object(Config\Cache), false)
#7 C:\xampp\htdocs\Que\public\index.php(37): CodeIgniter\CodeIgniter->run()
#8 {main}
CRITICAL - 2022-06-05 23:40:28 --> ucfirst() expects parameter 1 to be string, object given
#0 [internal function]: CodeIgniter\Debug\Exceptions->errorHandler(2, 'ucfirst() expec...', 'C:\\xampp\\htdocs...', 26, Array)
#1 C:\xampp\htdocs\Que\app\Views\user\dashboard.php(26): ucfirst(Object(stdClass))
#2 C:\xampp\htdocs\Que\system\View\View.php(210): include('C:\\xampp\\htdocs...')
#3 C:\xampp\htdocs\Que\system\View\View.php(213): CodeIgniter\View\View->CodeIgniter\View\{closure}()
#4 C:\xampp\htdocs\Que\system\Common.php(1089): CodeIgniter\View\View->render('user/dashboard', Array, true)
#5 C:\xampp\htdocs\Que\app\Controllers\Users.php(154): view('user/dashboard')
#6 C:\xampp\htdocs\Que\system\CodeIgniter.php(832): App\Controllers\Users->dashboard()
#7 C:\xampp\htdocs\Que\system\CodeIgniter.php(419): CodeIgniter\CodeIgniter->runController(Object(App\Controllers\Users))
#8 C:\xampp\htdocs\Que\system\CodeIgniter.php(326): CodeIgniter\CodeIgniter->handleRequest(NULL, Object(Config\Cache), false)
#9 C:\xampp\htdocs\Que\public\index.php(37): CodeIgniter\CodeIgniter->run()
#10 {main}
CRITICAL - 2022-06-05 23:40:40 --> Object of class stdClass could not be converted to string
#0 C:\xampp\htdocs\Que\system\View\View.php(210): include()
#1 C:\xampp\htdocs\Que\system\View\View.php(213): CodeIgniter\View\View->CodeIgniter\View\{closure}()
#2 C:\xampp\htdocs\Que\system\Common.php(1089): CodeIgniter\View\View->render('user/dashboard', Array, true)
#3 C:\xampp\htdocs\Que\app\Controllers\Users.php(154): view('user/dashboard')
#4 C:\xampp\htdocs\Que\system\CodeIgniter.php(832): App\Controllers\Users->dashboard()
#5 C:\xampp\htdocs\Que\system\CodeIgniter.php(419): CodeIgniter\CodeIgniter->runController(Object(App\Controllers\Users))
#6 C:\xampp\htdocs\Que\system\CodeIgniter.php(326): CodeIgniter\CodeIgniter->handleRequest(NULL, Object(Config\Cache), false)
#7 C:\xampp\htdocs\Que\public\index.php(37): CodeIgniter\CodeIgniter->run()
#8 {main}
CRITICAL - 2022-06-05 23:40:58 --> syntax error, unexpected 'echo' (T_ECHO)
#0 C:\xampp\htdocs\Que\system\View\View.php(213): CodeIgniter\View\View->CodeIgniter\View\{closure}()
#1 C:\xampp\htdocs\Que\system\Common.php(1089): CodeIgniter\View\View->render('user/dashboard', Array, true)
#2 C:\xampp\htdocs\Que\app\Controllers\Users.php(154): view('user/dashboard')
#3 C:\xampp\htdocs\Que\system\CodeIgniter.php(832): App\Controllers\Users->dashboard()
#4 C:\xampp\htdocs\Que\system\CodeIgniter.php(419): CodeIgniter\CodeIgniter->runController(Object(App\Controllers\Users))
#5 C:\xampp\htdocs\Que\system\CodeIgniter.php(326): CodeIgniter\CodeIgniter->handleRequest(NULL, Object(Config\Cache), false)
#6 C:\xampp\htdocs\Que\public\index.php(37): CodeIgniter\CodeIgniter->run()
#7 {main}
CRITICAL - 2022-06-05 23:41:05 --> Cannot use object of type stdClass as array
#0 C:\xampp\htdocs\Que\system\View\View.php(210): include()
#1 C:\xampp\htdocs\Que\system\View\View.php(213): CodeIgniter\View\View->CodeIgniter\View\{closure}()
#2 C:\xampp\htdocs\Que\system\Common.php(1089): CodeIgniter\View\View->render('user/dashboard', Array, true)
#3 C:\xampp\htdocs\Que\app\Controllers\Users.php(154): view('user/dashboard')
#4 C:\xampp\htdocs\Que\system\CodeIgniter.php(832): App\Controllers\Users->dashboard()
#5 C:\xampp\htdocs\Que\system\CodeIgniter.php(419): CodeIgniter\CodeIgniter->runController(Object(App\Controllers\Users))
#6 C:\xampp\htdocs\Que\system\CodeIgniter.php(326): CodeIgniter\CodeIgniter->handleRequest(NULL, Object(Config\Cache), false)
#7 C:\xampp\htdocs\Que\public\index.php(37): CodeIgniter\CodeIgniter->run()
#8 {main}
CRITICAL - 2022-06-05 23:43:06 --> There is no data to insert.
#0 C:\xampp\htdocs\Que\system\BaseModel.php(718): CodeIgniter\Database\Exceptions\DataException::forEmptyDataset('insert')
#1 C:\xampp\htdocs\Que\system\Model.php(625): CodeIgniter\BaseModel->insert(Array, false)
#2 C:\xampp\htdocs\Que\system\BaseModel.php(658): CodeIgniter\Model->insert(Array, false)
#3 C:\xampp\htdocs\Que\app\Controllers\Company.php(88): CodeIgniter\BaseModel->save(Array)
#4 C:\xampp\htdocs\Que\system\CodeIgniter.php(832): App\Controllers\Company->acceptCompany('9')
#5 C:\xampp\htdocs\Que\system\CodeIgniter.php(419): CodeIgniter\CodeIgniter->runController(Object(App\Controllers\Company))
#6 C:\xampp\htdocs\Que\system\CodeIgniter.php(326): CodeIgniter\CodeIgniter->handleRequest(NULL, Object(Config\Cache), false)
#7 C:\xampp\htdocs\Que\public\index.php(37): CodeIgniter\CodeIgniter->run()
#8 {main}
