CRITICAL - 2022-06-15 11:38:22 --> Undefined variable: companyDetail
#0 C:\xampp\htdocs\Que\app\Views\service\viewService.php(37): CodeIgniter\Debug\Exceptions->errorHandler(8, 'Undefined varia...', 'C:\\xampp\\htdocs...', 37, Array)
#1 C:\xampp\htdocs\Que\system\View\View.php(210): include('C:\\xampp\\htdocs...')
#2 C:\xampp\htdocs\Que\system\View\View.php(213): CodeIgniter\View\View->CodeIgniter\View\{closure}()
#3 C:\xampp\htdocs\Que\system\Common.php(1089): CodeIgniter\View\View->render('service/viewSer...', Array, true)
#4 C:\xampp\htdocs\Que\app\Controllers\Service.php(18): view('service/viewSer...')
#5 C:\xampp\htdocs\Que\system\CodeIgniter.php(832): App\Controllers\Service->viewService('1')
#6 C:\xampp\htdocs\Que\system\CodeIgniter.php(419): CodeIgniter\CodeIgniter->runController(Object(App\Controllers\Service))
#7 C:\xampp\htdocs\Que\system\CodeIgniter.php(326): CodeIgniter\CodeIgniter->handleRequest(NULL, Object(Config\Cache), false)
#8 C:\xampp\htdocs\Que\public\index.php(37): CodeIgniter\CodeIgniter->run()
#9 {main}
CRITICAL - 2022-06-15 13:39:50 --> Class 'app\Controllers\BaseController' not found
#0 C:\xampp\htdocs\Que\system\Router\Router.php(518): include_once()
#1 C:\xampp\htdocs\Que\system\Router\Router.php(175): CodeIgniter\Router\Router->autoRoute('schedule/addSch...')
#2 C:\xampp\htdocs\Que\system\CodeIgniter.php(726): CodeIgniter\Router\Router->handle('schedule/addSch...')
#3 C:\xampp\htdocs\Que\system\CodeIgniter.php(368): CodeIgniter\CodeIgniter->tryToRouteIt(Object(CodeIgniter\Router\RouteCollection))
#4 C:\xampp\htdocs\Que\system\CodeIgniter.php(326): CodeIgniter\CodeIgniter->handleRequest(NULL, Object(Config\Cache), false)
#5 C:\xampp\htdocs\Que\public\index.php(37): CodeIgniter\CodeIgniter->run()
#6 {main}
CRITICAL - 2022-06-15 13:40:54 --> Undefined variable: company
#0 C:\xampp\htdocs\Que\app\Views\schedule\addSchedule.php(1): CodeIgniter\Debug\Exceptions->errorHandler(8, 'Undefined varia...', 'C:\\xampp\\htdocs...', 1, Array)
#1 C:\xampp\htdocs\Que\system\View\View.php(210): include('C:\\xampp\\htdocs...')
#2 C:\xampp\htdocs\Que\system\View\View.php(213): CodeIgniter\View\View->CodeIgniter\View\{closure}()
#3 C:\xampp\htdocs\Que\system\Common.php(1089): CodeIgniter\View\View->render('schedule/addSch...', Array, true)
#4 C:\xampp\htdocs\Que\app\Controllers\Schedule.php(20): view('schedule/addSch...')
#5 C:\xampp\htdocs\Que\system\CodeIgniter.php(832): app\Controllers\Schedule->addSchedule()
#6 C:\xampp\htdocs\Que\system\CodeIgniter.php(419): CodeIgniter\CodeIgniter->runController(Object(app\Controllers\Schedule))
#7 C:\xampp\htdocs\Que\system\CodeIgniter.php(326): CodeIgniter\CodeIgniter->handleRequest(NULL, Object(Config\Cache), false)
#8 C:\xampp\htdocs\Que\public\index.php(37): CodeIgniter\CodeIgniter->run()
#9 {main}
CRITICAL - 2022-06-15 13:41:04 --> Call to undefined function set_value()
#0 C:\xampp\htdocs\Que\system\View\View.php(210): include()
#1 C:\xampp\htdocs\Que\system\View\View.php(213): CodeIgniter\View\View->CodeIgniter\View\{closure}()
#2 C:\xampp\htdocs\Que\system\Common.php(1089): CodeIgniter\View\View->render('schedule/addSch...', Array, true)
#3 C:\xampp\htdocs\Que\app\Controllers\Schedule.php(20): view('schedule/addSch...')
#4 C:\xampp\htdocs\Que\system\CodeIgniter.php(832): app\Controllers\Schedule->addSchedule()
#5 C:\xampp\htdocs\Que\system\CodeIgniter.php(419): CodeIgniter\CodeIgniter->runController(Object(app\Controllers\Schedule))
#6 C:\xampp\htdocs\Que\system\CodeIgniter.php(326): CodeIgniter\CodeIgniter->handleRequest(NULL, Object(Config\Cache), false)
#7 C:\xampp\htdocs\Que\public\index.php(37): CodeIgniter\CodeIgniter->run()
#8 {main}
CRITICAL - 2022-06-15 13:41:24 --> Undefined variable: company
#0 C:\xampp\htdocs\Que\app\Views\schedule\addSchedule.php(10): CodeIgniter\Debug\Exceptions->errorHandler(8, 'Undefined varia...', 'C:\\xampp\\htdocs...', 10, Array)
#1 C:\xampp\htdocs\Que\system\View\View.php(210): include('C:\\xampp\\htdocs...')
#2 C:\xampp\htdocs\Que\system\View\View.php(213): CodeIgniter\View\View->CodeIgniter\View\{closure}()
#3 C:\xampp\htdocs\Que\system\Common.php(1089): CodeIgniter\View\View->render('schedule/addSch...', Array, true)
#4 C:\xampp\htdocs\Que\app\Controllers\Schedule.php(20): view('schedule/addSch...')
#5 C:\xampp\htdocs\Que\system\CodeIgniter.php(832): app\Controllers\Schedule->addSchedule()
#6 C:\xampp\htdocs\Que\system\CodeIgniter.php(419): CodeIgniter\CodeIgniter->runController(Object(app\Controllers\Schedule))
#7 C:\xampp\htdocs\Que\system\CodeIgniter.php(326): CodeIgniter\CodeIgniter->handleRequest(NULL, Object(Config\Cache), false)
#8 C:\xampp\htdocs\Que\public\index.php(37): CodeIgniter\CodeIgniter->run()
#9 {main}
