CRITICAL - 2022-05-30 03:20:29 --> Call to undefined function form_open()
#0 C:\xampp\htdocs\Que\system\View\View.php(210): include()
#1 C:\xampp\htdocs\Que\system\View\View.php(213): CodeIgniter\View\View->CodeIgniter\View\{closure}()
#2 C:\xampp\htdocs\Que\system\Common.php(1089): CodeIgniter\View\View->render('user/login', Array, true)
#3 C:\xampp\htdocs\Que\app\Controllers\Users.php(12): view('user/login', Array)
#4 C:\xampp\htdocs\Que\system\CodeIgniter.php(832): App\Controllers\Users->login()
#5 C:\xampp\htdocs\Que\system\CodeIgniter.php(419): CodeIgniter\CodeIgniter->runController(Object(App\Controllers\Users))
#6 C:\xampp\htdocs\Que\system\CodeIgniter.php(326): CodeIgniter\CodeIgniter->handleRequest(NULL, Object(Config\Cache), false)
#7 C:\xampp\htdocs\Que\public\index.php(37): CodeIgniter\CodeIgniter->run()
#8 {main}
CRITICAL - 2022-05-30 07:38:36 --> Use of undefined constant users - assumed 'users' (this will throw an Error in a future version of PHP)
#0 C:\xampp\htdocs\Que\app\Views\template\header.php(32): CodeIgniter\Debug\Exceptions->errorHandler(2, 'Use of undefine...', 'C:\\xampp\\htdocs...', 32, Array)
#1 C:\xampp\htdocs\Que\system\View\View.php(210): include('C:\\xampp\\htdocs...')
#2 C:\xampp\htdocs\Que\system\View\View.php(213): CodeIgniter\View\View->CodeIgniter\View\{closure}()
#3 C:\xampp\htdocs\Que\system\Common.php(1089): CodeIgniter\View\View->render('template/header', Array, true)
#4 C:\xampp\htdocs\Que\app\Controllers\Pages.php(9): view('template/header')
#5 C:\xampp\htdocs\Que\system\CodeIgniter.php(832): App\Controllers\Pages->index()
#6 C:\xampp\htdocs\Que\system\CodeIgniter.php(419): CodeIgniter\CodeIgniter->runController(Object(App\Controllers\Pages))
#7 C:\xampp\htdocs\Que\system\CodeIgniter.php(326): CodeIgniter\CodeIgniter->handleRequest(NULL, Object(Config\Cache), false)
#8 C:\xampp\htdocs\Que\public\index.php(37): CodeIgniter\CodeIgniter->run()
#9 {main}
CRITICAL - 2022-05-30 11:49:42 --> Use of undefined constant Error - assumed 'Error' (this will throw an Error in a future version of PHP)
#0 C:\xampp\htdocs\Que\app\Controllers\Users.php(27): CodeIgniter\Debug\Exceptions->errorHandler(2, 'Use of undefine...', 'C:\\xampp\\htdocs...', 27, Array)
#1 C:\xampp\htdocs\Que\system\CodeIgniter.php(832): App\Controllers\Users->register()
#2 C:\xampp\htdocs\Que\system\CodeIgniter.php(419): CodeIgniter\CodeIgniter->runController(Object(App\Controllers\Users))
#3 C:\xampp\htdocs\Que\system\CodeIgniter.php(326): CodeIgniter\CodeIgniter->handleRequest(NULL, Object(Config\Cache), false)
#4 C:\xampp\htdocs\Que\public\index.php(37): CodeIgniter\CodeIgniter->run()
#5 {main}
